{"Event":{"@xmlns":"http://schemas.microsoft.com/win/2004/08/events/event","System":{"Channel":"Setup","Computer":"STOVEG-PC","Correlation":{"@ActivityID":"","@RelatedActivityID":""},"EventID":{"#text":"2","@Qualifiers":""},"EventRecordID":"240","Execution":{"@ProcessID":"1036","@ThreadID":"1220"},"Keywords":"0x8000000000000000","Level":"0","Opcode":"0","Provider":{"@Guid":"{bd12f3b8-fc40-4a61-a307-b7a013a069c1}","@Name":"Microsoft-Windows-Servicing"},"Security":{"@UserID":"S-1-5-18"},"Task":"0","TimeCreated":{"@SystemTime":"2016-03-05 16:33:04.824560"},"Version":"0"},"UserData":{"CbsPackageChangeState":{"@xmlns":"http://manifests.microsoft.com/win/2004/08/windows/setup_provider","Client":"WindowsUpdateAgent","ErrorCode":"0x0","IntendedPackageState":"Installed","PackageIdentifier":"KB2868725"}}}}
{"Event":{"@xmlns":"http://schemas.microsoft.com/win/2004/08/events/event","System":{"Channel":"Setup","Computer":"STOVEG-PC","Correlation":{"@ActivityID":"","@RelatedActivityID":""},"EventID":{"#text":"2","@Qualifiers":""},"EventRecordID":"241","Execution":{"@ProcessID":"1036","@ThreadID":"1220"},"Keywords":"0x8000000000000000","Level":"0","Opcode":"0","Provider":{"@Guid":"{bd12f3b8-fc40-4a61-a307-b7a013a069c1}","@Name":"Microsoft-Windows-Servicing"},"Security":{"@UserID":"S-1-5-18"},"Task":"0","TimeCreated":{"@SystemTime":"2016-03-05 16:33:04.840158"},"Version":"0"},"UserData":{"CbsPackageChangeState":{"@xmlns":"http://manifests.microsoft.com/win/2004/08/windows/setup_provider","Client":"WindowsUpdateAgent","ErrorCode":"0x0","IntendedPackageState":"Installed","PackageIdentifier":"KB2876331"}}}}
{"Event":{"@xmlns":"http://schemas.microsoft.com/win/2004/08/events/event","System":{"Channel":"Setup","Computer":"STOVEG-PC","Correlation":{"@ActivityID":"","@RelatedActivityID":""},"EventID":{"#text":"2","@Qualifiers":""},"EventRecordID":"242","Execution":{"@ProcessID":"1036","@ThreadID":"1220"},"Keywords":"0x8000000000000000","Level":"0","Opcode":"0","Provider":{"@Guid":"{bd12f3b8-fc40-4a61-a307-b7a013a069c1}","@Name":"Microsoft-Windows-Servicing"},"Security":{"@UserID":"S-1-5-18"},"Task":"0","TimeCreated":{"@SystemTime":"2016-03-05 16:33:04.840158"},"Version":"0"},"UserData":{"CbsPackageChangeState":{"@xmlns":"http://manifests.microsoft.com/win/2004/08/windows/setup_provider","Client":"WindowsUpdateAgent","ErrorCode":"0x0","IntendedPackageState":"Installed","PackageIdentifier":"KB2900986"}}}}
{"Event":{"@xmlns":"http://schemas.microsoft.com/win/2004/08/events/event","System":{"Channel":"Setup","Computer":"STOVEG-PC","Correlation":{"@ActivityID":"","@RelatedActivityID":""},"EventID":{"#text":"2","@Qualifiers":""},"EventRecordID":"243","Execution":{"@ProcessID":"1036","@ThreadID":"1220"},"Keywords":"0x8000000000000000","Level":"0","Opcode":"0","Provider":{"@Guid":"{bd12f3b8-fc40-4a61-a307-b7a013a069c1}","@Name":"Microsoft-Windows-Servicing"},"Security":{"@UserID":"S-1-5-18"},"Task":"0","TimeCreated":{"@SystemTime":"2016-03-05 16:33:04.855759"},"Version":"0"},"UserData":{"CbsPackageChangeState":{"@xmlns":"http://manifests.microsoft.com/win/2004/08/windows/setup_provider","Client":"WindowsUpdateAgent","ErrorCode":"0x0","IntendedPackageState":"Installed","PackageIdentifier":"KB2887069"}}}}
{"Event":{"@xmlns":"http://schemas.microsoft.com/win/2004/08/events/event","System":{"Channel":"Setup","Computer":"STOVEG-PC","Correlation":{"@ActivityID":"","@RelatedActivityID":""},"EventID":{"#text":"2","@Qualifiers":""},"EventRecordID":"244","Execution":{"@ProcessID":"1036","@ThreadID":"1220"},"Keywords":"0x8000000000000000","Level":"0","Opcode":"0","Provider":{"@Guid":"{bd12f3b8-fc40-4a61-a307-b7a013a069c1}","@Name":"Microsoft-Windows-Servicing"},"Security":{"@UserID":"S-1-5-18"},"Task":"0","TimeCreated":{"@SystemTime":"2016-03-05 16:33:04.855759"},"Version":"0"},"UserData":{"CbsPackageChangeState":{"@xmlns":"http://manifests.microsoft.com/win/2004/08/windows/setup_provider","Client":"WindowsUpdateAgent","ErrorCode":"0x0","IntendedPackageState":"Installed","PackageIdentifier":"KB2892074"}}}}
{"Event":{"@xmlns":"http://schemas.microsoft.com/win/2004/08/events/event","System":{"Channel":"Setup","Computer":"STOVEG-PC","Correlation":{"@ActivityID":"","@RelatedActivityID":""},"EventID":{"#text":"2","@Qualifiers":""},"EventRecordID":"245","Execution":{"@ProcessID":"1036","@ThreadID":"1220"},"Keywords":"0x8000000000000000","Level":"0","Opcode":"0","Provider":{"@Guid":"{bd12f3b8-fc40-4a61-a307-b7a013a069c1}","@Name":"Microsoft-Windows-Servicing"},"Security":{"@UserID":"S-1-5-18"},"Task":"0","TimeCreated":{"@SystemTime":"2016-03-05 16:33:04.871359"},"Version":"0"},"UserData":{"CbsPackageChangeState":{"@xmlns":"http://manifests.microsoft.com/win/2004/08/windows/setup_provider","Client":"WindowsUpdateAgent","ErrorCode":"0x0","IntendedPackageState":"Installed","PackageIdentifier":"KB2893294"}}}}
{"Event":{"@xmlns":"http://schemas.microsoft.com/win/2004/08/events/event","System":{"Channel":"Setup","Computer":"STOVEG-PC","Correlation":{"@ActivityID":"","@RelatedActivityID":""},"EventID":{"#text":"2","@Qualifiers":""},"EventRecordID":"246","Execution":{"@ProcessID":"1036","@ThreadID":"1220"},"Keywords":"0x8000000000000000","Level":"0","Opcode":"0","Provider":{"@Guid":"{bd12f3b8-fc40-4a61-a307-b7a013a069c1}","@Name":"Microsoft-Windows-Servicing"},"Security":{"@UserID":"S-1-5-18"},"Task":"0","TimeCreated":{"@SystemTime":"2016-03-05 16:33:04.871359"},"Version":"0"},"UserData":{"CbsPackageChangeState":{"@xmlns":"http://manifests.microsoft.com/win/2004/08/windows/setup_provider","Client":"WindowsUpdateAgent","ErrorCode":"0x0","IntendedPackageState":"Installed","PackageIdentifier":"KB2894844"}}}}
{"Event":{"@xmlns":"http://schemas.microsoft.com/win/2004/08/events/event","System":{"Channel":"Setup","Computer":"STOVEG-PC","Correlation":{"@ActivityID":"","@RelatedActivityID":""},"EventID":{"#text":"2","@Qualifiers":""},"EventRecordID":"247","Execution":{"@ProcessID":"1036","@ThreadID":"1220"},"Keywords":"0x8000000000000000","Level":"0","Opcode":"0","Provider":{"@Guid":"{bd12f3b8-fc40-4a61-a307-b7a013a069c1}","@Name":"Microsoft-Windows-Servicing"},"Security":{"@UserID":"S-1-5-18"},"Task":"0","TimeCreated":{"@SystemTime":"2016-03-05 16:33:04.886959"},"Version":"0"},"UserData":{"CbsPackageChangeState":{"@xmlns":"http://manifests.microsoft.com/win/2004/08/windows/setup_provider","Client":"WindowsUpdateAgent","ErrorCode":"0x0","IntendedPackageState":"Installed","PackageIdentifier":"KB2911501"}}}}
{"Event":{"@xmlns":"http://schemas.microsoft.com/win/2004/08/events/event","System":{"Channel":"Setup","Computer":"STOVEG-PC","Correlation":{"@ActivityID":"","@RelatedActivityID":""},"EventID":{"#text":"2","@Qualifiers":""},"EventRecordID":"248","Execution":{"@ProcessID":"1036","@ThreadID":"1220"},"Keywords":"0x8000000000000000","Level":"0","Opcode":"0","Provider":{"@Guid":"{bd12f3b8-fc40-4a61-a307-b7a013a069c1}","@Name":"Microsoft-Windows-Servicing"},"Security":{"@UserID":"S-1-5-18"},"Task":"0","TimeCreated":{"@SystemTime":"2016-03-05 16:33:04.886959"},"Version":"0"},"UserData":{"CbsPackageChangeState":{"@xmlns":"http://manifests.microsoft.com/win/2004/08/windows/setup_provider","Client":"WindowsUpdateAgent","ErrorCode":"0x0","IntendedPackageState":"Installed","PackageIdentifier":"KB2685811"}}}}
{"Event":{"@xmlns":"http://schemas.microsoft.com/win/2004/08/events/event","System":{"Channel":"Setup","Computer":"STOVEG-PC","Correlation":{"@ActivityID":"","@RelatedActivityID":""},"EventID":{"#text":"2","@Qualifiers":""},"EventRecordID":"249","Execution":{"@ProcessID":"1036","@ThreadID":"1220"},"Keywords":"0x8000000000000000","Level":"0","Opcode":"0","Provider":{"@Guid":"{bd12f3b8-fc40-4a61-a307-b7a013a069c1}","@Name":"Microsoft-Windows-Servicing"},"Security":{"@UserID":"S-1-5-18"},"Task":"0","TimeCreated":{"@SystemTime":"2016-03-05 16:33:04.902559"},"Version":"0"},"UserData":{"CbsPackageChangeState":{"@xmlns":"http://manifests.microsoft.com/win/2004/08/windows/setup_provider","Client":"WindowsUpdateAgent","ErrorCode":"0x0","IntendedPackageState":"Installed","PackageIdentifier":"KB2871997"}}}}
{"Event":{"@xmlns":"http://schemas.microsoft.com/win/2004/08/events/event","System":{"Channel":"Setup","Computer":"STOVEG-PC","Correlation":{"@ActivityID":"","@RelatedActivityID":""},"EventID":{"#text":"2","@Qualifiers":""},"EventRecordID":"250","Execution":{"@ProcessID":"1036","@ThreadID":"1220"},"Keywords":"0x8000000000000000","Level":"0","Opcode":"0","Provider":{"@Guid":"{bd12f3b8-fc40-4a61-a307-b7a013a069c1}","@Name":"Microsoft-Windows-Servicing"},"Security":{"@UserID":"S-1-5-18"},"Task":"0","TimeCreated":{"@SystemTime":"2016-03-05 16:33:04.902559"},"Version":"0"},"UserData":{"CbsPackageChangeState":{"@xmlns":"http://manifests.microsoft.com/win/2004/08/windows/setup_provider","Client":"WindowsUpdateAgent","ErrorCode":"0x0","IntendedPackageState":"Installed","PackageIdentifier":"KB2931356"}}}}
{"Event":{"@xmlns":"http://schemas.microsoft.com/win/2004/08/events/event","System":{"Channel":"Setup","Computer":"STOVEG-PC","Correlation":{"@ActivityID":"","@RelatedActivityID":""},"EventID":{"#text":"2","@Qualifiers":""},"EventRecordID":"251","Execution":{"@ProcessID":"1036","@ThreadID":"1220"},"Keywords":"0x8000000000000000","Level":"0","Opcode":"0","Provider":{"@Guid":"{bd12f3b8-fc40-4a61-a307-b7a013a069c1}","@Name":"Microsoft-Windows-Servicing"},"Security":{"@UserID":"S-1-5-18"},"Task":"0","TimeCreated":{"@SystemTime":"2016-03-05 16:33:04.918159"},"Version":"0"},"UserData":{"CbsPackageChangeState":{"@xmlns":"http://manifests.microsoft.com/win/2004/08/windows/setup_provider","Client":"WindowsUpdateAgent","ErrorCode":"0x0","IntendedPackageState":"Installed","PackageIdentifier":"KB2957189"}}}}
{"Event":{"@xmlns":"http://schemas.microsoft.com/win/2004/08/events/event","System":{"Channel":"Setup","Computer":"STOVEG-PC","Correlation":{"@ActivityID":"","@RelatedActivityID":""},"EventID":{"#text":"2","@Qualifiers":""},"EventRecordID":"252","Execution":{"@ProcessID":"1036","@ThreadID":"1220"},"Keywords":"0x8000000000000000","Level":"0","Opcode":"0","Provider":{"@Guid":"{bd12f3b8-fc40-4a61-a307-b7a013a069c1}","@Name":"Microsoft-Windows-Servicing"},"Security":{"@UserID":"S-1-5-18"},"Task":"0","TimeCreated":{"@SystemTime":"2016-03-05 16:33:04.933760"},"Version":"0"},"UserData":{"CbsPackageChangeState":{"@xmlns":"http://manifests.microsoft.com/win/2004/08/windows/setup_provider","Client":"WindowsUpdateAgent","ErrorCode":"0x0","IntendedPackageState":"Installed","PackageIdentifier":"KB2957503"}}}}
{"Event":{"@xmlns":"http://schemas.microsoft.com/win/2004/08/events/event","System":{"Channel":"Setup","Computer":"STOVEG-PC","Correlation":{"@ActivityID":"","@RelatedActivityID":""},"EventID":{"#text":"2","@Qualifiers":""},"EventRecordID":"253","Execution":{"@ProcessID":"1036","@ThreadID":"1220"},"Keywords":"0x8000000000000000","Level":"0","Opcode":"0","Provider":{"@Guid":"{bd12f3b8-fc40-4a61-a307-b7a013a069c1}","@Name":"Microsoft-Windows-Servicing"},"Security":{"@UserID":"S-1-5-18"},"Task":"0","TimeCreated":{"@SystemTime":"2016-03-05 16:33:04.933760"},"Version":"0"},"UserData":{"CbsPackageChangeState":{"@xmlns":"http://manifests.microsoft.com/win/2004/08/windows/setup_provider","Client":"WindowsUpdateAgent","ErrorCode":"0x0","IntendedPackageState":"Installed","PackageIdentifier":"KB2965788"}}}}
{"Event":{"@xmlns":"http://schemas.microsoft.com/win/2004/08/events/event","System":{"Channel":"Setup","Computer":"STOVEG-PC","Correlation":{"@ActivityID":"","@RelatedActivityID":""},"EventID":{"#text":"2","@Qualifiers":""},"EventRecordID":"254","Execution":{"@ProcessID":"1036","@ThreadID":"1220"},"Keywords":"0x8000000000000000","Level":"0","Opcode":"0","Provider":{"@Guid":"{bd12f3b8-fc40-4a61-a307-b7a013a069c1}","@Name":"Microsoft-Windows-Servicing"},"Security":{"@UserID":"S-1-5-18"},"Task":"0","TimeCreated":{"@SystemTime":"2016-03-05 16:33:04.949362"},"Version":"0"},"UserData":{"CbsPackageChangeState":{"@xmlns":"http://manifests.microsoft.com/win/2004/08/windows/setup_provider","Client":"WindowsUpdateAgent","ErrorCode":"0x0","IntendedPackageState":"Installed","PackageIdentifier":"KB2972280"}}}}
{"Event":{"@xmlns":"http://schemas.microsoft.com/win/2004/08/events/event","System":{"Channel":"Setup","Computer":"STOVEG-PC","Correlation":{"@ActivityID":"","@RelatedActivityID":""},"EventID":{"#text":"2","@Qualifiers":""},"EventRecordID":"255","Execution":{"@ProcessID":"1036","@ThreadID":"1220"},"Keywords":"0x8000000000000000","Level":"0","Opcode":"0","Provider":{"@Guid":"{bd12f3b8-fc40-4a61-a307-b7a013a069c1}","@Name":"Microsoft-Windows-Servicing"},"Security":{"@UserID":"S-1-5-18"},"Task":"0","TimeCreated":{"@SystemTime":"2016-03-05 16:33:04.964960"},"Version":"0"},"UserData":{"CbsPackageChangeState":{"@xmlns":"http://manifests.microsoft.com/win/2004/08/windows/setup_provider","Client":"WindowsUpdateAgent","ErrorCode":"0x0","IntendedPackageState":"Installed","PackageIdentifier":"KB2973201"}}}}
{"Event":{"@xmlns":"http://schemas.microsoft.com/win/2004/08/events/event","System":{"Channel":"Setup","Computer":"STOVEG-PC","Correlation":{"@ActivityID":"","@RelatedActivityID":""},"EventID":{"#text":"2","@Qualifiers":""},"EventRecordID":"256","Execution":{"@ProcessID":"1036","@ThreadID":"1220"},"Keywords":"0x8000000000000000","Level":"0","Opcode":"0","Provider":{"@Guid":"{bd12f3b8-fc40-4a61-a307-b7a013a069c1}","@Name":"Microsoft-Windows-Servicing"},"Security":{"@UserID":"S-1-5-18"},"Task":"0","TimeCreated":{"@SystemTime":"2016-03-05 16:33:04.964960"},"Version":"0"},"UserData":{"CbsPackageChangeState":{"@xmlns":"http://manifests.microsoft.com/win/2004/08/windows/setup_provider","Client":"WindowsUpdateAgent","ErrorCode":"0x0","IntendedPackageState":"Installed","PackageIdentifier":"KB2973351"}}}}
{"Event":{"@xmlns":"http://schemas.microsoft.com/win/2004/08/events/event","System":{"Channel":"Setup","Computer":"STOVEG-PC","Correlation":{"@ActivityID":"","@RelatedActivityID":""},"EventID":{"#text":"2","@Qualifiers":""},"EventRecordID":"257","Execution":{"@ProcessID":"1036","@ThreadID":"1220"},"Keywords":"0x8000000000000000","Level":"0","Opcode":"0","Provider":{"@Guid":"{bd12f3b8-fc40-4a61-a307-b7a013a069c1}","@Name":"Microsoft-Windows-Servicing"},"Security":{"@UserID":"S-1-5-18"},"Task":"0","TimeCreated":{"@SystemTime":"2016-03-05 16:33:04.964960"},"Version":"0"},"UserData":{"CbsPackageChangeState":{"@xmlns":"http://manifests.microsoft.com/win/2004/08/windows/setup_provider","Client":"WindowsUpdateAgent","ErrorCode":"0x0","IntendedPackageState":"Installed","PackageIdentifier":"KB2937610"}}}}
{"Event":{"@xmlns":"http://schemas.microsoft.com/win/2004/08/events/event","System":{"Channel":"Setup","Computer":"STOVEG-PC","Correlation":{"@ActivityID":"","@RelatedActivityID":""},"EventID":{"#text":"2","@Qualifiers":""},"EventRecordID":"258","Execution":{"@ProcessID":"1036","@ThreadID":"1220"},"Keywords":"0x8000000000000000","Level":"0","Opcode":"0","Provider":{"@Guid":"{bd12f3b8-fc40-4a61-a307-b7a013a069c1}","@Name":"Microsoft-Windows-Servicing"},"Security":{"@UserID":"S-1-5-18"},"Task":"0","TimeCreated":{"@SystemTime":"2016-03-05 16:33:04.980560"},"Version":"0"},"UserData":{"CbsPackageChangeState":{"@xmlns":"http://manifests.microsoft.com/win/2004/08/windows/setup_provider","Client":"WindowsUpdateAgent","ErrorCode":"0x0","IntendedPackageState":"Installed","PackageIdentifier":"KB2943357"}}}}
{"Event":{"@xmlns":"http://schemas.microsoft.com/win/2004/08/events/event","System":{"Channel":"Setup","Computer":"STOVEG-PC","Correlation":{"@ActivityID":"","@RelatedActivityID":""},"EventID":{"#text":"2","@Qualifiers":""},"EventRecordID":"259","Execution":{"@ProcessID":"1036","@ThreadID":"1220"},"Keywords":"0x8000000000000000","Level":"0","Opcode":"0","Provider":{"@Guid":"{bd12f3b8-fc40-4a61-a307-b7a013a069c1}","@Name":"Microsoft-Windows-Servicing"},"Security":{"@UserID":"S-1-5-18"},"Task":"0","TimeCreated":{"@SystemTime":"2016-03-05 16:33:04.996161"},"Version":"0"},"UserData":{"CbsPackageChangeState":{"@xmlns":"http://manifests.microsoft.com/win/2004/08/windows/setup_provider","Client":"WindowsUpdateAgent","ErrorCode":"0x0","IntendedPackageState":"Installed","PackageIdentifier":"KB2976897"}}}}
{"Event":{"@xmlns":"http://schemas.microsoft.com/win/2004/08/events/event","System":{"Channel":"Setup","Computer":"STOVEG-PC","Correlation":{"@ActivityID":"","@RelatedActivityID":""},"EventID":{"#text":"2","@Qualifiers":""},"EventRecordID":"260","Execution":{"@ProcessID":"1036","@ThreadID":"1220"},"Keywords":"0x8000000000000000","Level":"0","Opcode":"0","Provider":{"@Guid":"{bd12f3b8-fc40-4a61-a307-b7a013a069c1}","@Name":"Microsoft-Windows-Servicing"},"Security":{"@UserID":"S-1-5-18"},"Task":"0","TimeCreated":{"@SystemTime":"2016-03-05 16:33:05.011761"},"Version":"0"},"UserData":{"CbsPackageChangeState":{"@xmlns":"http://manifests.microsoft.com/win/2004/08/windows/setup_provider","Client":"WindowsUpdateAgent","ErrorCode":"0x0","IntendedPackageState":"Installed","PackageIdentifier":"KB2978668"}}}}
{"Event":{"@xmlns":"http://schemas.microsoft.com/win/2004/08/events/event","System":{"Channel":"Setup","Computer":"STOVEG-PC","Correlation":{"@ActivityID":"","@RelatedActivityID":""},"EventID":{"#text":"2","@Qualifiers":""},"EventRecordID":"261","Execution":{"@ProcessID":"1036","@ThreadID":"1220"},"Keywords":"0x8000000000000000","Level":"0","Opcode":"0","Provider":{"@Guid":"{bd12f3b8-fc40-4a61-a307-b7a013a069c1}","@Name":"Microsoft-Windows-Servicing"},"Security":{"@UserID":"S-1-5-18"},"Task":"0","TimeCreated":{"@SystemTime":"2016-03-05 16:33:05.027361"},"Version":"0"},"UserData":{"CbsPackageChangeState":{"@xmlns":"http://manifests.microsoft.com/win/2004/08/windows/setup_provider","Client":"WindowsUpdateAgent","ErrorCode":"0x0","IntendedPackageState":"Installed","PackageIdentifier":"KB2978742"}}}}
{"Event":{"@xmlns":"http://schemas.microsoft.com/win/2004/08/events/event","System":{"Channel":"Setup","Computer":"STOVEG-PC","Correlation":{"@ActivityID":"","@RelatedActivityID":""},"EventID":{"#text":"2","@Qualifiers":""},"EventRecordID":"262","Execution":{"@ProcessID":"1036","@ThreadID":"1220"},"Keywords":"0x8000000000000000","Level":"0","Opcode":"0","Provider":{"@Guid":"{bd12f3b8-fc40-4a61-a307-b7a013a069c1}","@Name":"Microsoft-Windows-Servicing"},"Security":{"@UserID":"S-1-5-18"},"Task":"0","TimeCreated":{"@SystemTime":"2016-03-05 16:33:05.027361"},"Version":"0"},"UserData":{"CbsPackageChangeState":{"@xmlns":"http://manifests.microsoft.com/win/2004/08/windows/setup_provider","Client":"WindowsUpdateAgent","ErrorCode":"0x0","IntendedPackageState":"Installed","PackageIdentifier":"KB2980245"}}}}
{"Event":{"@xmlns":"http://schemas.microsoft.com/win/2004/08/events/event","System":{"Channel":"Setup","Computer":"STOVEG-PC","Correlation":{"@ActivityID":"","@RelatedActivityID":""},"EventID":{"#text":"2","@Qualifiers":""},"EventRecordID":"263","Execution":{"@ProcessID":"1036","@ThreadID":"1220"},"Keywords":"0x8000000000000000","Level":"0","Opcode":"0","Provider":{"@Guid":"{bd12f3b8-fc40-4a61-a307-b7a013a069c1}","@Name":"Microsoft-Windows-Servicing"},"Security":{"@UserID":"S-1-5-18"},"Task":"0","TimeCreated":{"@SystemTime":"2016-03-05 16:33:05.042961"},"Version":"0"},"UserData":{"CbsPackageChangeState":{"@xmlns":"http://manifests.microsoft.com/win/2004/08/windows/setup_provider","Client":"WindowsUpdateAgent","ErrorCode":"0x0","IntendedPackageState":"Installed","PackageIdentifier":"KB2993651"}}}}
{"Event":{"@xmlns":"http://schemas.microsoft.com/win/2004/08/events/event","System":{"Channel":"Setup","Computer":"STOVEG-PC","Correlation":{"@ActivityID":"","@RelatedActivityID":""},"EventID":{"#text":"1","@Qualifiers":""},"EventRecordID":"264","Execution":{"@ProcessID":"4012","@ThreadID":"5040"},"Keywords":"0x8000000000000000","Level":"0","Opcode":"0","Provider":{"@Guid":"{bd12f3b8-fc40-4a61-a307-b7a013a069c1}","@Name":"Microsoft-Windows-Servicing"},"Security":{"@UserID":"S-1-5-18"},"Task":"0","TimeCreated":{"@SystemTime":"2016-03-05 16:40:53.960091"},"Version":"0"},"UserData":{"CbsPackageInitiateChanges":{"@xmlns":"http://manifests.microsoft.com/win/2004/08/windows/setup_provider","Client":"WindowsUpdateAgent","InitialPackageState":"Absent","IntendedPackageState":"Installed","PackageIdentifier":"KB2621440"}}}}
{"Event":{"@xmlns":"http://schemas.microsoft.com/win/2004/08/events/event","System":{"Channel":"Setup","Computer":"STOVEG-PC","Correlation":{"@ActivityID":"","@RelatedActivityID":""},"EventID":{"#text":"4","@Qualifiers":""},"EventRecordID":"265","Execution":{"@ProcessID":"4012","@ThreadID":"5040"},"Keywords":"0x8000000000000000","Level":"0","Opcode":"0","Provider":{"@Guid":"{bd12f3b8-fc40-4a61-a307-b7a013a069c1}","@Name":"Microsoft-Windows-Servicing"},"Security":{"@UserID":"S-1-5-18"},"Task":"0","TimeCreated":{"@SystemTime":"2016-03-05 16:41:12.648922"},"Version":"0"},"UserData":{"CbsPackageChangeState":{"@xmlns":"http://manifests.microsoft.com/win/2004/08/windows/setup_provider","Client":"WindowsUpdateAgent","ErrorCode":"0x0","IntendedPackageState":"Installed","PackageIdentifier":"KB2621440"}}}}
{"Event":{"@xmlns":"http://schemas.microsoft.com/win/2004/08/events/event","EventData":{"Data":[{"#text":"Windows 安全更新程序 (KB2621440)","@Name":"UpdateTitle"},{"#text":"C:\\Windows\\system32\\wusa.exe \"D:\\Program Files\\360\\360Safe\\hotfix\\Windows6.1-KB2621440-x64.msu\" /quiet /norestart","@Name":"CommandLine"}]},"System":{"Channel":"Setup","Computer":"STOVEG-PC","Correlation":{"@ActivityID":"","@RelatedActivityID":""},"EventID":{"#text":"4","@Qualifiers":""},"EventRecordID":"266","Execution":{"@ProcessID":"4072","@ThreadID":"4256"},"Keywords":"0x8000000000000000","Level":"3","Opcode":"0","Provider":{"@Guid":"{09608c12-c1da-4104-a6fe-b959cf57560a}","@Name":"Microsoft-Windows-WUSA"},"Security":{"@UserID":"S-1-5-21-131171808-3139395271-469146106-1000"},"Task":"0","TimeCreated":{"@SystemTime":"2016-03-05 16:41:14.817327"},"Version":"0"}}}
{"Event":{"@xmlns":"http://schemas.microsoft.com/win/2004/08/events/event","EventData":{"Data":[{"#text":"\"Windows 安全更新程序 (KB2621440)\"","@Name":"UpdateTitle"},{"#text":"C:\\Windows\\system32\\wusa.exe \"D:\\Program Files\\360\\360Safe\\hotfix\\Windows6.1-KB2621440-x64.msu\" /quiet /norestart","@Name":"CommandLine"}]},"System":{"Channel":"Setup","Computer":"STOVEG-PC","Correlation":{"@ActivityID":"","@RelatedActivityID":""},"EventID":{"#text":"2","@Qualifiers":""},"EventRecordID":"267","Execution":{"@ProcessID":"4072","@ThreadID":"5284"},"Keywords":"0x8000000000000000","Level":"4","Opcode":"0","Provider":{"@Guid":"{09608c12-c1da-4104-a6fe-b959cf57560a}","@Name":"Microsoft-Windows-WUSA"},"Security":{"@UserID":"S-1-5-21-131171808-3139395271-469146106-1000"},"Task":"0","TimeCreated":{"@SystemTime":"2016-03-05 16:41:14.864128"},"Version":"0"}}}
{"Event":{"@xmlns":"http://schemas.microsoft.com/win/2004/08/events/event","System":{"Channel":"Setup","Computer":"STOVEG-PC","Correlation":{"@ActivityID":"","@RelatedActivityID":""},"EventID":{"#text":"1","@Qualifiers":""},"EventRecordID":"268","Execution":{"@ProcessID":"4012","@ThreadID":"5040"},"Keywords":"0x8000000000000000","Level":"0","Opcode":"0","Provider":{"@Guid":"{bd12f3b8-fc40-4a61-a307-b7a013a069c1}","@Name":"Microsoft-Windows-Servicing"},"Security":{"@UserID":"S-1-5-18"},"Task":"0","TimeCreated":{"@SystemTime":"2016-03-05 16:41:26.564148"},"Version":"0"},"UserData":{"CbsPackageInitiateChanges":{"@xmlns":"http://manifests.microsoft.com/win/2004/08/windows/setup_provider","Client":"WindowsUpdateAgent","InitialPackageState":"Absent","IntendedPackageState":"Installed","PackageIdentifier":"KB2690533"}}}}
{"Event":{"@xmlns":"http://schemas.microsoft.com/win/2004/08/events/event","System":{"Channel":"Setup","Computer":"STOVEG-PC","Correlation":{"@ActivityID":"","@RelatedActivityID":""},"EventID":{"#text":"4","@Qualifiers":""},"EventRecordID":"269","Execution":{"@ProcessID":"4012","@ThreadID":"5040"},"Keywords":"0x8000000000000000","Level":"0","Opcode":"0","Provider":{"@Guid":"{bd12f3b8-fc40-4a61-a307-b7a013a069c1}","@Name":"Microsoft-Windows-Servicing"},"Security":{"@UserID":"S-1-5-18"},"Task":"0","TimeCreated":{"@SystemTime":"2016-03-05 16:41:36.002165"},"Version":"0"},"UserData":{"CbsPackageChangeState":{"@xmlns":"http://manifests.microsoft.com/win/2004/08/windows/setup_provider","Client":"WindowsUpdateAgent","ErrorCode":"0x0","IntendedPackageState":"Installed","PackageIdentifier":"KB2690533"}}}}
{"Event":{"@xmlns":"http://schemas.microsoft.com/win/2004/08/events/event","EventData":{"Data":[{"#text":"Windows 安全更新程序 (KB2690533)","@Name":"UpdateTitle"},{"#text":"C:\\Windows\\system32\\wusa.exe \"D:\\Program Files\\360\\360Safe\\hotfix\\Windows6.1-KB2690533-x64.msu\" /quiet /norestart","@Name":"CommandLine"}]},"System":{"Channel":"Setup","Computer":"STOVEG-PC","Correlation":{"@ActivityID":"","@RelatedActivityID":""},"EventID":{"#text":"4","@Qualifiers":""},"EventRecordID":"270","Execution":{"@ProcessID":"5856","@ThreadID":"3100"},"Keywords":"0x8000000000000000","Level":"3","Opcode":"0","Provider":{"@Guid":"{09608c12-c1da-4104-a6fe-b959cf57560a}","@Name":"Microsoft-Windows-WUSA"},"Security":{"@UserID":"S-1-5-21-131171808-3139395271-469146106-1000"},"Task":"0","TimeCreated":{"@SystemTime":"2016-03-05 16:41:37.094166"},"Version":"0"}}}
{"Event":{"@xmlns":"http://schemas.microsoft.com/win/2004/08/events/event","EventData":{"Data":[{"#text":"\"Windows 安全更新程序 (KB2690533)\"","@Name":"UpdateTitle"},{"#text":"C:\\Windows\\system32\\wusa.exe \"D:\\Program Files\\360\\360Safe\\hotfix\\Windows6.1-KB2690533-x64.msu\" /quiet /norestart","@Name":"CommandLine"}]},"System":{"Channel":"Setup","Computer":"STOVEG-PC","Correlation":{"@ActivityID":"","@RelatedActivityID":""},"EventID":{"#text":"2","@Qualifiers":""},"EventRecordID":"271","Execution":{"@ProcessID":"5856","@ThreadID":"6776"},"Keywords":"0x8000000000000000","Level":"4","Opcode":"0","Provider":{"@Guid":"{09608c12-c1da-4104-a6fe-b959cf57560a}","@Name":"Microsoft-Windows-WUSA"},"Security":{"@UserID":"S-1-5-21-131171808-3139395271-469146106-1000"},"Task":"0","TimeCreated":{"@SystemTime":"2016-03-05 16:41:37.296967"},"Version":"0"}}}
{"Event":{"@xmlns":"http://schemas.microsoft.com/win/2004/08/events/event","System":{"Channel":"Setup","Computer":"STOVEG-PC","Correlation":{"@ActivityID":"","@RelatedActivityID":""},"EventID":{"#text":"1","@Qualifiers":""},"EventRecordID":"272","Execution":{"@ProcessID":"4012","@ThreadID":"5040"},"Keywords":"0x8000000000000000","Level":"0","Opcode":"0","Provider":{"@Guid":"{bd12f3b8-fc40-4a61-a307-b7a013a069c1}","@Name":"Microsoft-Windows-Servicing"},"Security":{"@UserID":"S-1-5-18"},"Task":"0","TimeCreated":{"@SystemTime":"2016-03-05 16:47:09.413288"},"Version":"0"},"UserData":{"CbsPackageInitiateChanges":{"@xmlns":"http://manifests.microsoft.com/win/2004/08/windows/setup_provider","Client":"WindowsUpdateAgent","InitialPackageState":"Absent","IntendedPackageState":"Installed","PackageIdentifier":"KB2685939"}}}}
{"Event":{"@xmlns":"http://schemas.microsoft.com/win/2004/08/events/event","System":{"Channel":"Setup","Computer":"STOVEG-PC","Correlation":{"@ActivityID":"","@RelatedActivityID":""},"EventID":{"#text":"4","@Qualifiers":""},"EventRecordID":"273","Execution":{"@ProcessID":"4012","@ThreadID":"5040"},"Keywords":"0x8000000000000000","Level":"0","Opcode":"0","Provider":{"@Guid":"{bd12f3b8-fc40-4a61-a307-b7a013a069c1}","@Name":"Microsoft-Windows-Servicing"},"Security":{"@UserID":"S-1-5-18"},"Task":"0","TimeCreated":{"@SystemTime":"2016-03-05 16:47:19.475306"},"Version":"0"},"UserData":{"CbsPackageChangeState":{"@xmlns":"http://manifests.microsoft.com/win/2004/08/windows/setup_provider","Client":"WindowsUpdateAgent","ErrorCode":"0x0","IntendedPackageState":"Installed","PackageIdentifier":"KB2685939"}}}}
{"Event":{"@xmlns":"http://schemas.microsoft.com/win/2004/08/events/event","EventData":{"Data":[{"#text":"Windows 安全更新程序 (KB2685939)","@Name":"UpdateTitle"},{"#text":"C:\\Windows\\system32\\wusa.exe \"D:\\Program Files\\360\\360Safe\\hotfix\\Windows6.1-KB2685939-x64.msu\" /quiet /norestart","@Name":"CommandLine"}]},"System":{"Channel":"Setup","Computer":"STOVEG-PC","Correlation":{"@ActivityID":"","@RelatedActivityID":""},"EventID":{"#text":"4","@Qualifiers":""},"EventRecordID":"274","Execution":{"@ProcessID":"3656","@ThreadID":"2216"},"Keywords":"0x8000000000000000","Level":"3","Opcode":"0","Provider":{"@Guid":"{09608c12-c1da-4104-a6fe-b959cf57560a}","@Name":"Microsoft-Windows-WUSA"},"Security":{"@UserID":"S-1-5-21-131171808-3139395271-469146106-1000"},"Task":"0","TimeCreated":{"@SystemTime":"2016-03-05 16:47:20.598507"},"Version":"0"}}}
{"Event":{"@xmlns":"http://schemas.microsoft.com/win/2004/08/events/event","EventData":{"Data":[{"#text":"\"Windows 安全更新程序 (KB2685939)\"","@Name":"UpdateTitle"},{"#text":"C:\\Windows\\system32\\wusa.exe \"D:\\Program Files\\360\\360Safe\\hotfix\\Windows6.1-KB2685939-x64.msu\" /quiet /norestart","@Name":"CommandLine"}]},"System":{"Channel":"Setup","Computer":"STOVEG-PC","Correlation":{"@ActivityID":"","@RelatedActivityID":""},"EventID":{"#text":"2","@Qualifiers":""},"EventRecordID":"275","Execution":{"@ProcessID":"3656","@ThreadID":"2464"},"Keywords":"0x8000000000000000","Level":"4","Opcode":"0","Provider":{"@Guid":"{09608c12-c1da-4104-a6fe-b959cf57560a}","@Name":"Microsoft-Windows-WUSA"},"Security":{"@UserID":"S-1-5-21-131171808-3139395271-469146106-1000"},"Task":"0","TimeCreated":{"@SystemTime":"2016-03-05 16:47:20.816906"},"Version":"0"}}}
{"Event":{"@xmlns":"http://schemas.microsoft.com/win/2004/08/events/event","System":{"Channel":"Setup","Computer":"STOVEG-PC","Correlation":{"@ActivityID":"","@RelatedActivityID":""},"EventID":{"#text":"1","@Qualifiers":""},"EventRecordID":"276","Execution":{"@ProcessID":"4012","@ThreadID":"5040"},"Keywords":"0x8000000000000000","Level":"0","Opcode":"0","Provider":{"@Guid":"{bd12f3b8-fc40-4a61-a307-b7a013a069c1}","@Name":"Microsoft-Windows-Servicing"},"Security":{"@UserID":"S-1-5-18"},"Task":"0","TimeCreated":{"@SystemTime":"2016-03-05 16:47:32.548128"},"Version":"0"},"UserData":{"CbsPackageInitiateChanges":{"@xmlns":"http://manifests.microsoft.com/win/2004/08/windows/setup_provider","Client":"WindowsUpdateAgent","InitialPackageState":"Absent","IntendedPackageState":"Installed","PackageIdentifier":"KB2667402"}}}}
{"Event":{"@xmlns":"http://schemas.microsoft.com/win/2004/08/events/event","System":{"Channel":"Setup","Computer":"STOVEG-PC","Correlation":{"@ActivityID":"","@RelatedActivityID":""},"EventID":{"#text":"4","@Qualifiers":""},"EventRecordID":"277","Execution":{"@ProcessID":"4012","@ThreadID":"5040"},"Keywords":"0x8000000000000000","Level":"0","Opcode":"0","Provider":{"@Guid":"{bd12f3b8-fc40-4a61-a307-b7a013a069c1}","@Name":"Microsoft-Windows-Servicing"},"Security":{"@UserID":"S-1-5-18"},"Task":"0","TimeCreated":{"@SystemTime":"2016-03-05 16:47:42.516544"},"Version":"0"},"UserData":{"CbsPackageChangeState":{"@xmlns":"http://manifests.microsoft.com/win/2004/08/windows/setup_provider","Client":"WindowsUpdateAgent","ErrorCode":"0x0","IntendedPackageState":"Installed","PackageIdentifier":"KB2667402"}}}}
{"Event":{"@xmlns":"http://schemas.microsoft.com/win/2004/08/events/event","EventData":{"Data":[{"#text":"Windows 安全更新程序 (KB2667402)","@Name":"UpdateTitle"},{"#text":"C:\\Windows\\system32\\wusa.exe \"D:\\Program Files\\360\\360Safe\\hotfix\\Windows6.1-KB2667402-v2-x64.msu\" /quiet /norestart","@Name":"CommandLine"}]},"System":{"Channel":"Setup","Computer":"STOVEG-PC","Correlation":{"@ActivityID":"","@RelatedActivityID":""},"EventID":{"#text":"4","@Qualifiers":""},"EventRecordID":"278","Execution":{"@ProcessID":"6492","@ThreadID":"4696"},"Keywords":"0x8000000000000000","Level":"3","Opcode":"0","Provider":{"@Guid":"{09608c12-c1da-4104-a6fe-b959cf57560a}","@Name":"Microsoft-Windows-WUSA"},"Security":{"@UserID":"S-1-5-21-131171808-3139395271-469146106-1000"},"Task":"0","TimeCreated":{"@SystemTime":"2016-03-05 16:47:43.764547"},"Version":"0"}}}
{"Event":{"@xmlns":"http://schemas.microsoft.com/win/2004/08/events/event","EventData":{"Data":[{"#text":"\"Windows 安全更新程序 (KB2667402)\"","@Name":"UpdateTitle"},{"#text":"C:\\Windows\\system32\\wusa.exe \"D:\\Program Files\\360\\360Safe\\hotfix\\Windows6.1-KB2667402-v2-x64.msu\" /quiet /norestart","@Name":"CommandLine"}]},"System":{"Channel":"Setup","Computer":"STOVEG-PC","Correlation":{"@ActivityID":"","@RelatedActivityID":""},"EventID":{"#text":"2","@Qualifiers":""},"EventRecordID":"279","Execution":{"@ProcessID":"6492","@ThreadID":"6704"},"Keywords":"0x8000000000000000","Level":"4","Opcode":"0","Provider":{"@Guid":"{09608c12-c1da-4104-a6fe-b959cf57560a}","@Name":"Microsoft-Windows-WUSA"},"Security":{"@UserID":"S-1-5-21-131171808-3139395271-469146106-1000"},"Task":"0","TimeCreated":{"@SystemTime":"2016-03-05 16:47:44.170149"},"Version":"0"}}}
{"Event":{"@xmlns":"http://schemas.microsoft.com/win/2004/08/events/event","System":{"Channel":"Setup","Computer":"STOVEG-PC","Correlation":{"@ActivityID":"","@RelatedActivityID":""},"EventID":{"#text":"1","@Qualifiers":""},"EventRecordID":"280","Execution":{"@ProcessID":"4012","@ThreadID":"5040"},"Keywords":"0x8000000000000000","Level":"0","Opcode":"0","Provider":{"@Guid":"{bd12f3b8-fc40-4a61-a307-b7a013a069c1}","@Name":"Microsoft-Windows-Servicing"},"Security":{"@UserID":"S-1-5-18"},"Task":"0","TimeCreated":{"@SystemTime":"2016-03-05 16:47:55.464567"},"Version":"0"},"UserData":{"CbsPackageInitiateChanges":{"@xmlns":"http://manifests.microsoft.com/win/2004/08/windows/setup_provider","Client":"WindowsUpdateAgent","InitialPackageState":"Absent","IntendedPackageState":"Installed","PackageIdentifier":"KB2698365"}}}}
{"Event":{"@xmlns":"http://schemas.microsoft.com/win/2004/08/events/event","System":{"Channel":"Setup","Computer":"STOVEG-PC","Correlation":{"@ActivityID":"","@RelatedActivityID":""},"EventID":{"#text":"4","@Qualifiers":""},"EventRecordID":"281","Execution":{"@ProcessID":"4012","@ThreadID":"5040"},"Keywords":"0x8000000000000000","Level":"0","Opcode":"0","Provider":{"@Guid":"{bd12f3b8-fc40-4a61-a307-b7a013a069c1}","@Name":"Microsoft-Windows-Servicing"},"Security":{"@UserID":"S-1-5-18"},"Task":"0","TimeCreated":{"@SystemTime":"2016-03-05 16:48:29.051426"},"Version":"0"},"UserData":{"CbsPackageChangeState":{"@xmlns":"http://manifests.microsoft.com/win/2004/08/windows/setup_provider","Client":"WindowsUpdateAgent","ErrorCode":"0x0","IntendedPackageState":"Installed","PackageIdentifier":"KB2698365"}}}}
{"Event":{"@xmlns":"http://schemas.microsoft.com/win/2004/08/events/event","EventData":{"Data":[{"#text":"Windows 安全更新程序 (KB2698365)","@Name":"UpdateTitle"},{"#text":"C:\\Windows\\system32\\wusa.exe \"D:\\Program Files\\360\\360Safe\\hotfix\\Windows6.1-KB2698365-x64.msu\" /quiet /norestart","@Name":"CommandLine"}]},"System":{"Channel":"Setup","Computer":"STOVEG-PC","Correlation":{"@ActivityID":"","@RelatedActivityID":""},"EventID":{"#text":"4","@Qualifiers":""},"EventRecordID":"282","Execution":{"@ProcessID":"4840","@ThreadID":"5816"},"Keywords":"0x8000000000000000","Level":"3","Opcode":"0","Provider":{"@Guid":"{09608c12-c1da-4104-a6fe-b959cf57560a}","@Name":"Microsoft-Windows-WUSA"},"Security":{"@UserID":"S-1-5-21-131171808-3139395271-469146106-1000"},"Task":"0","TimeCreated":{"@SystemTime":"2016-03-05 16:48:30.783030"},"Version":"0"}}}
{"Event":{"@xmlns":"http://schemas.microsoft.com/win/2004/08/events/event","EventData":{"Data":[{"#text":"\"Windows 安全更新程序 (KB2698365)\"","@Name":"UpdateTitle"},{"#text":"C:\\Windows\\system32\\wusa.exe \"D:\\Program Files\\360\\360Safe\\hotfix\\Windows6.1-KB2698365-x64.msu\" /quiet /norestart","@Name":"CommandLine"}]},"System":{"Channel":"Setup","Computer":"STOVEG-PC","Correlation":{"@ActivityID":"","@RelatedActivityID":""},"EventID":{"#text":"2","@Qualifiers":""},"EventRecordID":"283","Execution":{"@ProcessID":"4840","@ThreadID":"2296"},"Keywords":"0x8000000000000000","Level":"4","Opcode":"0","Provider":{"@Guid":"{09608c12-c1da-4104-a6fe-b959cf57560a}","@Name":"Microsoft-Windows-WUSA"},"Security":{"@UserID":"S-1-5-21-131171808-3139395271-469146106-1000"},"Task":"0","TimeCreated":{"@SystemTime":"2016-03-05 16:48:31.079430"},"Version":"0"}}}
{"Event":{"@xmlns":"http://schemas.microsoft.com/win/2004/08/events/event","System":{"Channel":"Setup","Computer":"STOVEG-PC","Correlation":{"@ActivityID":"","@RelatedActivityID":""},"EventID":{"#text":"1","@Qualifiers":""},"EventRecordID":"284","Execution":{"@ProcessID":"4012","@ThreadID":"5040"},"Keywords":"0x8000000000000000","Level":"0","Opcode":"0","Provider":{"@Guid":"{bd12f3b8-fc40-4a61-a307-b7a013a069c1}","@Name":"Microsoft-Windows-Servicing"},"Security":{"@UserID":"S-1-5-18"},"Task":"0","TimeCreated":{"@SystemTime":"2016-03-05 16:48:43.309853"},"Version":"0"},"UserData":{"CbsPackageInitiateChanges":{"@xmlns":"http://manifests.microsoft.com/win/2004/08/windows/setup_provider","Client":"WindowsUpdateAgent","InitialPackageState":"Absent","IntendedPackageState":"Installed","PackageIdentifier":"KB2706045"}}}}
{"Event":{"@xmlns":"http://schemas.microsoft.com/win/2004/08/events/event","System":{"Channel":"Setup","Computer":"STOVEG-PC","Correlation":{"@ActivityID":"","@RelatedActivityID":""},"EventID":{"#text":"4","@Qualifiers":""},"EventRecordID":"285","Execution":{"@ProcessID":"4012","@ThreadID":"5040"},"Keywords":"0x8000000000000000","Level":"0","Opcode":"0","Provider":{"@Guid":"{bd12f3b8-fc40-4a61-a307-b7a013a069c1}","@Name":"Microsoft-Windows-Servicing"},"Security":{"@UserID":"S-1-5-18"},"Task":"0","TimeCreated":{"@SystemTime":"2016-03-05 16:48:57.786678"},"Version":"0"},"UserData":{"CbsPackageChangeState":{"@xmlns":"http://manifests.microsoft.com/win/2004/08/windows/setup_provider","Client":"WindowsUpdateAgent","ErrorCode":"0x0","IntendedPackageState":"Installed","PackageIdentifier":"KB2706045"}}}}
{"Event":{"@xmlns":"http://schemas.microsoft.com/win/2004/08/events/event","EventData":{"Data":[{"#text":"Windows 安全更新程序 (KB2706045)","@Name":"UpdateTitle"},{"#text":"C:\\Windows\\system32\\wusa.exe \"D:\\Program Files\\360\\360Safe\\hotfix\\Windows6.1-KB2706045-x64.msu\" /quiet /norestart","@Name":"CommandLine"}]},"System":{"Channel":"Setup","Computer":"STOVEG-PC","Correlation":{"@ActivityID":"","@RelatedActivityID":""},"EventID":{"#text":"4","@Qualifiers":""},"EventRecordID":"286","Execution":{"@ProcessID":"3876","@ThreadID":"6228"},"Keywords":"0x8000000000000000","Level":"3","Opcode":"0","Provider":{"@Guid":"{09608c12-c1da-4104-a6fe-b959cf57560a}","@Name":"Microsoft-Windows-WUSA"},"Security":{"@UserID":"S-1-5-21-131171808-3139395271-469146106-1000"},"Task":"0","TimeCreated":{"@SystemTime":"2016-03-05 16:48:58.707079"},"Version":"0"}}}
{"Event":{"@xmlns":"http://schemas.microsoft.com/win/2004/08/events/event","EventData":{"Data":[{"#text":"\"Windows 安全更新程序 (KB2706045)\"","@Name":"UpdateTitle"},{"#text":"C:\\Windows\\system32\\wusa.exe \"D:\\Program Files\\360\\360Safe\\hotfix\\Windows6.1-KB2706045-x64.msu\" /quiet /norestart","@Name":"CommandLine"}]},"System":{"Channel":"Setup","Computer":"STOVEG-PC","Correlation":{"@ActivityID":"","@RelatedActivityID":""},"EventID":{"#text":"2","@Qualifiers":""},"EventRecordID":"287","Execution":{"@ProcessID":"3876","@ThreadID":"3056"},"Keywords":"0x8000000000000000","Level":"4","Opcode":"0","Provider":{"@Guid":"{09608c12-c1da-4104-a6fe-b959cf57560a}","@Name":"Microsoft-Windows-WUSA"},"Security":{"@UserID":"S-1-5-21-131171808-3139395271-469146106-1000"},"Task":"0","TimeCreated":{"@SystemTime":"2016-03-05 16:48:58.753880"},"Version":"0"}}}
{"Event":{"@xmlns":"http://schemas.microsoft.com/win/2004/08/events/event","System":{"Channel":"Setup","Computer":"STOVEG-PC","Correlation":{"@ActivityID":"","@RelatedActivityID":""},"EventID":{"#text":"1","@Qualifiers":""},"EventRecordID":"288","Execution":{"@ProcessID":"4012","@ThreadID":"5040"},"Keywords":"0x8000000000000000","Level":"0","Opcode":"0","Provider":{"@Guid":"{bd12f3b8-fc40-4a61-a307-b7a013a069c1}","@Name":"Microsoft-Windows-Servicing"},"Security":{"@UserID":"S-1-5-18"},"Task":"0","TimeCreated":{"@SystemTime":"2016-03-05 16:49:11.467901"},"Version":"0"},"UserData":{"CbsPackageInitiateChanges":{"@xmlns":"http://manifests.microsoft.com/win/2004/08/windows/setup_provider","Client":"WindowsUpdateAgent","InitialPackageState":"Absent","IntendedPackageState":"Installed","PackageIdentifier":"KB2712808"}}}}
{"Event":{"@xmlns":"http://schemas.microsoft.com/win/2004/08/events/event","System":{"Channel":"Setup","Computer":"STOVEG-PC","Correlation":{"@ActivityID":"","@RelatedActivityID":""},"EventID":{"#text":"4","@Qualifiers":""},"EventRecordID":"289","Execution":{"@ProcessID":"4012","@ThreadID":"5040"},"Keywords":"0x8000000000000000","Level":"0","Opcode":"0","Provider":{"@Guid":"{bd12f3b8-fc40-4a61-a307-b7a013a069c1}","@Name":"Microsoft-Windows-Servicing"},"Security":{"@UserID":"S-1-5-18"},"Task":"0","TimeCreated":{"@SystemTime":"2016-03-05 16:49:22.377121"},"Version":"0"},"UserData":{"CbsPackageChangeState":{"@xmlns":"http://manifests.microsoft.com/win/2004/08/windows/setup_provider","Client":"WindowsUpdateAgent","ErrorCode":"0x0","IntendedPackageState":"Installed","PackageIdentifier":"KB2712808"}}}}
{"Event":{"@xmlns":"http://schemas.microsoft.com/win/2004/08/events/event","EventData":{"Data":[{"#text":"Windows 安全更新程序 (KB2712808)","@Name":"UpdateTitle"},{"#text":"C:\\Windows\\system32\\wusa.exe \"D:\\Program Files\\360\\360Safe\\hotfix\\Windows6.1-KB2712808-x64.msu\" /quiet /norestart","@Name":"CommandLine"}]},"System":{"Channel":"Setup","Computer":"STOVEG-PC","Correlation":{"@ActivityID":"","@RelatedActivityID":""},"EventID":{"#text":"4","@Qualifiers":""},"EventRecordID":"290","Execution":{"@ProcessID":"3968","@ThreadID":"1788"},"Keywords":"0x8000000000000000","Level":"3","Opcode":"0","Provider":{"@Guid":"{09608c12-c1da-4104-a6fe-b959cf57560a}","@Name":"Microsoft-Windows-WUSA"},"Security":{"@UserID":"S-1-5-21-131171808-3139395271-469146106-1000"},"Task":"0","TimeCreated":{"@SystemTime":"2016-03-05 16:49:24.280325"},"Version":"0"}}}
{"Event":{"@xmlns":"http://schemas.microsoft.com/win/2004/08/events/event","EventData":{"Data":[{"#text":"\"Windows 安全更新程序 (KB2712808)\"","@Name":"UpdateTitle"},{"#text":"C:\\Windows\\system32\\wusa.exe \"D:\\Program Files\\360\\360Safe\\hotfix\\Windows6.1-KB2712808-x64.msu\" /quiet /norestart","@Name":"CommandLine"}]},"System":{"Channel":"Setup","Computer":"STOVEG-PC","Correlation":{"@ActivityID":"","@RelatedActivityID":""},"EventID":{"#text":"2","@Qualifiers":""},"EventRecordID":"291","Execution":{"@ProcessID":"3968","@ThreadID":"6256"},"Keywords":"0x8000000000000000","Level":"4","Opcode":"0","Provider":{"@Guid":"{09608c12-c1da-4104-a6fe-b959cf57560a}","@Name":"Microsoft-Windows-WUSA"},"Security":{"@UserID":"S-1-5-21-131171808-3139395271-469146106-1000"},"Task":"0","TimeCreated":{"@SystemTime":"2016-03-05 16:49:24.420725"},"Version":"0"}}}
{"Event":{"@xmlns":"http://schemas.microsoft.com/win/2004/08/events/event","System":{"Channel":"Setup","Computer":"STOVEG-PC","Correlation":{"@ActivityID":"","@RelatedActivityID":""},"EventID":{"#text":"1","@Qualifiers":""},"EventRecordID":"292","Execution":{"@ProcessID":"4012","@ThreadID":"5040"},"Keywords":"0x8000000000000000","Level":"0","Opcode":"0","Provider":{"@Guid":"{bd12f3b8-fc40-4a61-a307-b7a013a069c1}","@Name":"Microsoft-Windows-Servicing"},"Security":{"@UserID":"S-1-5-18"},"Task":"0","TimeCreated":{"@SystemTime":"2016-03-05 16:49:28.242733"},"Version":"0"},"UserData":{"CbsPackageInitiateChanges":{"@xmlns":"http://manifests.microsoft.com/win/2004/08/windows/setup_provider","Client":"DISM Package Manager Provider","InitialPackageState":"Absent","IntendedPackageState":"Installed","PackageIdentifier":"KB2862973"}}}}
{"Event":{"@xmlns":"http://schemas.microsoft.com/win/2004/08/events/event","System":{"Channel":"Setup","Computer":"STOVEG-PC","Correlation":{"@ActivityID":"","@RelatedActivityID":""},"EventID":{"#text":"4","@Qualifiers":""},"EventRecordID":"293","Execution":{"@ProcessID":"4012","@ThreadID":"5040"},"Keywords":"0x8000000000000000","Level":"0","Opcode":"0","Provider":{"@Guid":"{bd12f3b8-fc40-4a61-a307-b7a013a069c1}","@Name":"Microsoft-Windows-Servicing"},"Security":{"@UserID":"S-1-5-18"},"Task":"0","TimeCreated":{"@SystemTime":"2016-03-05 16:49:38.736750"},"Version":"0"},"UserData":{"CbsPackageChangeState":{"@xmlns":"http://manifests.microsoft.com/win/2004/08/windows/setup_provider","Client":"DISM Package Manager Provider","ErrorCode":"0x0","IntendedPackageState":"Installed","PackageIdentifier":"KB2862973"}}}}
{"Event":{"@xmlns":"http://schemas.microsoft.com/win/2004/08/events/event","System":{"Channel":"Setup","Computer":"STOVEG-PC","Correlation":{"@ActivityID":"","@RelatedActivityID":""},"EventID":{"#text":"1","@Qualifiers":""},"EventRecordID":"294","Execution":{"@ProcessID":"4012","@ThreadID":"5040"},"Keywords":"0x8000000000000000","Level":"0","Opcode":"0","Provider":{"@Guid":"{bd12f3b8-fc40-4a61-a307-b7a013a069c1}","@Name":"Microsoft-Windows-Servicing"},"Security":{"@UserID":"S-1-5-18"},"Task":"0","TimeCreated":{"@SystemTime":"2016-03-05 16:49:52.839176"},"Version":"0"},"UserData":{"CbsPackageInitiateChanges":{"@xmlns":"http://manifests.microsoft.com/win/2004/08/windows/setup_provider","Client":"WindowsUpdateAgent","InitialPackageState":"Absent","IntendedPackageState":"Installed","PackageIdentifier":"KB3022777"}}}}
