{"Event":{"@xmlns":"http://schemas.microsoft.com/win/2004/08/events/event","EventData":{"Data":[{"#text":"Windows 安全更新程序 (KB2973351)","@Name":"UpdateTitle"},{"#text":"C:\\Windows\\system32\\wusa.exe \"D:\\Program Files\\360\\360Safe\\hotfix\\Windows6.1-KB2973351-x64.msu\" /quiet /norestart","@Name":"CommandLine"}]},"System":{"Channel":"Setup","Computer":"STOVEG-PC","Correlation":{"@ActivityID":"","@RelatedActivityID":""},"EventID":{"#text":"4","@Qualifiers":""},"EventRecordID":"180","Execution":{"@ProcessID":"5444","@ThreadID":"4760"},"Keywords":"0x8000000000000000","Level":"3","Opcode":"0","Provider":{"@Guid":"{09608c12-c1da-4104-a6fe-b959cf57560a}","@Name":"Microsoft-Windows-WUSA"},"Security":{"@UserID":"S-1-5-21-131171808-3139395271-469146106-1000"},"Task":"0","TimeCreated":{"@SystemTime":"2016-03-05 16:04:53.217493"},"Version":"0"}}}
{"Event":{"@xmlns":"http://schemas.microsoft.com/win/2004/08/events/event","EventData":{"Data":[{"#text":"\"Windows 安全更新程序 (KB2973351)\"","@Name":"UpdateTitle"},{"#text":"C:\\Windows\\system32\\wusa.exe \"D:\\Program Files\\360\\360Safe\\hotfix\\Windows6.1-KB2973351-x64.msu\" /quiet /norestart","@Name":"CommandLine"}]},"System":{"Channel":"Setup","Computer":"STOVEG-PC","Correlation":{"@ActivityID":"","@RelatedActivityID":""},"EventID":{"#text":"2","@Qualifiers":""},"EventRecordID":"181","Execution":{"@ProcessID":"5444","@ThreadID":"6628"},"Keywords":"0x8000000000000000","Level":"4","Opcode":"0","Provider":{"@Guid":"{09608c12-c1da-4104-a6fe-b959cf57560a}","@Name":"Microsoft-Windows-WUSA"},"Security":{"@UserID":"S-1-5-21-131171808-3139395271-469146106-1000"},"Task":"0","TimeCreated":{"@SystemTime":"2016-03-05 16:04:53.274000"},"Version":"0"}}}
{"Event":{"@xmlns":"http://schemas.microsoft.com/win/2004/08/events/event","System":{"Channel":"Setup","Computer":"STOVEG-PC","Correlation":{"@ActivityID":"","@RelatedActivityID":""},"EventID":{"#text":"1","@Qualifiers":""},"EventRecordID":"182","Execution":{"@ProcessID":"5776","@ThreadID":"3892"},"Keywords":"0x8000000000000000","Level":"0","Opcode":"0","Provider":{"@Guid":"{bd12f3b8-fc40-4a61-a307-b7a013a069c1}","@Name":"Microsoft-Windows-Servicing"},"Security":{"@UserID":"S-1-5-18"},"Task":"0","TimeCreated":{"@SystemTime":"2016-03-05 16:05:17.806618"},"Version":"0"},"UserData":{"CbsPackageInitiateChanges":{"@xmlns":"http://manifests.microsoft.com/win/2004/08/windows/setup_provider","Client":"WindowsUpdateAgent","InitialPackageState":"Absent","IntendedPackageState":"Installed","PackageIdentifier":"KB2937610"}}}}
{"Event":{"@xmlns":"http://schemas.microsoft.com/win/2004/08/events/event","System":{"Channel":"Setup","Computer":"STOVEG-PC","Correlation":{"@ActivityID":"","@RelatedActivityID":""},"EventID":{"#text":"4","@Qualifiers":""},"EventRecordID":"183","Execution":{"@ProcessID":"5776","@ThreadID":"3892"},"Keywords":"0x8000000000000000","Level":"0","Opcode":"0","Provider":{"@Guid":"{bd12f3b8-fc40-4a61-a307-b7a013a069c1}","@Name":"Microsoft-Windows-Servicing"},"Security":{"@UserID":"S-1-5-18"},"Task":"0","TimeCreated":{"@SystemTime":"2016-03-05 16:10:23.522938"},"Version":"0"},"UserData":{"CbsPackageChangeState":{"@xmlns":"http://manifests.microsoft.com/win/2004/08/windows/setup_provider","Client":"WindowsUpdateAgent","ErrorCode":"0x0","IntendedPackageState":"Installed","PackageIdentifier":"KB2937610"}}}}
{"Event":{"@xmlns":"http://schemas.microsoft.com/win/2004/08/events/event","EventData":{"Data":[{"#text":"Windows 安全更新程序 (KB2937610)","@Name":"UpdateTitle"},{"#text":"C:\\Windows\\system32\\wusa.exe \"D:\\Program Files\\360\\360Safe\\hotfix\\Windows6.1-KB2937610-x64.msu\" /quiet /norestart","@Name":"CommandLine"}]},"System":{"Channel":"Setup","Computer":"STOVEG-PC","Correlation":{"@ActivityID":"","@RelatedActivityID":""},"EventID":{"#text":"4","@Qualifiers":""},"EventRecordID":"184","Execution":{"@ProcessID":"5708","@ThreadID":"7060"},"Keywords":"0x8000000000000000","Level":"3","Opcode":"0","Provider":{"@Guid":"{09608c12-c1da-4104-a6fe-b959cf57560a}","@Name":"Microsoft-Windows-WUSA"},"Security":{"@UserID":"S-1-5-21-131171808-3139395271-469146106-1000"},"Task":"0","TimeCreated":{"@SystemTime":"2016-03-05 16:11:12.899208"},"Version":"0"}}}
{"Event":{"@xmlns":"http://schemas.microsoft.com/win/2004/08/events/event","EventData":{"Data":[{"#text":"\"Windows 安全更新程序 (KB2937610)\"","@Name":"UpdateTitle"},{"#text":"C:\\Windows\\system32\\wusa.exe \"D:\\Program Files\\360\\360Safe\\hotfix\\Windows6.1-KB2937610-x64.msu\" /quiet /norestart","@Name":"CommandLine"}]},"System":{"Channel":"Setup","Computer":"STOVEG-PC","Correlation":{"@ActivityID":"","@RelatedActivityID":""},"EventID":{"#text":"2","@Qualifiers":""},"EventRecordID":"185","Execution":{"@ProcessID":"5708","@ThreadID":"1828"},"Keywords":"0x8000000000000000","Level":"4","Opcode":"0","Provider":{"@Guid":"{09608c12-c1da-4104-a6fe-b959cf57560a}","@Name":"Microsoft-Windows-WUSA"},"Security":{"@UserID":"S-1-5-21-131171808-3139395271-469146106-1000"},"Task":"0","TimeCreated":{"@SystemTime":"2016-03-05 16:11:15.134991"},"Version":"0"}}}
{"Event":{"@xmlns":"http://schemas.microsoft.com/win/2004/08/events/event","System":{"Channel":"Setup","Computer":"STOVEG-PC","Correlation":{"@ActivityID":"","@RelatedActivityID":""},"EventID":{"#text":"1","@Qualifiers":""},"EventRecordID":"186","Execution":{"@ProcessID":"5776","@ThreadID":"3892"},"Keywords":"0x8000000000000000","Level":"0","Opcode":"0","Provider":{"@Guid":"{bd12f3b8-fc40-4a61-a307-b7a013a069c1}","@Name":"Microsoft-Windows-Servicing"},"Security":{"@UserID":"S-1-5-18"},"Task":"0","TimeCreated":{"@SystemTime":"2016-03-05 16:11:43.990656"},"Version":"0"},"UserData":{"CbsPackageInitiateChanges":{"@xmlns":"http://manifests.microsoft.com/win/2004/08/windows/setup_provider","Client":"WindowsUpdateAgent","InitialPackageState":"Absent","IntendedPackageState":"Installed","PackageIdentifier":"KB2943357"}}}}
{"Event":{"@xmlns":"http://schemas.microsoft.com/win/2004/08/events/event","System":{"Channel":"Setup","Computer":"STOVEG-PC","Correlation":{"@ActivityID":"","@RelatedActivityID":""},"EventID":{"#text":"4","@Qualifiers":""},"EventRecordID":"187","Execution":{"@ProcessID":"5776","@ThreadID":"3892"},"Keywords":"0x8000000000000000","Level":"0","Opcode":"0","Provider":{"@Guid":"{bd12f3b8-fc40-4a61-a307-b7a013a069c1}","@Name":"Microsoft-Windows-Servicing"},"Security":{"@UserID":"S-1-5-18"},"Task":"0","TimeCreated":{"@SystemTime":"2016-03-05 16:14:06.060698"},"Version":"0"},"UserData":{"CbsPackageChangeState":{"@xmlns":"http://manifests.microsoft.com/win/2004/08/windows/setup_provider","Client":"WindowsUpdateAgent","ErrorCode":"0x0","IntendedPackageState":"Installed","PackageIdentifier":"KB2943357"}}}}
{"Event":{"@xmlns":"http://schemas.microsoft.com/win/2004/08/events/event","EventData":{"Data":[{"#text":"Windows 安全更新程序 (KB2943357)","@Name":"UpdateTitle"},{"#text":"C:\\Windows\\system32\\wusa.exe \"D:\\Program Files\\360\\360Safe\\hotfix\\Windows6.1-KB2943357-x64.msu\" /quiet /norestart","@Name":"CommandLine"}]},"System":{"Channel":"Setup","Computer":"STOVEG-PC","Correlation":{"@ActivityID":"","@RelatedActivityID":""},"EventID":{"#text":"4","@Qualifiers":""},"EventRecordID":"188","Execution":{"@ProcessID":"3628","@ThreadID":"2640"},"Keywords":"0x8000000000000000","Level":"3","Opcode":"0","Provider":{"@Guid":"{09608c12-c1da-4104-a6fe-b959cf57560a}","@Name":"Microsoft-Windows-WUSA"},"Security":{"@UserID":"S-1-5-21-131171808-3139395271-469146106-1000"},"Task":"0","TimeCreated":{"@SystemTime":"2016-03-05 16:14:10.907812"},"Version":"0"}}}
{"Event":{"@xmlns":"http://schemas.microsoft.com/win/2004/08/events/event","EventData":{"Data":[{"#text":"\"Windows 安全更新程序 (KB2943357)\"","@Name":"UpdateTitle"},{"#text":"C:\\Windows\\system32\\wusa.exe \"D:\\Program Files\\360\\360Safe\\hotfix\\Windows6.1-KB2943357-x64.msu\" /quiet /norestart","@Name":"CommandLine"}]},"System":{"Channel":"Setup","Computer":"STOVEG-PC","Correlation":{"@ActivityID":"","@RelatedActivityID":""},"EventID":{"#text":"2","@Qualifiers":""},"EventRecordID":"189","Execution":{"@ProcessID":"3628","@ThreadID":"7048"},"Keywords":"0x8000000000000000","Level":"4","Opcode":"0","Provider":{"@Guid":"{09608c12-c1da-4104-a6fe-b959cf57560a}","@Name":"Microsoft-Windows-WUSA"},"Security":{"@UserID":"S-1-5-21-131171808-3139395271-469146106-1000"},"Task":"0","TimeCreated":{"@SystemTime":"2016-03-05 16:14:11.449881"},"Version":"0"}}}
{"Event":{"@xmlns":"http://schemas.microsoft.com/win/2004/08/events/event","System":{"Channel":"Setup","Computer":"STOVEG-PC","Correlation":{"@ActivityID":"","@RelatedActivityID":""},"EventID":{"#text":"1","@Qualifiers":""},"EventRecordID":"190","Execution":{"@ProcessID":"5776","@ThreadID":"3892"},"Keywords":"0x8000000000000000","Level":"0","Opcode":"0","Provider":{"@Guid":"{bd12f3b8-fc40-4a61-a307-b7a013a069c1}","@Name":"Microsoft-Windows-Servicing"},"Security":{"@UserID":"S-1-5-18"},"Task":"0","TimeCreated":{"@SystemTime":"2016-03-05 16:14:29.152128"},"Version":"0"},"UserData":{"CbsPackageInitiateChanges":{"@xmlns":"http://manifests.microsoft.com/win/2004/08/windows/setup_provider","Client":"WindowsUpdateAgent","InitialPackageState":"Absent","IntendedPackageState":"Installed","PackageIdentifier":"KB2976897"}}}}
{"Event":{"@xmlns":"http://schemas.microsoft.com/win/2004/08/events/event","System":{"Channel":"Setup","Computer":"STOVEG-PC","Correlation":{"@ActivityID":"","@RelatedActivityID":""},"EventID":{"#text":"4","@Qualifiers":""},"EventRecordID":"191","Execution":{"@ProcessID":"5776","@ThreadID":"3892"},"Keywords":"0x8000000000000000","Level":"0","Opcode":"0","Provider":{"@Guid":"{bd12f3b8-fc40-4a61-a307-b7a013a069c1}","@Name":"Microsoft-Windows-Servicing"},"Security":{"@UserID":"S-1-5-18"},"Task":"0","TimeCreated":{"@SystemTime":"2016-03-05 16:15:16.468138"},"Version":"0"},"UserData":{"CbsPackageChangeState":{"@xmlns":"http://manifests.microsoft.com/win/2004/08/windows/setup_provider","Client":"WindowsUpdateAgent","ErrorCode":"0x0","IntendedPackageState":"Installed","PackageIdentifier":"KB2976897"}}}}
{"Event":{"@xmlns":"http://schemas.microsoft.com/win/2004/08/events/event","EventData":{"Data":[{"#text":"Windows 安全更新程序 (KB2976897)","@Name":"UpdateTitle"},{"#text":"C:\\Windows\\system32\\wusa.exe \"D:\\Program Files\\360\\360Safe\\hotfix\\Windows6.1-KB2976897-x64.msu\" /quiet /norestart","@Name":"CommandLine"}]},"System":{"Channel":"Setup","Computer":"STOVEG-PC","Correlation":{"@ActivityID":"","@RelatedActivityID":""},"EventID":{"#text":"4","@Qualifiers":""},"EventRecordID":"192","Execution":{"@ProcessID":"3748","@ThreadID":"3884"},"Keywords":"0x8000000000000000","Level":"3","Opcode":"0","Provider":{"@Guid":"{09608c12-c1da-4104-a6fe-b959cf57560a}","@Name":"Microsoft-Windows-WUSA"},"Security":{"@UserID":"S-1-5-21-131171808-3139395271-469146106-1000"},"Task":"0","TimeCreated":{"@SystemTime":"2016-03-05 16:15:17.536774"},"Version":"0"}}}
{"Event":{"@xmlns":"http://schemas.microsoft.com/win/2004/08/events/event","EventData":{"Data":[{"#text":"\"Windows 安全更新程序 (KB2976897)\"","@Name":"UpdateTitle"},{"#text":"C:\\Windows\\system32\\wusa.exe \"D:\\Program Files\\360\\360Safe\\hotfix\\Windows6.1-KB2976897-x64.msu\" /quiet /norestart","@Name":"CommandLine"}]},"System":{"Channel":"Setup","Computer":"STOVEG-PC","Correlation":{"@ActivityID":"","@RelatedActivityID":""},"EventID":{"#text":"2","@Qualifiers":""},"EventRecordID":"193","Execution":{"@ProcessID":"3748","@ThreadID":"7040"},"Keywords":"0x8000000000000000","Level":"4","Opcode":"0","Provider":{"@Guid":"{09608c12-c1da-4104-a6fe-b959cf57560a}","@Name":"Microsoft-Windows-WUSA"},"Security":{"@UserID":"S-1-5-21-131171808-3139395271-469146106-1000"},"Task":"0","TimeCreated":{"@SystemTime":"2016-03-05 16:15:17.557775"},"Version":"0"}}}
{"Event":{"@xmlns":"http://schemas.microsoft.com/win/2004/08/events/event","System":{"Channel":"Setup","Computer":"STOVEG-PC","Correlation":{"@ActivityID":"","@RelatedActivityID":""},"EventID":{"#text":"1","@Qualifiers":""},"EventRecordID":"194","Execution":{"@ProcessID":"5776","@ThreadID":"3892"},"Keywords":"0x8000000000000000","Level":"0","Opcode":"0","Provider":{"@Guid":"{bd12f3b8-fc40-4a61-a307-b7a013a069c1}","@Name":"Microsoft-Windows-Servicing"},"Security":{"@UserID":"S-1-5-18"},"Task":"0","TimeCreated":{"@SystemTime":"2016-03-05 16:15:35.161011"},"Version":"0"},"UserData":{"CbsPackageInitiateChanges":{"@xmlns":"http://manifests.microsoft.com/win/2004/08/windows/setup_provider","Client":"WindowsUpdateAgent","InitialPackageState":"Absent","IntendedPackageState":"Installed","PackageIdentifier":"KB2978668"}}}}
{"Event":{"@xmlns":"http://schemas.microsoft.com/win/2004/08/events/event","System":{"Channel":"Setup","Computer":"STOVEG-PC","Correlation":{"@ActivityID":"","@RelatedActivityID":""},"EventID":{"#text":"4","@Qualifiers":""},"EventRecordID":"195","Execution":{"@ProcessID":"5776","@ThreadID":"3892"},"Keywords":"0x8000000000000000","Level":"0","Opcode":"0","Provider":{"@Guid":"{bd12f3b8-fc40-4a61-a307-b7a013a069c1}","@Name":"Microsoft-Windows-Servicing"},"Security":{"@UserID":"S-1-5-18"},"Task":"0","TimeCreated":{"@SystemTime":"2016-03-05 16:16:18.671535"},"Version":"0"},"UserData":{"CbsPackageChangeState":{"@xmlns":"http://manifests.microsoft.com/win/2004/08/windows/setup_provider","Client":"WindowsUpdateAgent","ErrorCode":"0x0","IntendedPackageState":"Installed","PackageIdentifier":"KB2978668"}}}}
{"Event":{"@xmlns":"http://schemas.microsoft.com/win/2004/08/events/event","EventData":{"Data":[{"#text":"Windows 安全更新程序 (KB2978668)","@Name":"UpdateTitle"},{"#text":"C:\\Windows\\system32\\wusa.exe \"D:\\Program Files\\360\\360Safe\\hotfix\\Windows6.1-KB2978668-x64.msu\" /quiet /norestart","@Name":"CommandLine"}]},"System":{"Channel":"Setup","Computer":"STOVEG-PC","Correlation":{"@ActivityID":"","@RelatedActivityID":""},"EventID":{"#text":"4","@Qualifiers":""},"EventRecordID":"196","Execution":{"@ProcessID":"532","@ThreadID":"4560"},"Keywords":"0x8000000000000000","Level":"3","Opcode":"0","Provider":{"@Guid":"{09608c12-c1da-4104-a6fe-b959cf57560a}","@Name":"Microsoft-Windows-WUSA"},"Security":{"@UserID":"S-1-5-21-131171808-3139395271-469146106-1000"},"Task":"0","TimeCreated":{"@SystemTime":"2016-03-05 16:16:19.362123"},"Version":"0"}}}
{"Event":{"@xmlns":"http://schemas.microsoft.com/win/2004/08/events/event","EventData":{"Data":[{"#text":"\"Windows 安全更新程序 (KB2978668)\"","@Name":"UpdateTitle"},{"#text":"C:\\Windows\\system32\\wusa.exe \"D:\\Program Files\\360\\360Safe\\hotfix\\Windows6.1-KB2978668-x64.msu\" /quiet /norestart","@Name":"CommandLine"}]},"System":{"Channel":"Setup","Computer":"STOVEG-PC","Correlation":{"@ActivityID":"","@RelatedActivityID":""},"EventID":{"#text":"2","@Qualifiers":""},"EventRecordID":"197","Execution":{"@ProcessID":"532","@ThreadID":"5400"},"Keywords":"0x8000000000000000","Level":"4","Opcode":"0","Provider":{"@Guid":"{09608c12-c1da-4104-a6fe-b959cf57560a}","@Name":"Microsoft-Windows-WUSA"},"Security":{"@UserID":"S-1-5-21-131171808-3139395271-469146106-1000"},"Task":"0","TimeCreated":{"@SystemTime":"2016-03-05 16:16:19.389128"},"Version":"0"}}}
{"Event":{"@xmlns":"http://schemas.microsoft.com/win/2004/08/events/event","System":{"Channel":"Setup","Computer":"STOVEG-PC","Correlation":{"@ActivityID":"","@RelatedActivityID":""},"EventID":{"#text":"1","@Qualifiers":""},"EventRecordID":"198","Execution":{"@ProcessID":"5776","@ThreadID":"3892"},"Keywords":"0x8000000000000000","Level":"0","Opcode":"0","Provider":{"@Guid":"{bd12f3b8-fc40-4a61-a307-b7a013a069c1}","@Name":"Microsoft-Windows-Servicing"},"Security":{"@UserID":"S-1-5-18"},"Task":"0","TimeCreated":{"@SystemTime":"2016-03-05 16:16:34.511047"},"Version":"0"},"UserData":{"CbsPackageInitiateChanges":{"@xmlns":"http://manifests.microsoft.com/win/2004/08/windows/setup_provider","Client":"WindowsUpdateAgent","InitialPackageState":"Absent","IntendedPackageState":"Installed","PackageIdentifier":"KB2978742"}}}}
{"Event":{"@xmlns":"http://schemas.microsoft.com/win/2004/08/events/event","System":{"Channel":"Setup","Computer":"STOVEG-PC","Correlation":{"@ActivityID":"","@RelatedActivityID":""},"EventID":{"#text":"4","@Qualifiers":""},"EventRecordID":"199","Execution":{"@ProcessID":"5776","@ThreadID":"3892"},"Keywords":"0x8000000000000000","Level":"0","Opcode":"0","Provider":{"@Guid":"{bd12f3b8-fc40-4a61-a307-b7a013a069c1}","@Name":"Microsoft-Windows-Servicing"},"Security":{"@UserID":"S-1-5-18"},"Task":"0","TimeCreated":{"@SystemTime":"2016-03-05 16:17:10.694141"},"Version":"0"},"UserData":{"CbsPackageChangeState":{"@xmlns":"http://manifests.microsoft.com/win/2004/08/windows/setup_provider","Client":"WindowsUpdateAgent","ErrorCode":"0x0","IntendedPackageState":"Installed","PackageIdentifier":"KB2978742"}}}}
{"Event":{"@xmlns":"http://schemas.microsoft.com/win/2004/08/events/event","EventData":{"Data":[{"#text":"Windows 安全更新程序 (KB2978742)","@Name":"UpdateTitle"},{"#text":"C:\\Windows\\system32\\wusa.exe \"D:\\Program Files\\360\\360Safe\\hotfix\\Windows6.1-KB2978742-x64.msu\" /quiet /norestart","@Name":"CommandLine"}]},"System":{"Channel":"Setup","Computer":"STOVEG-PC","Correlation":{"@ActivityID":"","@RelatedActivityID":""},"EventID":{"#text":"4","@Qualifiers":""},"EventRecordID":"200","Execution":{"@ProcessID":"3648","@ThreadID":"5880"},"Keywords":"0x8000000000000000","Level":"3","Opcode":"0","Provider":{"@Guid":"{09608c12-c1da-4104-a6fe-b959cf57560a}","@Name":"Microsoft-Windows-WUSA"},"Security":{"@UserID":"S-1-5-21-131171808-3139395271-469146106-1000"},"Task":"0","TimeCreated":{"@SystemTime":"2016-03-05 16:17:11.536749"},"Version":"0"}}}
{"Event":{"@xmlns":"http://schemas.microsoft.com/win/2004/08/events/event","EventData":{"Data":[{"#text":"\"Windows 安全更新程序 (KB2978742)\"","@Name":"UpdateTitle"},{"#text":"C:\\Windows\\system32\\wusa.exe \"D:\\Program Files\\360\\360Safe\\hotfix\\Windows6.1-KB2978742-x64.msu\" /quiet /norestart","@Name":"CommandLine"}]},"System":{"Channel":"Setup","Computer":"STOVEG-PC","Correlation":{"@ActivityID":"","@RelatedActivityID":""},"EventID":{"#text":"2","@Qualifiers":""},"EventRecordID":"201","Execution":{"@ProcessID":"3648","@ThreadID":"4720"},"Keywords":"0x8000000000000000","Level":"4","Opcode":"0","Provider":{"@Guid":"{09608c12-c1da-4104-a6fe-b959cf57560a}","@Name":"Microsoft-Windows-WUSA"},"Security":{"@UserID":"S-1-5-21-131171808-3139395271-469146106-1000"},"Task":"0","TimeCreated":{"@SystemTime":"2016-03-05 16:17:11.569254"},"Version":"0"}}}
{"Event":{"@xmlns":"http://schemas.microsoft.com/win/2004/08/events/event","System":{"Channel":"Setup","Computer":"STOVEG-PC","Correlation":{"@ActivityID":"","@RelatedActivityID":""},"EventID":{"#text":"1","@Qualifiers":""},"EventRecordID":"202","Execution":{"@ProcessID":"5776","@ThreadID":"3892"},"Keywords":"0x8000000000000000","Level":"0","Opcode":"0","Provider":{"@Guid":"{bd12f3b8-fc40-4a61-a307-b7a013a069c1}","@Name":"Microsoft-Windows-Servicing"},"Security":{"@UserID":"S-1-5-18"},"Task":"0","TimeCreated":{"@SystemTime":"2016-03-05 16:17:28.980965"},"Version":"0"},"UserData":{"CbsPackageInitiateChanges":{"@xmlns":"http://manifests.microsoft.com/win/2004/08/windows/setup_provider","Client":"WindowsUpdateAgent","InitialPackageState":"Absent","IntendedPackageState":"Installed","PackageIdentifier":"KB2980245"}}}}
{"Event":{"@xmlns":"http://schemas.microsoft.com/win/2004/08/events/event","System":{"Channel":"Setup","Computer":"STOVEG-PC","Correlation":{"@ActivityID":"","@RelatedActivityID":""},"EventID":{"#text":"4","@Qualifiers":""},"EventRecordID":"203","Execution":{"@ProcessID":"5776","@ThreadID":"3892"},"Keywords":"0x8000000000000000","Level":"0","Opcode":"0","Provider":{"@Guid":"{bd12f3b8-fc40-4a61-a307-b7a013a069c1}","@Name":"Microsoft-Windows-Servicing"},"Security":{"@UserID":"S-1-5-18"},"Task":"0","TimeCreated":{"@SystemTime":"2016-03-05 16:18:12.257460"},"Version":"0"},"UserData":{"CbsPackageChangeState":{"@xmlns":"http://manifests.microsoft.com/win/2004/08/windows/setup_provider","Client":"WindowsUpdateAgent","ErrorCode":"0x0","IntendedPackageState":"Installed","PackageIdentifier":"KB2980245"}}}}
{"Event":{"@xmlns":"http://schemas.microsoft.com/win/2004/08/events/event","EventData":{"Data":[{"#text":"Windows 更新程序 (KB2980245)","@Name":"UpdateTitle"},{"#text":"C:\\Windows\\system32\\wusa.exe \"D:\\Program Files\\360\\360Safe\\hotfix\\Windows6.1-KB2980245-x64.msu\" /quiet /norestart","@Name":"CommandLine"}]},"System":{"Channel":"Setup","Computer":"STOVEG-PC","Correlation":{"@ActivityID":"","@RelatedActivityID":""},"EventID":{"#text":"4","@Qualifiers":""},"EventRecordID":"204","Execution":{"@ProcessID":"5764","@ThreadID":"5828"},"Keywords":"0x8000000000000000","Level":"3","Opcode":"0","Provider":{"@Guid":"{09608c12-c1da-4104-a6fe-b959cf57560a}","@Name":"Microsoft-Windows-WUSA"},"Security":{"@UserID":"S-1-5-21-131171808-3139395271-469146106-1000"},"Task":"0","TimeCreated":{"@SystemTime":"2016-03-05 16:18:14.850288"},"Version":"0"}}}
{"Event":{"@xmlns":"http://schemas.microsoft.com/win/2004/08/events/event","EventData":{"Data":[{"#text":"\"Windows 更新程序 (KB2980245)\"","@Name":"UpdateTitle"},{"#text":"C:\\Windows\\system32\\wusa.exe \"D:\\Program Files\\360\\360Safe\\hotfix\\Windows6.1-KB2980245-x64.msu\" /quiet /norestart","@Name":"CommandLine"}]},"System":{"Channel":"Setup","Computer":"STOVEG-PC","Correlation":{"@ActivityID":"","@RelatedActivityID":""},"EventID":{"#text":"2","@Qualifiers":""},"EventRecordID":"205","Execution":{"@ProcessID":"5764","@ThreadID":"4812"},"Keywords":"0x8000000000000000","Level":"4","Opcode":"0","Provider":{"@Guid":"{09608c12-c1da-4104-a6fe-b959cf57560a}","@Name":"Microsoft-Windows-WUSA"},"Security":{"@UserID":"S-1-5-21-131171808-3139395271-469146106-1000"},"Task":"0","TimeCreated":{"@SystemTime":"2016-03-05 16:18:15.193832"},"Version":"0"}}}
{"Event":{"@xmlns":"http://schemas.microsoft.com/win/2004/08/events/event","System":{"Channel":"Setup","Computer":"STOVEG-PC","Correlation":{"@ActivityID":"","@RelatedActivityID":""},"EventID":{"#text":"1","@Qualifiers":""},"EventRecordID":"206","Execution":{"@ProcessID":"5776","@ThreadID":"3892"},"Keywords":"0x8000000000000000","Level":"0","Opcode":"0","Provider":{"@Guid":"{bd12f3b8-fc40-4a61-a307-b7a013a069c1}","@Name":"Microsoft-Windows-Servicing"},"Security":{"@UserID":"S-1-5-18"},"Task":"0","TimeCreated":{"@SystemTime":"2016-03-05 16:19:00.846630"},"Version":"0"},"UserData":{"CbsPackageInitiateChanges":{"@xmlns":"http://manifests.microsoft.com/win/2004/08/windows/setup_provider","Client":"WindowsUpdateAgent","InitialPackageState":"Absent","IntendedPackageState":"Installed","PackageIdentifier":"KB2993651"}}}}
{"Event":{"@xmlns":"http://schemas.microsoft.com/win/2004/08/events/event","System":{"Channel":"Setup","Computer":"STOVEG-PC","Correlation":{"@ActivityID":"","@RelatedActivityID":""},"EventID":{"#text":"4","@Qualifiers":""},"EventRecordID":"207","Execution":{"@ProcessID":"5776","@ThreadID":"3892"},"Keywords":"0x8000000000000000","Level":"0","Opcode":"0","Provider":{"@Guid":"{bd12f3b8-fc40-4a61-a307-b7a013a069c1}","@Name":"Microsoft-Windows-Servicing"},"Security":{"@UserID":"S-1-5-18"},"Task":"0","TimeCreated":{"@SystemTime":"2016-03-05 16:20:39.356138"},"Version":"0"},"UserData":{"CbsPackageChangeState":{"@xmlns":"http://manifests.microsoft.com/win/2004/08/windows/setup_provider","Client":"WindowsUpdateAgent","ErrorCode":"0x0","IntendedPackageState":"Installed","PackageIdentifier":"KB2993651"}}}}
{"Event":{"@xmlns":"http://schemas.microsoft.com/win/2004/08/events/event","EventData":{"Data":[{"#text":"Windows 更新程序 (KB2993651)","@Name":"UpdateTitle"},{"#text":"C:\\Windows\\system32\\wusa.exe \"D:\\Program Files\\360\\360Safe\\hotfix\\Windows6.1-KB2993651-x64.msu\" /quiet /norestart","@Name":"CommandLine"}]},"System":{"Channel":"Setup","Computer":"STOVEG-PC","Correlation":{"@ActivityID":"","@RelatedActivityID":""},"EventID":{"#text":"4","@Qualifiers":""},"EventRecordID":"208","Execution":{"@ProcessID":"5320","@ThreadID":"4188"},"Keywords":"0x8000000000000000","Level":"3","Opcode":"0","Provider":{"@Guid":"{09608c12-c1da-4104-a6fe-b959cf57560a}","@Name":"Microsoft-Windows-WUSA"},"Security":{"@UserID":"S-1-5-21-131171808-3139395271-469146106-1000"},"Task":"0","TimeCreated":{"@SystemTime":"2016-03-05 16:20:40.795321"},"Version":"0"}}}
{"Event":{"@xmlns":"http://schemas.microsoft.com/win/2004/08/events/event","EventData":{"Data":[{"#text":"\"Windows 更新程序 (KB2993651)\"","@Name":"UpdateTitle"},{"#text":"C:\\Windows\\system32\\wusa.exe \"D:\\Program Files\\360\\360Safe\\hotfix\\Windows6.1-KB2993651-x64.msu\" /quiet /norestart","@Name":"CommandLine"}]},"System":{"Channel":"Setup","Computer":"STOVEG-PC","Correlation":{"@ActivityID":"","@RelatedActivityID":""},"EventID":{"#text":"2","@Qualifiers":""},"EventRecordID":"209","Execution":{"@ProcessID":"5320","@ThreadID":"6880"},"Keywords":"0x8000000000000000","Level":"4","Opcode":"0","Provider":{"@Guid":"{09608c12-c1da-4104-a6fe-b959cf57560a}","@Name":"Microsoft-Windows-WUSA"},"Security":{"@UserID":"S-1-5-21-131171808-3139395271-469146106-1000"},"Task":"0","TimeCreated":{"@SystemTime":"2016-03-05 16:20:41.865458"},"Version":"0"}}}
{"Event":{"@xmlns":"http://schemas.microsoft.com/win/2004/08/events/event","EventData":{"Data":[{"@Name":"UpdateTitle"},{"#text":"2359302","@Name":"ErrorCode"},{"@Name":"ErrorString"},{"#text":"C:\\Windows\\system32\\wusa.exe \"C:\\Windows\\Temp\\WdfTemp\\Kmdf-1.11-Win-6.1.msu\" /quiet /norestart","@Name":"CommandLine"}]},"System":{"Channel":"Setup","Computer":"STOVEG-PC","Correlation":{"@ActivityID":"","@RelatedActivityID":""},"EventID":{"#text":"3","@Qualifiers":""},"EventRecordID":"210","Execution":{"@ProcessID":"4104","@ThreadID":"4380"},"Keywords":"0x8000000000000000","Level":"2","Opcode":"0","Provider":{"@Guid":"{09608c12-c1da-4104-a6fe-b959cf57560a}","@Name":"Microsoft-Windows-WUSA"},"Security":{"@UserID":"S-1-5-18"},"Task":"0","TimeCreated":{"@SystemTime":"2016-03-05 16:22:58.265278"},"Version":"0"}}}
{"Event":{"@xmlns":"http://schemas.microsoft.com/win/2004/08/events/event","EventData":{"Data":[{"@Name":"UpdateTitle"},{"#text":"2359302","@Name":"ErrorCode"},{"@Name":"ErrorString"},{"#text":"C:\\Windows\\system32\\wusa.exe \"C:\\Windows\\Temp\\WdfTemp\\Kmdf-1.11-Win-6.1.msu\" /quiet /norestart","@Name":"CommandLine"}]},"System":{"Channel":"Setup","Computer":"STOVEG-PC","Correlation":{"@ActivityID":"","@RelatedActivityID":""},"EventID":{"#text":"3","@Qualifiers":""},"EventRecordID":"211","Execution":{"@ProcessID":"6736","@ThreadID":"5220"},"Keywords":"0x8000000000000000","Level":"2","Opcode":"0","Provider":{"@Guid":"{09608c12-c1da-4104-a6fe-b959cf57560a}","@Name":"Microsoft-Windows-WUSA"},"Security":{"@UserID":"S-1-5-18"},"Task":"0","TimeCreated":{"@SystemTime":"2016-03-05 16:24:59.196135"},"Version":"0"}}}
{"Event":{"@xmlns":"http://schemas.microsoft.com/win/2004/08/events/event","System":{"Channel":"Setup","Computer":"STOVEG-PC","Correlation":{"@ActivityID":"","@RelatedActivityID":""},"EventID":{"#text":"2","@Qualifiers":""},"EventRecordID":"212","Execution":{"@ProcessID":"1036","@ThreadID":"1220"},"Keywords":"0x8000000000000000","Level":"0","Opcode":"0","Provider":{"@Guid":"{bd12f3b8-fc40-4a61-a307-b7a013a069c1}","@Name":"Microsoft-Windows-Servicing"},"Security":{"@UserID":"S-1-5-18"},"Task":"0","TimeCreated":{"@SystemTime":"2016-03-05 16:33:04.372160"},"Version":"0"},"UserData":{"CbsPackageChangeState":{"@xmlns":"http://manifests.microsoft.com/win/2004/08/windows/setup_provider","Client":"WindowsUpdateAgent","ErrorCode":"0x0","IntendedPackageState":"Installed","PackageIdentifier":"KB2743555"}}}}
{"Event":{"@xmlns":"http://schemas.microsoft.com/win/2004/08/events/event","System":{"Channel":"Setup","Computer":"STOVEG-PC","Correlation":{"@ActivityID":"","@RelatedActivityID":""},"EventID":{"#text":"2","@Qualifiers":""},"EventRecordID":"213","Execution":{"@ProcessID":"1036","@ThreadID":"1220"},"Keywords":"0x8000000000000000","Level":"0","Opcode":"0","Provider":{"@Guid":"{bd12f3b8-fc40-4a61-a307-b7a013a069c1}","@Name":"Microsoft-Windows-Servicing"},"Security":{"@UserID":"S-1-5-18"},"Task":"0","TimeCreated":{"@SystemTime":"2016-03-05 16:33:04.450159"},"Version":"0"},"UserData":{"CbsPackageChangeState":{"@xmlns":"http://manifests.microsoft.com/win/2004/08/windows/setup_provider","Client":"DISM Package Manager Provider","ErrorCode":"0x0","IntendedPackageState":"Installed","PackageIdentifier":"KB2705219"}}}}
{"Event":{"@xmlns":"http://schemas.microsoft.com/win/2004/08/events/event","System":{"Channel":"Setup","Computer":"STOVEG-PC","Correlation":{"@ActivityID":"","@RelatedActivityID":""},"EventID":{"#text":"2","@Qualifiers":""},"EventRecordID":"214","Execution":{"@ProcessID":"1036","@ThreadID":"1220"},"Keywords":"0x8000000000000000","Level":"0","Opcode":"0","Provider":{"@Guid":"{bd12f3b8-fc40-4a61-a307-b7a013a069c1}","@Name":"Microsoft-Windows-Servicing"},"Security":{"@UserID":"S-1-5-18"},"Task":"0","TimeCreated":{"@SystemTime":"2016-03-05 16:33:04.465759"},"Version":"0"},"UserData":{"CbsPackageChangeState":{"@xmlns":"http://manifests.microsoft.com/win/2004/08/windows/setup_provider","Client":"WindowsUpdateAgent","ErrorCode":"0x0","IntendedPackageState":"Installed","PackageIdentifier":"KB2727528"}}}}
{"Event":{"@xmlns":"http://schemas.microsoft.com/win/2004/08/events/event","System":{"Channel":"Setup","Computer":"STOVEG-PC","Correlation":{"@ActivityID":"","@RelatedActivityID":""},"EventID":{"#text":"2","@Qualifiers":""},"EventRecordID":"215","Execution":{"@ProcessID":"1036","@ThreadID":"1220"},"Keywords":"0x8000000000000000","Level":"0","Opcode":"0","Provider":{"@Guid":"{bd12f3b8-fc40-4a61-a307-b7a013a069c1}","@Name":"Microsoft-Windows-Servicing"},"Security":{"@UserID":"S-1-5-18"},"Task":"0","TimeCreated":{"@SystemTime":"2016-03-05 16:33:04.481359"},"Version":"0"},"UserData":{"CbsPackageChangeState":{"@xmlns":"http://manifests.microsoft.com/win/2004/08/windows/setup_provider","Client":"WindowsUpdateAgent","ErrorCode":"0x0","IntendedPackageState":"Installed","PackageIdentifier":"KB2729452"}}}}
{"Event":{"@xmlns":"http://schemas.microsoft.com/win/2004/08/events/event","System":{"Channel":"Setup","Computer":"STOVEG-PC","Correlation":{"@ActivityID":"","@RelatedActivityID":""},"EventID":{"#text":"2","@Qualifiers":""},"EventRecordID":"216","Execution":{"@ProcessID":"1036","@ThreadID":"1220"},"Keywords":"0x8000000000000000","Level":"0","Opcode":"0","Provider":{"@Guid":"{bd12f3b8-fc40-4a61-a307-b7a013a069c1}","@Name":"Microsoft-Windows-Servicing"},"Security":{"@UserID":"S-1-5-18"},"Task":"0","TimeCreated":{"@SystemTime":"2016-03-05 16:33:04.496960"},"Version":"0"},"UserData":{"CbsPackageChangeState":{"@xmlns":"http://manifests.microsoft.com/win/2004/08/windows/setup_provider","Client":"WindowsUpdateAgent","ErrorCode":"0x0","IntendedPackageState":"Installed","PackageIdentifier":"KB2758857"}}}}
{"Event":{"@xmlns":"http://schemas.microsoft.com/win/2004/08/events/event","System":{"Channel":"Setup","Computer":"STOVEG-PC","Correlation":{"@ActivityID":"","@RelatedActivityID":""},"EventID":{"#text":"2","@Qualifiers":""},"EventRecordID":"217","Execution":{"@ProcessID":"1036","@ThreadID":"1220"},"Keywords":"0x8000000000000000","Level":"0","Opcode":"0","Provider":{"@Guid":"{bd12f3b8-fc40-4a61-a307-b7a013a069c1}","@Name":"Microsoft-Windows-Servicing"},"Security":{"@UserID":"S-1-5-18"},"Task":"0","TimeCreated":{"@SystemTime":"2016-03-05 16:33:04.512560"},"Version":"0"},"UserData":{"CbsPackageChangeState":{"@xmlns":"http://manifests.microsoft.com/win/2004/08/windows/setup_provider","Client":"WindowsUpdateAgent","ErrorCode":"0x0","IntendedPackageState":"Installed","PackageIdentifier":"KB2770660"}}}}
{"Event":{"@xmlns":"http://schemas.microsoft.com/win/2004/08/events/event","System":{"Channel":"Setup","Computer":"STOVEG-PC","Correlation":{"@ActivityID":"","@RelatedActivityID":""},"EventID":{"#text":"2","@Qualifiers":""},"EventRecordID":"218","Execution":{"@ProcessID":"1036","@ThreadID":"1220"},"Keywords":"0x8000000000000000","Level":"0","Opcode":"0","Provider":{"@Guid":"{bd12f3b8-fc40-4a61-a307-b7a013a069c1}","@Name":"Microsoft-Windows-Servicing"},"Security":{"@UserID":"S-1-5-18"},"Task":"0","TimeCreated":{"@SystemTime":"2016-03-05 16:33:04.528160"},"Version":"0"},"UserData":{"CbsPackageChangeState":{"@xmlns":"http://manifests.microsoft.com/win/2004/08/windows/setup_provider","Client":"WindowsUpdateAgent","ErrorCode":"0x0","IntendedPackageState":"Installed","PackageIdentifier":"KB2736422"}}}}
{"Event":{"@xmlns":"http://schemas.microsoft.com/win/2004/08/events/event","System":{"Channel":"Setup","Computer":"STOVEG-PC","Correlation":{"@ActivityID":"","@RelatedActivityID":""},"EventID":{"#text":"2","@Qualifiers":""},"EventRecordID":"219","Execution":{"@ProcessID":"1036","@ThreadID":"1220"},"Keywords":"0x8000000000000000","Level":"0","Opcode":"0","Provider":{"@Guid":"{bd12f3b8-fc40-4a61-a307-b7a013a069c1}","@Name":"Microsoft-Windows-Servicing"},"Security":{"@UserID":"S-1-5-18"},"Task":"0","TimeCreated":{"@SystemTime":"2016-03-05 16:33:04.528160"},"Version":"0"},"UserData":{"CbsPackageChangeState":{"@xmlns":"http://manifests.microsoft.com/win/2004/08/windows/setup_provider","Client":"WindowsUpdateAgent","ErrorCode":"0x0","IntendedPackageState":"Installed","PackageIdentifier":"KB2742599"}}}}
{"Event":{"@xmlns":"http://schemas.microsoft.com/win/2004/08/events/event","System":{"Channel":"Setup","Computer":"STOVEG-PC","Correlation":{"@ActivityID":"","@RelatedActivityID":""},"EventID":{"#text":"2","@Qualifiers":""},"EventRecordID":"220","Execution":{"@ProcessID":"1036","@ThreadID":"1220"},"Keywords":"0x8000000000000000","Level":"0","Opcode":"0","Provider":{"@Guid":"{bd12f3b8-fc40-4a61-a307-b7a013a069c1}","@Name":"Microsoft-Windows-Servicing"},"Security":{"@UserID":"S-1-5-18"},"Task":"0","TimeCreated":{"@SystemTime":"2016-03-05 16:33:04.528160"},"Version":"0"},"UserData":{"CbsPackageChangeState":{"@xmlns":"http://manifests.microsoft.com/win/2004/08/windows/setup_provider","Client":"WindowsUpdateAgent","ErrorCode":"0x0","IntendedPackageState":"Installed","PackageIdentifier":"KB2757638"}}}}
{"Event":{"@xmlns":"http://schemas.microsoft.com/win/2004/08/events/event","System":{"Channel":"Setup","Computer":"STOVEG-PC","Correlation":{"@ActivityID":"","@RelatedActivityID":""},"EventID":{"#text":"2","@Qualifiers":""},"EventRecordID":"221","Execution":{"@ProcessID":"1036","@ThreadID":"1220"},"Keywords":"0x8000000000000000","Level":"0","Opcode":"0","Provider":{"@Guid":"{bd12f3b8-fc40-4a61-a307-b7a013a069c1}","@Name":"Microsoft-Windows-Servicing"},"Security":{"@UserID":"S-1-5-18"},"Task":"0","TimeCreated":{"@SystemTime":"2016-03-05 16:33:04.543760"},"Version":"0"},"UserData":{"CbsPackageChangeState":{"@xmlns":"http://manifests.microsoft.com/win/2004/08/windows/setup_provider","Client":"WindowsUpdateAgent","ErrorCode":"0x0","IntendedPackageState":"Installed","PackageIdentifier":"KB2789645"}}}}
{"Event":{"@xmlns":"http://schemas.microsoft.com/win/2004/08/events/event","System":{"Channel":"Setup","Computer":"STOVEG-PC","Correlation":{"@ActivityID":"","@RelatedActivityID":""},"EventID":{"#text":"2","@Qualifiers":""},"EventRecordID":"222","Execution":{"@ProcessID":"1036","@ThreadID":"1220"},"Keywords":"0x8000000000000000","Level":"0","Opcode":"0","Provider":{"@Guid":"{bd12f3b8-fc40-4a61-a307-b7a013a069c1}","@Name":"Microsoft-Windows-Servicing"},"Security":{"@UserID":"S-1-5-18"},"Task":"0","TimeCreated":{"@SystemTime":"2016-03-05 16:33:04.543760"},"Version":"0"},"UserData":{"CbsPackageChangeState":{"@xmlns":"http://manifests.microsoft.com/win/2004/08/windows/setup_provider","Client":"WindowsUpdateAgent","ErrorCode":"0x0","IntendedPackageState":"Installed","PackageIdentifier":"KB2807986"}}}}
{"Event":{"@xmlns":"http://schemas.microsoft.com/win/2004/08/events/event","System":{"Channel":"Setup","Computer":"STOVEG-PC","Correlation":{"@ActivityID":"","@RelatedActivityID":""},"EventID":{"#text":"2","@Qualifiers":""},"EventRecordID":"223","Execution":{"@ProcessID":"1036","@ThreadID":"1220"},"Keywords":"0x8000000000000000","Level":"0","Opcode":"0","Provider":{"@Guid":"{bd12f3b8-fc40-4a61-a307-b7a013a069c1}","@Name":"Microsoft-Windows-Servicing"},"Security":{"@UserID":"S-1-5-18"},"Task":"0","TimeCreated":{"@SystemTime":"2016-03-05 16:33:04.621759"},"Version":"0"},"UserData":{"CbsPackageChangeState":{"@xmlns":"http://manifests.microsoft.com/win/2004/08/windows/setup_provider","Client":"WindowsUpdateAgent","ErrorCode":"0x0","IntendedPackageState":"Installed","PackageIdentifier":"KB2840149"}}}}
{"Event":{"@xmlns":"http://schemas.microsoft.com/win/2004/08/events/event","System":{"Channel":"Setup","Computer":"STOVEG-PC","Correlation":{"@ActivityID":"","@RelatedActivityID":""},"EventID":{"#text":"2","@Qualifiers":""},"EventRecordID":"224","Execution":{"@ProcessID":"1036","@ThreadID":"1220"},"Keywords":"0x8000000000000000","Level":"0","Opcode":"0","Provider":{"@Guid":"{bd12f3b8-fc40-4a61-a307-b7a013a069c1}","@Name":"Microsoft-Windows-Servicing"},"Security":{"@UserID":"S-1-5-18"},"Task":"0","TimeCreated":{"@SystemTime":"2016-03-05 16:33:04.652960"},"Version":"0"},"UserData":{"CbsPackageChangeState":{"@xmlns":"http://manifests.microsoft.com/win/2004/08/windows/setup_provider","Client":"WindowsUpdateAgent","ErrorCode":"0x0","IntendedPackageState":"Installed","PackageIdentifier":"KB2813430"}}}}
{"Event":{"@xmlns":"http://schemas.microsoft.com/win/2004/08/events/event","System":{"Channel":"Setup","Computer":"STOVEG-PC","Correlation":{"@ActivityID":"","@RelatedActivityID":""},"EventID":{"#text":"2","@Qualifiers":""},"EventRecordID":"225","Execution":{"@ProcessID":"1036","@ThreadID":"1220"},"Keywords":"0x8000000000000000","Level":"0","Opcode":"0","Provider":{"@Guid":"{bd12f3b8-fc40-4a61-a307-b7a013a069c1}","@Name":"Microsoft-Windows-Servicing"},"Security":{"@UserID":"S-1-5-18"},"Task":"0","TimeCreated":{"@SystemTime":"2016-03-05 16:33:04.652960"},"Version":"0"},"UserData":{"CbsPackageChangeState":{"@xmlns":"http://manifests.microsoft.com/win/2004/08/windows/setup_provider","Client":"WindowsUpdateAgent","ErrorCode":"0x0","IntendedPackageState":"Installed","PackageIdentifier":"KB2839894"}}}}
{"Event":{"@xmlns":"http://schemas.microsoft.com/win/2004/08/events/event","System":{"Channel":"Setup","Computer":"STOVEG-PC","Correlation":{"@ActivityID":"","@RelatedActivityID":""},"EventID":{"#text":"2","@Qualifiers":""},"EventRecordID":"226","Execution":{"@ProcessID":"1036","@ThreadID":"1220"},"Keywords":"0x8000000000000000","Level":"0","Opcode":"0","Provider":{"@Guid":"{bd12f3b8-fc40-4a61-a307-b7a013a069c1}","@Name":"Microsoft-Windows-Servicing"},"Security":{"@UserID":"S-1-5-18"},"Task":"0","TimeCreated":{"@SystemTime":"2016-03-05 16:33:04.668560"},"Version":"0"},"UserData":{"CbsPackageChangeState":{"@xmlns":"http://manifests.microsoft.com/win/2004/08/windows/setup_provider","Client":"WindowsUpdateAgent","ErrorCode":"0x0","IntendedPackageState":"Installed","PackageIdentifier":"KB2803821"}}}}
{"Event":{"@xmlns":"http://schemas.microsoft.com/win/2004/08/events/event","System":{"Channel":"Setup","Computer":"STOVEG-PC","Correlation":{"@ActivityID":"","@RelatedActivityID":""},"EventID":{"#text":"2","@Qualifiers":""},"EventRecordID":"227","Execution":{"@ProcessID":"1036","@ThreadID":"1220"},"Keywords":"0x8000000000000000","Level":"0","Opcode":"0","Provider":{"@Guid":"{bd12f3b8-fc40-4a61-a307-b7a013a069c1}","@Name":"Microsoft-Windows-Servicing"},"Security":{"@UserID":"S-1-5-18"},"Task":"0","TimeCreated":{"@SystemTime":"2016-03-05 16:33:04.684160"},"Version":"0"},"UserData":{"CbsPackageChangeState":{"@xmlns":"http://manifests.microsoft.com/win/2004/08/windows/setup_provider","Client":"WindowsUpdateAgent","ErrorCode":"0x0","IntendedPackageState":"Installed","PackageIdentifier":"KB2840631"}}}}
{"Event":{"@xmlns":"http://schemas.microsoft.com/win/2004/08/events/event","System":{"Channel":"Setup","Computer":"STOVEG-PC","Correlation":{"@ActivityID":"","@RelatedActivityID":""},"EventID":{"#text":"2","@Qualifiers":""},"EventRecordID":"228","Execution":{"@ProcessID":"1036","@ThreadID":"1220"},"Keywords":"0x8000000000000000","Level":"0","Opcode":"0","Provider":{"@Guid":"{bd12f3b8-fc40-4a61-a307-b7a013a069c1}","@Name":"Microsoft-Windows-Servicing"},"Security":{"@UserID":"S-1-5-18"},"Task":"0","TimeCreated":{"@SystemTime":"2016-03-05 16:33:04.684160"},"Version":"0"},"UserData":{"CbsPackageChangeState":{"@xmlns":"http://manifests.microsoft.com/win/2004/08/windows/setup_provider","Client":"WindowsUpdateAgent","ErrorCode":"0x0","IntendedPackageState":"Installed","PackageIdentifier":"KB2847927"}}}}
{"Event":{"@xmlns":"http://schemas.microsoft.com/win/2004/08/events/event","System":{"Channel":"Setup","Computer":"STOVEG-PC","Correlation":{"@ActivityID":"","@RelatedActivityID":""},"EventID":{"#text":"2","@Qualifiers":""},"EventRecordID":"229","Execution":{"@ProcessID":"1036","@ThreadID":"1220"},"Keywords":"0x8000000000000000","Level":"0","Opcode":"0","Provider":{"@Guid":"{bd12f3b8-fc40-4a61-a307-b7a013a069c1}","@Name":"Microsoft-Windows-Servicing"},"Security":{"@UserID":"S-1-5-18"},"Task":"0","TimeCreated":{"@SystemTime":"2016-03-05 16:33:04.699759"},"Version":"0"},"UserData":{"CbsPackageChangeState":{"@xmlns":"http://manifests.microsoft.com/win/2004/08/windows/setup_provider","Client":"WindowsUpdateAgent","ErrorCode":"0x0","IntendedPackageState":"Installed","PackageIdentifier":"KB2861855"}}}}
{"Event":{"@xmlns":"http://schemas.microsoft.com/win/2004/08/events/event","System":{"Channel":"Setup","Computer":"STOVEG-PC","Correlation":{"@ActivityID":"","@RelatedActivityID":""},"EventID":{"#text":"2","@Qualifiers":""},"EventRecordID":"230","Execution":{"@ProcessID":"1036","@ThreadID":"1220"},"Keywords":"0x8000000000000000","Level":"0","Opcode":"0","Provider":{"@Guid":"{bd12f3b8-fc40-4a61-a307-b7a013a069c1}","@Name":"Microsoft-Windows-Servicing"},"Security":{"@UserID":"S-1-5-18"},"Task":"0","TimeCreated":{"@SystemTime":"2016-03-05 16:33:04.715359"},"Version":"0"},"UserData":{"CbsPackageChangeState":{"@xmlns":"http://manifests.microsoft.com/win/2004/08/windows/setup_provider","Client":"WindowsUpdateAgent","ErrorCode":"0x0","IntendedPackageState":"Installed","PackageIdentifier":"KB2862966"}}}}
{"Event":{"@xmlns":"http://schemas.microsoft.com/win/2004/08/events/event","System":{"Channel":"Setup","Computer":"STOVEG-PC","Correlation":{"@ActivityID":"","@RelatedActivityID":""},"EventID":{"#text":"2","@Qualifiers":""},"EventRecordID":"231","Execution":{"@ProcessID":"1036","@ThreadID":"1220"},"Keywords":"0x8000000000000000","Level":"0","Opcode":"0","Provider":{"@Guid":"{bd12f3b8-fc40-4a61-a307-b7a013a069c1}","@Name":"Microsoft-Windows-Servicing"},"Security":{"@UserID":"S-1-5-18"},"Task":"0","TimeCreated":{"@SystemTime":"2016-03-05 16:33:04.715359"},"Version":"0"},"UserData":{"CbsPackageChangeState":{"@xmlns":"http://manifests.microsoft.com/win/2004/08/windows/setup_provider","Client":"DISM Package Manager Provider","ErrorCode":"0x0","IntendedPackageState":"Installed","PackageIdentifier":"KB2872339"}}}}
{"Event":{"@xmlns":"http://schemas.microsoft.com/win/2004/08/events/event","System":{"Channel":"Setup","Computer":"STOVEG-PC","Correlation":{"@ActivityID":"","@RelatedActivityID":""},"EventID":{"#text":"2","@Qualifiers":""},"EventRecordID":"232","Execution":{"@ProcessID":"1036","@ThreadID":"1220"},"Keywords":"0x8000000000000000","Level":"0","Opcode":"0","Provider":{"@Guid":"{bd12f3b8-fc40-4a61-a307-b7a013a069c1}","@Name":"Microsoft-Windows-Servicing"},"Security":{"@UserID":"S-1-5-18"},"Task":"0","TimeCreated":{"@SystemTime":"2016-03-05 16:33:04.730959"},"Version":"0"},"UserData":{"CbsPackageChangeState":{"@xmlns":"http://manifests.microsoft.com/win/2004/08/windows/setup_provider","Client":"WindowsUpdateAgent","ErrorCode":"0x0","IntendedPackageState":"Installed","PackageIdentifier":"KB2861698"}}}}
{"Event":{"@xmlns":"http://schemas.microsoft.com/win/2004/08/events/event","System":{"Channel":"Setup","Computer":"STOVEG-PC","Correlation":{"@ActivityID":"","@RelatedActivityID":""},"EventID":{"#text":"2","@Qualifiers":""},"EventRecordID":"233","Execution":{"@ProcessID":"1036","@ThreadID":"1220"},"Keywords":"0x8000000000000000","Level":"0","Opcode":"0","Provider":{"@Guid":"{bd12f3b8-fc40-4a61-a307-b7a013a069c1}","@Name":"Microsoft-Windows-Servicing"},"Security":{"@UserID":"S-1-5-18"},"Task":"0","TimeCreated":{"@SystemTime":"2016-03-05 16:33:04.730959"},"Version":"0"},"UserData":{"CbsPackageChangeState":{"@xmlns":"http://manifests.microsoft.com/win/2004/08/windows/setup_provider","Client":"WindowsUpdateAgent","ErrorCode":"0x0","IntendedPackageState":"Installed","PackageIdentifier":"KB2855844"}}}}
{"Event":{"@xmlns":"http://schemas.microsoft.com/win/2004/08/events/event","System":{"Channel":"Setup","Computer":"STOVEG-PC","Correlation":{"@ActivityID":"","@RelatedActivityID":""},"EventID":{"#text":"2","@Qualifiers":""},"EventRecordID":"234","Execution":{"@ProcessID":"1036","@ThreadID":"1220"},"Keywords":"0x8000000000000000","Level":"0","Opcode":"0","Provider":{"@Guid":"{bd12f3b8-fc40-4a61-a307-b7a013a069c1}","@Name":"Microsoft-Windows-Servicing"},"Security":{"@UserID":"S-1-5-18"},"Task":"0","TimeCreated":{"@SystemTime":"2016-03-05 16:33:04.730959"},"Version":"0"},"UserData":{"CbsPackageChangeState":{"@xmlns":"http://manifests.microsoft.com/win/2004/08/windows/setup_provider","Client":"WindowsUpdateAgent","ErrorCode":"0x0","IntendedPackageState":"Installed","PackageIdentifier":"KB2862335"}}}}
{"Event":{"@xmlns":"http://schemas.microsoft.com/win/2004/08/events/event","System":{"Channel":"Setup","Computer":"STOVEG-PC","Correlation":{"@ActivityID":"","@RelatedActivityID":""},"EventID":{"#text":"2","@Qualifiers":""},"EventRecordID":"235","Execution":{"@ProcessID":"1036","@ThreadID":"1220"},"Keywords":"0x8000000000000000","Level":"0","Opcode":"0","Provider":{"@Guid":"{bd12f3b8-fc40-4a61-a307-b7a013a069c1}","@Name":"Microsoft-Windows-Servicing"},"Security":{"@UserID":"S-1-5-18"},"Task":"0","TimeCreated":{"@SystemTime":"2016-03-05 16:33:04.746559"},"Version":"0"},"UserData":{"CbsPackageChangeState":{"@xmlns":"http://manifests.microsoft.com/win/2004/08/windows/setup_provider","Client":"WindowsUpdateAgent","ErrorCode":"0x0","IntendedPackageState":"Installed","PackageIdentifier":"KB2864058"}}}}
{"Event":{"@xmlns":"http://schemas.microsoft.com/win/2004/08/events/event","System":{"Channel":"Setup","Computer":"STOVEG-PC","Correlation":{"@ActivityID":"","@RelatedActivityID":""},"EventID":{"#text":"2","@Qualifiers":""},"EventRecordID":"236","Execution":{"@ProcessID":"1036","@ThreadID":"1220"},"Keywords":"0x8000000000000000","Level":"0","Opcode":"0","Provider":{"@Guid":"{bd12f3b8-fc40-4a61-a307-b7a013a069c1}","@Name":"Microsoft-Windows-Servicing"},"Security":{"@UserID":"S-1-5-18"},"Task":"0","TimeCreated":{"@SystemTime":"2016-03-05 16:33:04.777760"},"Version":"0"},"UserData":{"CbsPackageChangeState":{"@xmlns":"http://manifests.microsoft.com/win/2004/08/windows/setup_provider","Client":"WindowsUpdateAgent","ErrorCode":"0x0","IntendedPackageState":"Installed","PackageIdentifier":"KB2864202"}}}}
{"Event":{"@xmlns":"http://schemas.microsoft.com/win/2004/08/events/event","System":{"Channel":"Setup","Computer":"STOVEG-PC","Correlation":{"@ActivityID":"","@RelatedActivityID":""},"EventID":{"#text":"2","@Qualifiers":""},"EventRecordID":"237","Execution":{"@ProcessID":"1036","@ThreadID":"1220"},"Keywords":"0x8000000000000000","Level":"0","Opcode":"0","Provider":{"@Guid":"{bd12f3b8-fc40-4a61-a307-b7a013a069c1}","@Name":"Microsoft-Windows-Servicing"},"Security":{"@UserID":"S-1-5-18"},"Task":"0","TimeCreated":{"@SystemTime":"2016-03-05 16:33:04.777760"},"Version":"0"},"UserData":{"CbsPackageChangeState":{"@xmlns":"http://manifests.microsoft.com/win/2004/08/windows/setup_provider","Client":"WindowsUpdateAgent","ErrorCode":"0x0","IntendedPackageState":"Installed","PackageIdentifier":"KB2868038"}}}}
{"Event":{"@xmlns":"http://schemas.microsoft.com/win/2004/08/events/event","System":{"Channel":"Setup","Computer":"STOVEG-PC","Correlation":{"@ActivityID":"","@RelatedActivityID":""},"EventID":{"#text":"2","@Qualifiers":""},"EventRecordID":"238","Execution":{"@ProcessID":"1036","@ThreadID":"1220"},"Keywords":"0x8000000000000000","Level":"0","Opcode":"0","Provider":{"@Guid":"{bd12f3b8-fc40-4a61-a307-b7a013a069c1}","@Name":"Microsoft-Windows-Servicing"},"Security":{"@UserID":"S-1-5-18"},"Task":"0","TimeCreated":{"@SystemTime":"2016-03-05 16:33:04.793360"},"Version":"0"},"UserData":{"CbsPackageChangeState":{"@xmlns":"http://manifests.microsoft.com/win/2004/08/windows/setup_provider","Client":"WindowsUpdateAgent","ErrorCode":"0x0","IntendedPackageState":"Installed","PackageIdentifier":"KB2862152"}}}}
{"Event":{"@xmlns":"http://schemas.microsoft.com/win/2004/08/events/event","System":{"Channel":"Setup","Computer":"STOVEG-PC","Correlation":{"@ActivityID":"","@RelatedActivityID":""},"EventID":{"#text":"2","@Qualifiers":""},"EventRecordID":"239","Execution":{"@ProcessID":"1036","@ThreadID":"1220"},"Keywords":"0x8000000000000000","Level":"0","Opcode":"0","Provider":{"@Guid":"{bd12f3b8-fc40-4a61-a307-b7a013a069c1}","@Name":"Microsoft-Windows-Servicing"},"Security":{"@UserID":"S-1-5-18"},"Task":"0","TimeCreated":{"@SystemTime":"2016-03-05 16:33:04.808960"},"Version":"0"},"UserData":{"CbsPackageChangeState":{"@xmlns":"http://manifests.microsoft.com/win/2004/08/windows/setup_provider","Client":"WindowsUpdateAgent","ErrorCode":"0x0","IntendedPackageState":"Installed","PackageIdentifier":"KB2868626"}}}}
