{"Event":{"@xmlns":"http://schemas.microsoft.com/win/2004/08/events/event","System":{"Channel":"Setup","Computer":"STOVEG-PC","Correlation":{"@ActivityID":"","@RelatedActivityID":""},"EventID":{"#text":"1","@Qualifiers":""},"EventRecordID":"1","Execution":{"@ProcessID":"3900","@ThreadID":"2608"},"Keywords":"0x8000000000000000","Level":"0","Opcode":"0","Provider":{"@Guid":"{bd12f3b8-fc40-4a61-a307-b7a013a069c1}","@Name":"Microsoft-Windows-Servicing"},"Security":{"@UserID":"S-1-5-18"},"Task":"0","TimeCreated":{"@SystemTime":"2016-03-05 13:21:34.150860"},"Version":"0"},"UserData":{"CbsPackageInitiateChanges":{"@xmlns":"http://manifests.microsoft.com/win/2004/08/windows/setup_provider","Client":"WindowsUpdateAgent","InitialPackageState":"Absent","IntendedPackageState":"Installed","PackageIdentifier":"KB958488"}}}}
{"Event":{"@xmlns":"http://schemas.microsoft.com/win/2004/08/events/event","System":{"Channel":"Setup","Computer":"STOVEG-PC","Correlation":{"@ActivityID":"","@RelatedActivityID":""},"EventID":{"#text":"2","@Qualifiers":""},"EventRecordID":"2","Execution":{"@ProcessID":"3900","@ThreadID":"2608"},"Keywords":"0x8000000000000000","Level":"0","Opcode":"0","Provider":{"@Guid":"{bd12f3b8-fc40-4a61-a307-b7a013a069c1}","@Name":"Microsoft-Windows-Servicing"},"Security":{"@UserID":"S-1-5-18"},"Task":"0","TimeCreated":{"@SystemTime":"2016-03-05 13:21:44.228477"},"Version":"0"},"UserData":{"CbsPackageChangeState":{"@xmlns":"http://manifests.microsoft.com/win/2004/08/windows/setup_provider","Client":"WindowsUpdateAgent","ErrorCode":"0x0","IntendedPackageState":"Installed","PackageIdentifier":"KB958488"}}}}
{"Event":{"@xmlns":"http://schemas.microsoft.com/win/2004/08/events/event","EventData":{"Data":[{"#text":"\"Windows 更新程序 (KB958488)\"","@Name":"UpdateTitle"},{"#text":"wusa.exe \"G:\\93e37c57ff0f8c08d35bc8cf\\Windows6.1-KB958488-v6001-x64.msu\" /quiet /norestart","@Name":"CommandLine"}]},"System":{"Channel":"Setup","Computer":"STOVEG-PC","Correlation":{"@ActivityID":"","@RelatedActivityID":""},"EventID":{"#text":"2","@Qualifiers":""},"EventRecordID":"3","Execution":{"@ProcessID":"872","@ThreadID":"1732"},"Keywords":"0x8000000000000000","Level":"4","Opcode":"0","Provider":{"@Guid":"{09608c12-c1da-4104-a6fe-b959cf57560a}","@Name":"Microsoft-Windows-WUSA"},"Security":{"@UserID":"S-1-5-21-131171808-3139395271-469146106-1000"},"Task":"0","TimeCreated":{"@SystemTime":"2016-03-05 13:21:44.587278"},"Version":"0"}}}
{"Event":{"@xmlns":"http://schemas.microsoft.com/win/2004/08/events/event","EventData":{"Data":[{"@Name":"UpdateTitle"},{"#text":"2147944018","@Name":"ErrorCode"},{"#text":"正在进行另一个安装操作。请在继续这个安装操作之前完成那个操作。","@Name":"ErrorString"},{"#text":"wusa.exe \"c:\\program files (x86)\\microsoft office\\root\\integration\\windows6.1-kb2999226-x64.msu\" /quiet /norestart","@Name":"CommandLine"}]},"System":{"Channel":"Setup","Computer":"STOVEG-PC","Correlation":{"@ActivityID":"","@RelatedActivityID":""},"EventID":{"#text":"3","@Qualifiers":""},"EventRecordID":"4","Execution":{"@ProcessID":"6796","@ThreadID":"6180"},"Keywords":"0x8000000000000000","Level":"2","Opcode":"0","Provider":{"@Guid":"{09608c12-c1da-4104-a6fe-b959cf57560a}","@Name":"Microsoft-Windows-WUSA"},"Security":{"@UserID":"S-1-5-18"},"Task":"0","TimeCreated":{"@SystemTime":"2016-03-05 14:52:04.884262"},"Version":"0"}}}
{"Event":{"@xmlns":"http://schemas.microsoft.com/win/2004/08/events/event","EventData":{"Data":[{"@Name":"UpdateTitle"},{"#text":"2149842967","@Name":"ErrorCode"},{"@Name":"ErrorString"},{"#text":"wusa.exe \"c:\\program files (x86)\\microsoft office\\root\\integration\\windows6.1-kb2999226-x86.msu\" /quiet /norestart","@Name":"CommandLine"}]},"System":{"Channel":"Setup","Computer":"STOVEG-PC","Correlation":{"@ActivityID":"","@RelatedActivityID":""},"EventID":{"#text":"3","@Qualifiers":""},"EventRecordID":"5","Execution":{"@ProcessID":"1676","@ThreadID":"6856"},"Keywords":"0x8000000000000000","Level":"2","Opcode":"0","Provider":{"@Guid":"{09608c12-c1da-4104-a6fe-b959cf57560a}","@Name":"Microsoft-Windows-WUSA"},"Security":{"@UserID":"S-1-5-18"},"Task":"0","TimeCreated":{"@SystemTime":"2016-03-05 14:52:18.471886"},"Version":"0"}}}
{"Event":{"@xmlns":"http://schemas.microsoft.com/win/2004/08/events/event","System":{"Channel":"Setup","Computer":"STOVEG-PC","Correlation":{"@ActivityID":"","@RelatedActivityID":""},"EventID":{"#text":"1","@Qualifiers":""},"EventRecordID":"6","Execution":{"@ProcessID":"5776","@ThreadID":"3892"},"Keywords":"0x8000000000000000","Level":"0","Opcode":"0","Provider":{"@Guid":"{bd12f3b8-fc40-4a61-a307-b7a013a069c1}","@Name":"Microsoft-Windows-Servicing"},"Security":{"@UserID":"S-1-5-18"},"Task":"0","TimeCreated":{"@SystemTime":"2016-03-05 14:59:29.876856"},"Version":"0"},"UserData":{"CbsPackageInitiateChanges":{"@xmlns":"http://manifests.microsoft.com/win/2004/08/windows/setup_provider","Client":"WindowsUpdateAgent","InitialPackageState":"Absent","IntendedPackageState":"Installed","PackageIdentifier":"KB2743555"}}}}
{"Event":{"@xmlns":"http://schemas.microsoft.com/win/2004/08/events/event","System":{"Channel":"Setup","Computer":"STOVEG-PC","Correlation":{"@ActivityID":"","@RelatedActivityID":""},"EventID":{"#text":"4","@Qualifiers":""},"EventRecordID":"7","Execution":{"@ProcessID":"5776","@ThreadID":"3892"},"Keywords":"0x8000000000000000","Level":"0","Opcode":"0","Provider":{"@Guid":"{bd12f3b8-fc40-4a61-a307-b7a013a069c1}","@Name":"Microsoft-Windows-Servicing"},"Security":{"@UserID":"S-1-5-18"},"Task":"0","TimeCreated":{"@SystemTime":"2016-03-05 14:59:40.506207"},"Version":"0"},"UserData":{"CbsPackageChangeState":{"@xmlns":"http://manifests.microsoft.com/win/2004/08/windows/setup_provider","Client":"WindowsUpdateAgent","ErrorCode":"0x0","IntendedPackageState":"Installed","PackageIdentifier":"KB2743555"}}}}
{"Event":{"@xmlns":"http://schemas.microsoft.com/win/2004/08/events/event","EventData":{"Data":[{"#text":"Windows 安全更新程序 (KB2743555)","@Name":"UpdateTitle"},{"#text":"C:\\Windows\\system32\\wusa.exe \"D:\\Program Files\\360\\360Safe\\hotfix\\Windows6.1-KB2743555-x64.msu\" /quiet /norestart","@Name":"CommandLine"}]},"System":{"Channel":"Setup","Computer":"STOVEG-PC","Correlation":{"@ActivityID":"","@RelatedActivityID":""},"EventID":{"#text":"4","@Qualifiers":""},"EventRecordID":"8","Execution":{"@ProcessID":"2788","@ThreadID":"4896"},"Keywords":"0x8000000000000000","Level":"3","Opcode":"0","Provider":{"@Guid":"{09608c12-c1da-4104-a6fe-b959cf57560a}","@Name":"Microsoft-Windows-WUSA"},"Security":{"@UserID":"S-1-5-21-131171808-3139395271-469146106-1000"},"Task":"0","TimeCreated":{"@SystemTime":"2016-03-05 14:59:41.456326"},"Version":"0"}}}
{"Event":{"@xmlns":"http://schemas.microsoft.com/win/2004/08/events/event","EventData":{"Data":[{"#text":"\"Windows 安全更新程序 (KB2743555)\"","@Name":"UpdateTitle"},{"#text":"C:\\Windows\\system32\\wusa.exe \"D:\\Program Files\\360\\360Safe\\hotfix\\Windows6.1-KB2743555-x64.msu\" /quiet /norestart","@Name":"CommandLine"}]},"System":{"Channel":"Setup","Computer":"STOVEG-PC","Correlation":{"@ActivityID":"","@RelatedActivityID":""},"EventID":{"#text":"2","@Qualifiers":""},"EventRecordID":"9","Execution":{"@ProcessID":"2788","@ThreadID":"2532"},"Keywords":"0x8000000000000000","Level":"4","Opcode":"0","Provider":{"@Guid":"{09608c12-c1da-4104-a6fe-b959cf57560a}","@Name":"Microsoft-Windows-WUSA"},"Security":{"@UserID":"S-1-5-21-131171808-3139395271-469146106-1000"},"Task":"0","TimeCreated":{"@SystemTime":"2016-03-05 14:59:41.532837"},"Version":"0"}}}
{"Event":{"@xmlns":"http://schemas.microsoft.com/win/2004/08/events/event","System":{"Channel":"Setup","Computer":"STOVEG-PC","Correlation":{"@ActivityID":"","@RelatedActivityID":""},"EventID":{"#text":"1","@Qualifiers":""},"EventRecordID":"10","Execution":{"@ProcessID":"5776","@ThreadID":"3892"},"Keywords":"0x8000000000000000","Level":"0","Opcode":"0","Provider":{"@Guid":"{bd12f3b8-fc40-4a61-a307-b7a013a069c1}","@Name":"Microsoft-Windows-Servicing"},"Security":{"@UserID":"S-1-5-18"},"Task":"0","TimeCreated":{"@SystemTime":"2016-03-05 14:59:50.940531"},"Version":"0"},"UserData":{"CbsPackageInitiateChanges":{"@xmlns":"http://manifests.microsoft.com/win/2004/08/windows/setup_provider","Client":"DISM Package Manager Provider","InitialPackageState":"Absent","IntendedPackageState":"Installed","PackageIdentifier":"KB2705219"}}}}
{"Event":{"@xmlns":"http://schemas.microsoft.com/win/2004/08/events/event","System":{"Channel":"Setup","Computer":"STOVEG-PC","Correlation":{"@ActivityID":"","@RelatedActivityID":""},"EventID":{"#text":"4","@Qualifiers":""},"EventRecordID":"11","Execution":{"@ProcessID":"5776","@ThreadID":"3892"},"Keywords":"0x8000000000000000","Level":"0","Opcode":"0","Provider":{"@Guid":"{bd12f3b8-fc40-4a61-a307-b7a013a069c1}","@Name":"Microsoft-Windows-Servicing"},"Security":{"@UserID":"S-1-5-18"},"Task":"0","TimeCreated":{"@SystemTime":"2016-03-05 15:00:01.616386"},"Version":"0"},"UserData":{"CbsPackageChangeState":{"@xmlns":"http://manifests.microsoft.com/win/2004/08/windows/setup_provider","Client":"DISM Package Manager Provider","ErrorCode":"0x0","IntendedPackageState":"Installed","PackageIdentifier":"KB2705219"}}}}
{"Event":{"@xmlns":"http://schemas.microsoft.com/win/2004/08/events/event","System":{"Channel":"Setup","Computer":"STOVEG-PC","Correlation":{"@ActivityID":"","@RelatedActivityID":""},"EventID":{"#text":"1","@Qualifiers":""},"EventRecordID":"12","Execution":{"@ProcessID":"5776","@ThreadID":"3892"},"Keywords":"0x8000000000000000","Level":"0","Opcode":"0","Provider":{"@Guid":"{bd12f3b8-fc40-4a61-a307-b7a013a069c1}","@Name":"Microsoft-Windows-Servicing"},"Security":{"@UserID":"S-1-5-18"},"Task":"0","TimeCreated":{"@SystemTime":"2016-03-05 15:15:07.367340"},"Version":"0"},"UserData":{"CbsPackageInitiateChanges":{"@xmlns":"http://manifests.microsoft.com/win/2004/08/windows/setup_provider","Client":"WindowsUpdateAgent","InitialPackageState":"Absent","IntendedPackageState":"Installed","PackageIdentifier":"KB2727528"}}}}
{"Event":{"@xmlns":"http://schemas.microsoft.com/win/2004/08/events/event","System":{"Channel":"Setup","Computer":"STOVEG-PC","Correlation":{"@ActivityID":"","@RelatedActivityID":""},"EventID":{"#text":"4","@Qualifiers":""},"EventRecordID":"13","Execution":{"@ProcessID":"5776","@ThreadID":"3892"},"Keywords":"0x8000000000000000","Level":"0","Opcode":"0","Provider":{"@Guid":"{bd12f3b8-fc40-4a61-a307-b7a013a069c1}","@Name":"Microsoft-Windows-Servicing"},"Security":{"@UserID":"S-1-5-18"},"Task":"0","TimeCreated":{"@SystemTime":"2016-03-05 15:15:18.524755"},"Version":"0"},"UserData":{"CbsPackageChangeState":{"@xmlns":"http://manifests.microsoft.com/win/2004/08/windows/setup_provider","Client":"WindowsUpdateAgent","ErrorCode":"0x0","IntendedPackageState":"Installed","PackageIdentifier":"KB2727528"}}}}
{"Event":{"@xmlns":"http://schemas.microsoft.com/win/2004/08/events/event","EventData":{"Data":[{"#text":"Windows 安全更新程序 (KB2727528)","@Name":"UpdateTitle"},{"#text":"C:\\Windows\\system32\\wusa.exe \"D:\\Program Files\\360\\360Safe\\hotfix\\Windows6.1-KB2727528-x64.msu\" /quiet /norestart","@Name":"CommandLine"}]},"System":{"Channel":"Setup","Computer":"STOVEG-PC","Correlation":{"@ActivityID":"","@RelatedActivityID":""},"EventID":{"#text":"4","@Qualifiers":""},"EventRecordID":"14","Execution":{"@ProcessID":"6288","@ThreadID":"2936"},"Keywords":"0x8000000000000000","Level":"3","Opcode":"0","Provider":{"@Guid":"{09608c12-c1da-4104-a6fe-b959cf57560a}","@Name":"Microsoft-Windows-WUSA"},"Security":{"@UserID":"S-1-5-21-131171808-3139395271-469146106-1000"},"Task":"0","TimeCreated":{"@SystemTime":"2016-03-05 15:15:19.447374"},"Version":"0"}}}
{"Event":{"@xmlns":"http://schemas.microsoft.com/win/2004/08/events/event","EventData":{"Data":[{"#text":"\"Windows 安全更新程序 (KB2727528)\"","@Name":"UpdateTitle"},{"#text":"C:\\Windows\\system32\\wusa.exe \"D:\\Program Files\\360\\360Safe\\hotfix\\Windows6.1-KB2727528-x64.msu\" /quiet /norestart","@Name":"CommandLine"}]},"System":{"Channel":"Setup","Computer":"STOVEG-PC","Correlation":{"@ActivityID":"","@RelatedActivityID":""},"EventID":{"#text":"2","@Qualifiers":""},"EventRecordID":"15","Execution":{"@ProcessID":"6288","@ThreadID":"3476"},"Keywords":"0x8000000000000000","Level":"4","Opcode":"0","Provider":{"@Guid":"{09608c12-c1da-4104-a6fe-b959cf57560a}","@Name":"Microsoft-Windows-WUSA"},"Security":{"@UserID":"S-1-5-21-131171808-3139395271-469146106-1000"},"Task":"0","TimeCreated":{"@SystemTime":"2016-03-05 15:15:19.514381"},"Version":"0"}}}
{"Event":{"@xmlns":"http://schemas.microsoft.com/win/2004/08/events/event","System":{"Channel":"Setup","Computer":"STOVEG-PC","Correlation":{"@ActivityID":"","@RelatedActivityID":""},"EventID":{"#text":"1","@Qualifiers":""},"EventRecordID":"16","Execution":{"@ProcessID":"5776","@ThreadID":"3892"},"Keywords":"0x8000000000000000","Level":"0","Opcode":"0","Provider":{"@Guid":"{bd12f3b8-fc40-4a61-a307-b7a013a069c1}","@Name":"Microsoft-Windows-Servicing"},"Security":{"@UserID":"S-1-5-18"},"Task":"0","TimeCreated":{"@SystemTime":"2016-03-05 15:18:33.873062"},"Version":"0"},"UserData":{"CbsPackageInitiateChanges":{"@xmlns":"http://manifests.microsoft.com/win/2004/08/windows/setup_provider","Client":"WindowsUpdateAgent","InitialPackageState":"Absent","IntendedPackageState":"Installed","PackageIdentifier":"KB2729452"}}}}
{"Event":{"@xmlns":"http://schemas.microsoft.com/win/2004/08/events/event","System":{"Channel":"Setup","Computer":"STOVEG-PC","Correlation":{"@ActivityID":"","@RelatedActivityID":""},"EventID":{"#text":"4","@Qualifiers":""},"EventRecordID":"17","Execution":{"@ProcessID":"5776","@ThreadID":"3892"},"Keywords":"0x8000000000000000","Level":"0","Opcode":"0","Provider":{"@Guid":"{bd12f3b8-fc40-4a61-a307-b7a013a069c1}","@Name":"Microsoft-Windows-Servicing"},"Security":{"@UserID":"S-1-5-18"},"Task":"0","TimeCreated":{"@SystemTime":"2016-03-05 15:19:00.509945"},"Version":"0"},"UserData":{"CbsPackageChangeState":{"@xmlns":"http://manifests.microsoft.com/win/2004/08/windows/setup_provider","Client":"WindowsUpdateAgent","ErrorCode":"0x0","IntendedPackageState":"Installed","PackageIdentifier":"KB2729452"}}}}
{"Event":{"@xmlns":"http://schemas.microsoft.com/win/2004/08/events/event","EventData":{"Data":[{"#text":"Windows 安全更新程序 (KB2729452)","@Name":"UpdateTitle"},{"#text":"C:\\Windows\\system32\\wusa.exe \"D:\\Program Files\\360\\360Safe\\hotfix\\Windows6.1-KB2729452-x64.msu\" /quiet /norestart","@Name":"CommandLine"}]},"System":{"Channel":"Setup","Computer":"STOVEG-PC","Correlation":{"@ActivityID":"","@RelatedActivityID":""},"EventID":{"#text":"4","@Qualifiers":""},"EventRecordID":"18","Execution":{"@ProcessID":"4788","@ThreadID":"4908"},"Keywords":"0x8000000000000000","Level":"3","Opcode":"0","Provider":{"@Guid":"{09608c12-c1da-4104-a6fe-b959cf57560a}","@Name":"Microsoft-Windows-WUSA"},"Security":{"@UserID":"S-1-5-21-131171808-3139395271-469146106-1000"},"Task":"0","TimeCreated":{"@SystemTime":"2016-03-05 15:19:05.560587"},"Version":"0"}}}
{"Event":{"@xmlns":"http://schemas.microsoft.com/win/2004/08/events/event","EventData":{"Data":[{"#text":"\"Windows 安全更新程序 (KB2729452)\"","@Name":"UpdateTitle"},{"#text":"C:\\Windows\\system32\\wusa.exe \"D:\\Program Files\\360\\360Safe\\hotfix\\Windows6.1-KB2729452-x64.msu\" /quiet /norestart","@Name":"CommandLine"}]},"System":{"Channel":"Setup","Computer":"STOVEG-PC","Correlation":{"@ActivityID":"","@RelatedActivityID":""},"EventID":{"#text":"2","@Qualifiers":""},"EventRecordID":"19","Execution":{"@ProcessID":"4788","@ThreadID":"6060"},"Keywords":"0x8000000000000000","Level":"4","Opcode":"0","Provider":{"@Guid":"{09608c12-c1da-4104-a6fe-b959cf57560a}","@Name":"Microsoft-Windows-WUSA"},"Security":{"@UserID":"S-1-5-21-131171808-3139395271-469146106-1000"},"Task":"0","TimeCreated":{"@SystemTime":"2016-03-05 15:19:05.584589"},"Version":"0"}}}
{"Event":{"@xmlns":"http://schemas.microsoft.com/win/2004/08/events/event","System":{"Channel":"Setup","Computer":"STOVEG-PC","Correlation":{"@ActivityID":"","@RelatedActivityID":""},"EventID":{"#text":"1","@Qualifiers":""},"EventRecordID":"20","Execution":{"@ProcessID":"5776","@ThreadID":"3892"},"Keywords":"0x8000000000000000","Level":"0","Opcode":"0","Provider":{"@Guid":"{bd12f3b8-fc40-4a61-a307-b7a013a069c1}","@Name":"Microsoft-Windows-Servicing"},"Security":{"@UserID":"S-1-5-18"},"Task":"0","TimeCreated":{"@SystemTime":"2016-03-05 15:21:49.513906"},"Version":"0"},"UserData":{"CbsPackageInitiateChanges":{"@xmlns":"http://manifests.microsoft.com/win/2004/08/windows/setup_provider","Client":"WindowsUpdateAgent","InitialPackageState":"Absent","IntendedPackageState":"Installed","PackageIdentifier":"KB2758857"}}}}
{"Event":{"@xmlns":"http://schemas.microsoft.com/win/2004/08/events/event","System":{"Channel":"Setup","Computer":"STOVEG-PC","Correlation":{"@ActivityID":"","@RelatedActivityID":""},"EventID":{"#text":"4","@Qualifiers":""},"EventRecordID":"21","Execution":{"@ProcessID":"5776","@ThreadID":"3892"},"Keywords":"0x8000000000000000","Level":"0","Opcode":"0","Provider":{"@Guid":"{bd12f3b8-fc40-4a61-a307-b7a013a069c1}","@Name":"Microsoft-Windows-Servicing"},"Security":{"@UserID":"S-1-5-18"},"Task":"0","TimeCreated":{"@SystemTime":"2016-03-05 15:23:02.952730"},"Version":"0"},"UserData":{"CbsPackageChangeState":{"@xmlns":"http://manifests.microsoft.com/win/2004/08/windows/setup_provider","Client":"WindowsUpdateAgent","ErrorCode":"0x0","IntendedPackageState":"Installed","PackageIdentifier":"KB2758857"}}}}
{"Event":{"@xmlns":"http://schemas.microsoft.com/win/2004/08/events/event","EventData":{"Data":[{"#text":"Windows 安全更新程序 (KB2758857)","@Name":"UpdateTitle"},{"#text":"C:\\Windows\\system32\\wusa.exe \"D:\\Program Files\\360\\360Safe\\hotfix\\Windows6.1-KB2758857-x64.msu\" /quiet /norestart","@Name":"CommandLine"}]},"System":{"Channel":"Setup","Computer":"STOVEG-PC","Correlation":{"@ActivityID":"","@RelatedActivityID":""},"EventID":{"#text":"4","@Qualifiers":""},"EventRecordID":"22","Execution":{"@ProcessID":"2700","@ThreadID":"5912"},"Keywords":"0x8000000000000000","Level":"3","Opcode":"0","Provider":{"@Guid":"{09608c12-c1da-4104-a6fe-b959cf57560a}","@Name":"Microsoft-Windows-WUSA"},"Security":{"@UserID":"S-1-5-21-131171808-3139395271-469146106-1000"},"Task":"0","TimeCreated":{"@SystemTime":"2016-03-05 15:23:05.502554"},"Version":"0"}}}
{"Event":{"@xmlns":"http://schemas.microsoft.com/win/2004/08/events/event","EventData":{"Data":[{"#text":"\"Windows 安全更新程序 (KB2758857)\"","@Name":"UpdateTitle"},{"#text":"C:\\Windows\\system32\\wusa.exe \"D:\\Program Files\\360\\360Safe\\hotfix\\Windows6.1-KB2758857-x64.msu\" /quiet /norestart","@Name":"CommandLine"}]},"System":{"Channel":"Setup","Computer":"STOVEG-PC","Correlation":{"@ActivityID":"","@RelatedActivityID":""},"EventID":{"#text":"2","@Qualifiers":""},"EventRecordID":"23","Execution":{"@ProcessID":"2700","@ThreadID":"1940"},"Keywords":"0x8000000000000000","Level":"4","Opcode":"0","Provider":{"@Guid":"{09608c12-c1da-4104-a6fe-b959cf57560a}","@Name":"Microsoft-Windows-WUSA"},"Security":{"@UserID":"S-1-5-21-131171808-3139395271-469146106-1000"},"Task":"0","TimeCreated":{"@SystemTime":"2016-03-05 15:23:05.551561"},"Version":"0"}}}
{"Event":{"@xmlns":"http://schemas.microsoft.com/win/2004/08/events/event","System":{"Channel":"Setup","Computer":"STOVEG-PC","Correlation":{"@ActivityID":"","@RelatedActivityID":""},"EventID":{"#text":"1","@Qualifiers":""},"EventRecordID":"24","Execution":{"@ProcessID":"5776","@ThreadID":"3892"},"Keywords":"0x8000000000000000","Level":"0","Opcode":"0","Provider":{"@Guid":"{bd12f3b8-fc40-4a61-a307-b7a013a069c1}","@Name":"Microsoft-Windows-Servicing"},"Security":{"@UserID":"S-1-5-18"},"Task":"0","TimeCreated":{"@SystemTime":"2016-03-05 15:23:16.175411"},"Version":"0"},"UserData":{"CbsPackageInitiateChanges":{"@xmlns":"http://manifests.microsoft.com/win/2004/08/windows/setup_provider","Client":"WindowsUpdateAgent","InitialPackageState":"Absent","IntendedPackageState":"Installed","PackageIdentifier":"KB2770660"}}}}
{"Event":{"@xmlns":"http://schemas.microsoft.com/win/2004/08/events/event","System":{"Channel":"Setup","Computer":"STOVEG-PC","Correlation":{"@ActivityID":"","@RelatedActivityID":""},"EventID":{"#text":"4","@Qualifiers":""},"EventRecordID":"25","Execution":{"@ProcessID":"5776","@ThreadID":"3892"},"Keywords":"0x8000000000000000","Level":"0","Opcode":"0","Provider":{"@Guid":"{bd12f3b8-fc40-4a61-a307-b7a013a069c1}","@Name":"Microsoft-Windows-Servicing"},"Security":{"@UserID":"S-1-5-18"},"Task":"0","TimeCreated":{"@SystemTime":"2016-03-05 15:23:33.445103"},"Version":"0"},"UserData":{"CbsPackageChangeState":{"@xmlns":"http://manifests.microsoft.com/win/2004/08/windows/setup_provider","Client":"WindowsUpdateAgent","ErrorCode":"0x0","IntendedPackageState":"Installed","PackageIdentifier":"KB2770660"}}}}
{"Event":{"@xmlns":"http://schemas.microsoft.com/win/2004/08/events/event","EventData":{"Data":[{"#text":"Windows 安全更新程序 (KB2770660)","@Name":"UpdateTitle"},{"#text":"C:\\Windows\\system32\\wusa.exe \"D:\\Program Files\\360\\360Safe\\hotfix\\Windows6.1-KB2770660-x64.msu\" /quiet /norestart","@Name":"CommandLine"}]},"System":{"Channel":"Setup","Computer":"STOVEG-PC","Correlation":{"@ActivityID":"","@RelatedActivityID":""},"EventID":{"#text":"4","@Qualifiers":""},"EventRecordID":"26","Execution":{"@ProcessID":"2904","@ThreadID":"4088"},"Keywords":"0x8000000000000000","Level":"3","Opcode":"0","Provider":{"@Guid":"{09608c12-c1da-4104-a6fe-b959cf57560a}","@Name":"Microsoft-Windows-WUSA"},"Security":{"@UserID":"S-1-5-21-131171808-3139395271-469146106-1000"},"Task":"0","TimeCreated":{"@SystemTime":"2016-03-05 15:23:36.392977"},"Version":"0"}}}
{"Event":{"@xmlns":"http://schemas.microsoft.com/win/2004/08/events/event","EventData":{"Data":[{"#text":"\"Windows 安全更新程序 (KB2770660)\"","@Name":"UpdateTitle"},{"#text":"C:\\Windows\\system32\\wusa.exe \"D:\\Program Files\\360\\360Safe\\hotfix\\Windows6.1-KB2770660-x64.msu\" /quiet /norestart","@Name":"CommandLine"}]},"System":{"Channel":"Setup","Computer":"STOVEG-PC","Correlation":{"@ActivityID":"","@RelatedActivityID":""},"EventID":{"#text":"2","@Qualifiers":""},"EventRecordID":"27","Execution":{"@ProcessID":"2904","@ThreadID":"4392"},"Keywords":"0x8000000000000000","Level":"4","Opcode":"0","Provider":{"@Guid":"{09608c12-c1da-4104-a6fe-b959cf57560a}","@Name":"Microsoft-Windows-WUSA"},"Security":{"@UserID":"S-1-5-21-131171808-3139395271-469146106-1000"},"Task":"0","TimeCreated":{"@SystemTime":"2016-03-05 15:23:36.427483"},"Version":"0"}}}
{"Event":{"@xmlns":"http://schemas.microsoft.com/win/2004/08/events/event","System":{"Channel":"Setup","Computer":"STOVEG-PC","Correlation":{"@ActivityID":"","@RelatedActivityID":""},"EventID":{"#text":"1","@Qualifiers":""},"EventRecordID":"28","Execution":{"@ProcessID":"5776","@ThreadID":"3892"},"Keywords":"0x8000000000000000","Level":"0","Opcode":"0","Provider":{"@Guid":"{bd12f3b8-fc40-4a61-a307-b7a013a069c1}","@Name":"Microsoft-Windows-Servicing"},"Security":{"@UserID":"S-1-5-18"},"Task":"0","TimeCreated":{"@SystemTime":"2016-03-05 15:23:54.680300"},"Version":"0"},"UserData":{"CbsPackageInitiateChanges":{"@xmlns":"http://manifests.microsoft.com/win/2004/08/windows/setup_provider","Client":"WindowsUpdateAgent","InitialPackageState":"Absent","IntendedPackageState":"Installed","PackageIdentifier":"KB2736422"}}}}
{"Event":{"@xmlns":"http://schemas.microsoft.com/win/2004/08/events/event","System":{"Channel":"Setup","Computer":"STOVEG-PC","Correlation":{"@ActivityID":"","@RelatedActivityID":""},"EventID":{"#text":"4","@Qualifiers":""},"EventRecordID":"29","Execution":{"@ProcessID":"5776","@ThreadID":"3892"},"Keywords":"0x8000000000000000","Level":"0","Opcode":"0","Provider":{"@Guid":"{bd12f3b8-fc40-4a61-a307-b7a013a069c1}","@Name":"Microsoft-Windows-Servicing"},"Security":{"@UserID":"S-1-5-18"},"Task":"0","TimeCreated":{"@SystemTime":"2016-03-05 15:24:15.915997"},"Version":"0"},"UserData":{"CbsPackageChangeState":{"@xmlns":"http://manifests.microsoft.com/win/2004/08/windows/setup_provider","Client":"WindowsUpdateAgent","ErrorCode":"0x0","IntendedPackageState":"Installed","PackageIdentifier":"KB2736422"}}}}
{"Event":{"@xmlns":"http://schemas.microsoft.com/win/2004/08/events/event","EventData":{"Data":[{"#text":"Windows 安全更新程序 (KB2736422)","@Name":"UpdateTitle"},{"#text":"C:\\Windows\\system32\\wusa.exe \"D:\\Program Files\\360\\360Safe\\hotfix\\Windows6.1-KB2736422-x64.msu\" /quiet /norestart","@Name":"CommandLine"}]},"System":{"Channel":"Setup","Computer":"STOVEG-PC","Correlation":{"@ActivityID":"","@RelatedActivityID":""},"EventID":{"#text":"4","@Qualifiers":""},"EventRecordID":"30","Execution":{"@ProcessID":"4780","@ThreadID":"2752"},"Keywords":"0x8000000000000000","Level":"3","Opcode":"0","Provider":{"@Guid":"{09608c12-c1da-4104-a6fe-b959cf57560a}","@Name":"Microsoft-Windows-WUSA"},"Security":{"@UserID":"S-1-5-21-131171808-3139395271-469146106-1000"},"Task":"0","TimeCreated":{"@SystemTime":"2016-03-05 15:24:18.646843"},"Version":"0"}}}
{"Event":{"@xmlns":"http://schemas.microsoft.com/win/2004/08/events/event","EventData":{"Data":[{"#text":"\"Windows 安全更新程序 (KB2736422)\"","@Name":"UpdateTitle"},{"#text":"C:\\Windows\\system32\\wusa.exe \"D:\\Program Files\\360\\360Safe\\hotfix\\Windows6.1-KB2736422-x64.msu\" /quiet /norestart","@Name":"CommandLine"}]},"System":{"Channel":"Setup","Computer":"STOVEG-PC","Correlation":{"@ActivityID":"","@RelatedActivityID":""},"EventID":{"#text":"2","@Qualifiers":""},"EventRecordID":"31","Execution":{"@ProcessID":"4780","@ThreadID":"6736"},"Keywords":"0x8000000000000000","Level":"4","Opcode":"0","Provider":{"@Guid":"{09608c12-c1da-4104-a6fe-b959cf57560a}","@Name":"Microsoft-Windows-WUSA"},"Security":{"@UserID":"S-1-5-21-131171808-3139395271-469146106-1000"},"Task":"0","TimeCreated":{"@SystemTime":"2016-03-05 15:24:18.695351"},"Version":"0"}}}
{"Event":{"@xmlns":"http://schemas.microsoft.com/win/2004/08/events/event","System":{"Channel":"Setup","Computer":"STOVEG-PC","Correlation":{"@ActivityID":"","@RelatedActivityID":""},"EventID":{"#text":"1","@Qualifiers":""},"EventRecordID":"32","Execution":{"@ProcessID":"5776","@ThreadID":"3892"},"Keywords":"0x8000000000000000","Level":"0","Opcode":"0","Provider":{"@Guid":"{bd12f3b8-fc40-4a61-a307-b7a013a069c1}","@Name":"Microsoft-Windows-Servicing"},"Security":{"@UserID":"S-1-5-18"},"Task":"0","TimeCreated":{"@SystemTime":"2016-03-05 15:30:25.689453"},"Version":"0"},"UserData":{"CbsPackageInitiateChanges":{"@xmlns":"http://manifests.microsoft.com/win/2004/08/windows/setup_provider","Client":"WindowsUpdateAgent","InitialPackageState":"Absent","IntendedPackageState":"Installed","PackageIdentifier":"KB2742599"}}}}
{"Event":{"@xmlns":"http://schemas.microsoft.com/win/2004/08/events/event","System":{"Channel":"Setup","Computer":"STOVEG-PC","Correlation":{"@ActivityID":"","@RelatedActivityID":""},"EventID":{"#text":"4","@Qualifiers":""},"EventRecordID":"33","Execution":{"@ProcessID":"5776","@ThreadID":"3892"},"Keywords":"0x8000000000000000","Level":"0","Opcode":"0","Provider":{"@Guid":"{bd12f3b8-fc40-4a61-a307-b7a013a069c1}","@Name":"Microsoft-Windows-Servicing"},"Security":{"@UserID":"S-1-5-18"},"Task":"0","TimeCreated":{"@SystemTime":"2016-03-05 15:31:08.024828"},"Version":"0"},"UserData":{"CbsPackageChangeState":{"@xmlns":"http://manifests.microsoft.com/win/2004/08/windows/setup_provider","Client":"WindowsUpdateAgent","ErrorCode":"0x0","IntendedPackageState":"Installed","PackageIdentifier":"KB2742599"}}}}
{"Event":{"@xmlns":"http://schemas.microsoft.com/win/2004/08/events/event","EventData":{"Data":[{"#text":"Windows 安全更新程序 (KB2742599)","@Name":"UpdateTitle"},{"#text":"C:\\Windows\\system32\\wusa.exe \"D:\\Program Files\\360\\360Safe\\hotfix\\Windows6.1-KB2742599-x64.msu\" /quiet /norestart","@Name":"CommandLine"}]},"System":{"Channel":"Setup","Computer":"STOVEG-PC","Correlation":{"@ActivityID":"","@RelatedActivityID":""},"EventID":{"#text":"4","@Qualifiers":""},"EventRecordID":"34","Execution":{"@ProcessID":"5136","@ThreadID":"1360"},"Keywords":"0x8000000000000000","Level":"3","Opcode":"0","Provider":{"@Guid":"{09608c12-c1da-4104-a6fe-b959cf57560a}","@Name":"Microsoft-Windows-WUSA"},"Security":{"@UserID":"S-1-5-21-131171808-3139395271-469146106-1000"},"Task":"0","TimeCreated":{"@SystemTime":"2016-03-05 15:31:09.893064"},"Version":"0"}}}
{"Event":{"@xmlns":"http://schemas.microsoft.com/win/2004/08/events/event","EventData":{"Data":[{"#text":"\"Windows 安全更新程序 (KB2742599)\"","@Name":"UpdateTitle"},{"#text":"C:\\Windows\\system32\\wusa.exe \"D:\\Program Files\\360\\360Safe\\hotfix\\Windows6.1-KB2742599-x64.msu\" /quiet /norestart","@Name":"CommandLine"}]},"System":{"Channel":"Setup","Computer":"STOVEG-PC","Correlation":{"@ActivityID":"","@RelatedActivityID":""},"EventID":{"#text":"2","@Qualifiers":""},"EventRecordID":"35","Execution":{"@ProcessID":"5136","@ThreadID":"2904"},"Keywords":"0x8000000000000000","Level":"4","Opcode":"0","Provider":{"@Guid":"{09608c12-c1da-4104-a6fe-b959cf57560a}","@Name":"Microsoft-Windows-WUSA"},"Security":{"@UserID":"S-1-5-21-131171808-3139395271-469146106-1000"},"Task":"0","TimeCreated":{"@SystemTime":"2016-03-05 15:31:09.958073"},"Version":"0"}}}
{"Event":{"@xmlns":"http://schemas.microsoft.com/win/2004/08/events/event","System":{"Channel":"Setup","Computer":"STOVEG-PC","Correlation":{"@ActivityID":"","@RelatedActivityID":""},"EventID":{"#text":"1","@Qualifiers":""},"EventRecordID":"36","Execution":{"@ProcessID":"5776","@ThreadID":"3892"},"Keywords":"0x8000000000000000","Level":"0","Opcode":"0","Provider":{"@Guid":"{bd12f3b8-fc40-4a61-a307-b7a013a069c1}","@Name":"Microsoft-Windows-Servicing"},"Security":{"@UserID":"S-1-5-18"},"Task":"0","TimeCreated":{"@SystemTime":"2016-03-05 15:31:21.464535"},"Version":"0"},"UserData":{"CbsPackageInitiateChanges":{"@xmlns":"http://manifests.microsoft.com/win/2004/08/windows/setup_provider","Client":"WindowsUpdateAgent","InitialPackageState":"Absent","IntendedPackageState":"Installed","PackageIdentifier":"KB2757638"}}}}
{"Event":{"@xmlns":"http://schemas.microsoft.com/win/2004/08/events/event","System":{"Channel":"Setup","Computer":"STOVEG-PC","Correlation":{"@ActivityID":"","@RelatedActivityID":""},"EventID":{"#text":"4","@Qualifiers":""},"EventRecordID":"37","Execution":{"@ProcessID":"5776","@ThreadID":"3892"},"Keywords":"0x8000000000000000","Level":"0","Opcode":"0","Provider":{"@Guid":"{bd12f3b8-fc40-4a61-a307-b7a013a069c1}","@Name":"Microsoft-Windows-Servicing"},"Security":{"@UserID":"S-1-5-18"},"Task":"0","TimeCreated":{"@SystemTime":"2016-03-05 15:31:37.201532"},"Version":"0"},"UserData":{"CbsPackageChangeState":{"@xmlns":"http://manifests.microsoft.com/win/2004/08/windows/setup_provider","Client":"WindowsUpdateAgent","ErrorCode":"0x0","IntendedPackageState":"Installed","PackageIdentifier":"KB2757638"}}}}
{"Event":{"@xmlns":"http://schemas.microsoft.com/win/2004/08/events/event","EventData":{"Data":[{"#text":"Windows 安全更新程序 (KB2757638)","@Name":"UpdateTitle"},{"#text":"C:\\Windows\\system32\\wusa.exe \"D:\\Program Files\\360\\360Safe\\hotfix\\Windows6.1-KB2757638-x64.msu\" /quiet /norestart","@Name":"CommandLine"}]},"System":{"Channel":"Setup","Computer":"STOVEG-PC","Correlation":{"@ActivityID":"","@RelatedActivityID":""},"EventID":{"#text":"4","@Qualifiers":""},"EventRecordID":"38","Execution":{"@ProcessID":"2684","@ThreadID":"272"},"Keywords":"0x8000000000000000","Level":"3","Opcode":"0","Provider":{"@Guid":"{09608c12-c1da-4104-a6fe-b959cf57560a}","@Name":"Microsoft-Windows-WUSA"},"Security":{"@UserID":"S-1-5-21-131171808-3139395271-469146106-1000"},"Task":"0","TimeCreated":{"@SystemTime":"2016-03-05 15:31:39.928379"},"Version":"0"}}}
{"Event":{"@xmlns":"http://schemas.microsoft.com/win/2004/08/events/event","EventData":{"Data":[{"#text":"\"Windows 安全更新程序 (KB2757638)\"","@Name":"UpdateTitle"},{"#text":"C:\\Windows\\system32\\wusa.exe \"D:\\Program Files\\360\\360Safe\\hotfix\\Windows6.1-KB2757638-x64.msu\" /quiet /norestart","@Name":"CommandLine"}]},"System":{"Channel":"Setup","Computer":"STOVEG-PC","Correlation":{"@ActivityID":"","@RelatedActivityID":""},"EventID":{"#text":"2","@Qualifiers":""},"EventRecordID":"39","Execution":{"@ProcessID":"2684","@ThreadID":"6716"},"Keywords":"0x8000000000000000","Level":"4","Opcode":"0","Provider":{"@Guid":"{09608c12-c1da-4104-a6fe-b959cf57560a}","@Name":"Microsoft-Windows-WUSA"},"Security":{"@UserID":"S-1-5-21-131171808-3139395271-469146106-1000"},"Task":"0","TimeCreated":{"@SystemTime":"2016-03-05 15:31:39.965883"},"Version":"0"}}}
{"Event":{"@xmlns":"http://schemas.microsoft.com/win/2004/08/events/event","System":{"Channel":"Setup","Computer":"STOVEG-PC","Correlation":{"@ActivityID":"","@RelatedActivityID":""},"EventID":{"#text":"1","@Qualifiers":""},"EventRecordID":"40","Execution":{"@ProcessID":"5776","@ThreadID":"3892"},"Keywords":"0x8000000000000000","Level":"0","Opcode":"0","Provider":{"@Guid":"{bd12f3b8-fc40-4a61-a307-b7a013a069c1}","@Name":"Microsoft-Windows-Servicing"},"Security":{"@UserID":"S-1-5-18"},"Task":"0","TimeCreated":{"@SystemTime":"2016-03-05 15:31:52.488474"},"Version":"0"},"UserData":{"CbsPackageInitiateChanges":{"@xmlns":"http://manifests.microsoft.com/win/2004/08/windows/setup_provider","Client":"WindowsUpdateAgent","InitialPackageState":"Absent","IntendedPackageState":"Installed","PackageIdentifier":"KB2789645"}}}}
{"Event":{"@xmlns":"http://schemas.microsoft.com/win/2004/08/events/event","System":{"Channel":"Setup","Computer":"STOVEG-PC","Correlation":{"@ActivityID":"","@RelatedActivityID":""},"EventID":{"#text":"4","@Qualifiers":""},"EventRecordID":"41","Execution":{"@ProcessID":"5776","@ThreadID":"3892"},"Keywords":"0x8000000000000000","Level":"0","Opcode":"0","Provider":{"@Guid":"{bd12f3b8-fc40-4a61-a307-b7a013a069c1}","@Name":"Microsoft-Windows-Servicing"},"Security":{"@UserID":"S-1-5-18"},"Task":"0","TimeCreated":{"@SystemTime":"2016-03-05 15:32:12.710543"},"Version":"0"},"UserData":{"CbsPackageChangeState":{"@xmlns":"http://manifests.microsoft.com/win/2004/08/windows/setup_provider","Client":"WindowsUpdateAgent","ErrorCode":"0x0","IntendedPackageState":"Installed","PackageIdentifier":"KB2789645"}}}}
{"Event":{"@xmlns":"http://schemas.microsoft.com/win/2004/08/events/event","EventData":{"Data":[{"#text":"Windows 安全更新程序 (KB2789645)","@Name":"UpdateTitle"},{"#text":"C:\\Windows\\system32\\wusa.exe \"D:\\Program Files\\360\\360Safe\\hotfix\\Windows6.1-KB2789645-x64.msu\" /quiet /norestart","@Name":"CommandLine"}]},"System":{"Channel":"Setup","Computer":"STOVEG-PC","Correlation":{"@ActivityID":"","@RelatedActivityID":""},"EventID":{"#text":"4","@Qualifiers":""},"EventRecordID":"42","Execution":{"@ProcessID":"3276","@ThreadID":"1616"},"Keywords":"0x8000000000000000","Level":"3","Opcode":"0","Provider":{"@Guid":"{09608c12-c1da-4104-a6fe-b959cf57560a}","@Name":"Microsoft-Windows-WUSA"},"Security":{"@UserID":"S-1-5-21-131171808-3139395271-469146106-1000"},"Task":"0","TimeCreated":{"@SystemTime":"2016-03-05 15:32:14.277740"},"Version":"0"}}}
{"Event":{"@xmlns":"http://schemas.microsoft.com/win/2004/08/events/event","EventData":{"Data":[{"#text":"\"Windows 安全更新程序 (KB2789645)\"","@Name":"UpdateTitle"},{"#text":"C:\\Windows\\system32\\wusa.exe \"D:\\Program Files\\360\\360Safe\\hotfix\\Windows6.1-KB2789645-x64.msu\" /quiet /norestart","@Name":"CommandLine"}]},"System":{"Channel":"Setup","Computer":"STOVEG-PC","Correlation":{"@ActivityID":"","@RelatedActivityID":""},"EventID":{"#text":"2","@Qualifiers":""},"EventRecordID":"43","Execution":{"@ProcessID":"3276","@ThreadID":"6604"},"Keywords":"0x8000000000000000","Level":"4","Opcode":"0","Provider":{"@Guid":"{09608c12-c1da-4104-a6fe-b959cf57560a}","@Name":"Microsoft-Windows-WUSA"},"Security":{"@UserID":"S-1-5-21-131171808-3139395271-469146106-1000"},"Task":"0","TimeCreated":{"@SystemTime":"2016-03-05 15:32:14.299744"},"Version":"0"}}}
{"Event":{"@xmlns":"http://schemas.microsoft.com/win/2004/08/events/event","System":{"Channel":"Setup","Computer":"STOVEG-PC","Correlation":{"@ActivityID":"","@RelatedActivityID":""},"EventID":{"#text":"1","@Qualifiers":""},"EventRecordID":"44","Execution":{"@ProcessID":"5776","@ThreadID":"3892"},"Keywords":"0x8000000000000000","Level":"0","Opcode":"0","Provider":{"@Guid":"{bd12f3b8-fc40-4a61-a307-b7a013a069c1}","@Name":"Microsoft-Windows-Servicing"},"Security":{"@UserID":"S-1-5-18"},"Task":"0","TimeCreated":{"@SystemTime":"2016-03-05 15:32:26.781828"},"Version":"0"},"UserData":{"CbsPackageInitiateChanges":{"@xmlns":"http://manifests.microsoft.com/win/2004/08/windows/setup_provider","Client":"WindowsUpdateAgent","InitialPackageState":"Absent","IntendedPackageState":"Installed","PackageIdentifier":"KB2807986"}}}}
{"Event":{"@xmlns":"http://schemas.microsoft.com/win/2004/08/events/event","System":{"Channel":"Setup","Computer":"STOVEG-PC","Correlation":{"@ActivityID":"","@RelatedActivityID":""},"EventID":{"#text":"4","@Qualifiers":""},"EventRecordID":"45","Execution":{"@ProcessID":"5776","@ThreadID":"3892"},"Keywords":"0x8000000000000000","Level":"0","Opcode":"0","Provider":{"@Guid":"{bd12f3b8-fc40-4a61-a307-b7a013a069c1}","@Name":"Microsoft-Windows-Servicing"},"Security":{"@UserID":"S-1-5-18"},"Task":"0","TimeCreated":{"@SystemTime":"2016-03-05 15:32:40.883120"},"Version":"0"},"UserData":{"CbsPackageChangeState":{"@xmlns":"http://manifests.microsoft.com/win/2004/08/windows/setup_provider","Client":"WindowsUpdateAgent","ErrorCode":"0x0","IntendedPackageState":"Installed","PackageIdentifier":"KB2807986"}}}}
{"Event":{"@xmlns":"http://schemas.microsoft.com/win/2004/08/events/event","EventData":{"Data":[{"#text":"Windows 安全更新程序 (KB2807986)","@Name":"UpdateTitle"},{"#text":"C:\\Windows\\system32\\wusa.exe \"D:\\Program Files\\360\\360Safe\\hotfix\\Windows6.1-KB2807986-x64.msu\" /quiet /norestart","@Name":"CommandLine"}]},"System":{"Channel":"Setup","Computer":"STOVEG-PC","Correlation":{"@ActivityID":"","@RelatedActivityID":""},"EventID":{"#text":"4","@Qualifiers":""},"EventRecordID":"46","Execution":{"@ProcessID":"5508","@ThreadID":"6844"},"Keywords":"0x8000000000000000","Level":"3","Opcode":"0","Provider":{"@Guid":"{09608c12-c1da-4104-a6fe-b959cf57560a}","@Name":"Microsoft-Windows-WUSA"},"Security":{"@UserID":"S-1-5-21-131171808-3139395271-469146106-1000"},"Task":"0","TimeCreated":{"@SystemTime":"2016-03-05 15:32:42.301298"},"Version":"0"}}}
{"Event":{"@xmlns":"http://schemas.microsoft.com/win/2004/08/events/event","EventData":{"Data":[{"#text":"\"Windows 安全更新程序 (KB2807986)\"","@Name":"UpdateTitle"},{"#text":"C:\\Windows\\system32\\wusa.exe \"D:\\Program Files\\360\\360Safe\\hotfix\\Windows6.1-KB2807986-x64.msu\" /quiet /norestart","@Name":"CommandLine"}]},"System":{"Channel":"Setup","Computer":"STOVEG-PC","Correlation":{"@ActivityID":"","@RelatedActivityID":""},"EventID":{"#text":"2","@Qualifiers":""},"EventRecordID":"47","Execution":{"@ProcessID":"5508","@ThreadID":"1004"},"Keywords":"0x8000000000000000","Level":"4","Opcode":"0","Provider":{"@Guid":"{09608c12-c1da-4104-a6fe-b959cf57560a}","@Name":"Microsoft-Windows-WUSA"},"Security":{"@UserID":"S-1-5-21-131171808-3139395271-469146106-1000"},"Task":"0","TimeCreated":{"@SystemTime":"2016-03-05 15:32:42.322803"},"Version":"0"}}}
{"Event":{"@xmlns":"http://schemas.microsoft.com/win/2004/08/events/event","System":{"Channel":"Setup","Computer":"STOVEG-PC","Correlation":{"@ActivityID":"","@RelatedActivityID":""},"EventID":{"#text":"1","@Qualifiers":""},"EventRecordID":"48","Execution":{"@ProcessID":"5776","@ThreadID":"3892"},"Keywords":"0x8000000000000000","Level":"0","Opcode":"0","Provider":{"@Guid":"{bd12f3b8-fc40-4a61-a307-b7a013a069c1}","@Name":"Microsoft-Windows-Servicing"},"Security":{"@UserID":"S-1-5-18"},"Task":"0","TimeCreated":{"@SystemTime":"2016-03-05 15:32:54.903900"},"Version":"0"},"UserData":{"CbsPackageInitiateChanges":{"@xmlns":"http://manifests.microsoft.com/win/2004/08/windows/setup_provider","Client":"WindowsUpdateAgent","InitialPackageState":"Absent","IntendedPackageState":"Installed","PackageIdentifier":"KB2840149"}}}}
{"Event":{"@xmlns":"http://schemas.microsoft.com/win/2004/08/events/event","System":{"Channel":"Setup","Computer":"STOVEG-PC","Correlation":{"@ActivityID":"","@RelatedActivityID":""},"EventID":{"#text":"4","@Qualifiers":""},"EventRecordID":"49","Execution":{"@ProcessID":"5776","@ThreadID":"3892"},"Keywords":"0x8000000000000000","Level":"0","Opcode":"0","Provider":{"@Guid":"{bd12f3b8-fc40-4a61-a307-b7a013a069c1}","@Name":"Microsoft-Windows-Servicing"},"Security":{"@UserID":"S-1-5-18"},"Task":"0","TimeCreated":{"@SystemTime":"2016-03-05 15:33:08.095575"},"Version":"0"},"UserData":{"CbsPackageChangeState":{"@xmlns":"http://manifests.microsoft.com/win/2004/08/windows/setup_provider","Client":"WindowsUpdateAgent","ErrorCode":"0x0","IntendedPackageState":"Installed","PackageIdentifier":"KB2840149"}}}}
{"Event":{"@xmlns":"http://schemas.microsoft.com/win/2004/08/events/event","EventData":{"Data":[{"#text":"Windows 安全更新程序 (KB2840149)","@Name":"UpdateTitle"},{"#text":"C:\\Windows\\system32\\wusa.exe \"D:\\Program Files\\360\\360Safe\\hotfix\\Windows6.1-KB2840149-x64.msu\" /quiet /norestart","@Name":"CommandLine"}]},"System":{"Channel":"Setup","Computer":"STOVEG-PC","Correlation":{"@ActivityID":"","@RelatedActivityID":""},"EventID":{"#text":"4","@Qualifiers":""},"EventRecordID":"50","Execution":{"@ProcessID":"5440","@ThreadID":"4628"},"Keywords":"0x8000000000000000","Level":"3","Opcode":"0","Provider":{"@Guid":"{09608c12-c1da-4104-a6fe-b959cf57560a}","@Name":"Microsoft-Windows-WUSA"},"Security":{"@UserID":"S-1-5-21-131171808-3139395271-469146106-1000"},"Task":"0","TimeCreated":{"@SystemTime":"2016-03-05 15:33:08.930681"},"Version":"0"}}}
{"Event":{"@xmlns":"http://schemas.microsoft.com/win/2004/08/events/event","EventData":{"Data":[{"#text":"\"Windows 安全更新程序 (KB2840149)\"","@Name":"UpdateTitle"},{"#text":"C:\\Windows\\system32\\wusa.exe \"D:\\Program Files\\360\\360Safe\\hotfix\\Windows6.1-KB2840149-x64.msu\" /quiet /norestart","@Name":"CommandLine"}]},"System":{"Channel":"Setup","Computer":"STOVEG-PC","Correlation":{"@ActivityID":"","@RelatedActivityID":""},"EventID":{"#text":"2","@Qualifiers":""},"EventRecordID":"51","Execution":{"@ProcessID":"5440","@ThreadID":"5988"},"Keywords":"0x8000000000000000","Level":"4","Opcode":"0","Provider":{"@Guid":"{09608c12-c1da-4104-a6fe-b959cf57560a}","@Name":"Microsoft-Windows-WUSA"},"Security":{"@UserID":"S-1-5-21-131171808-3139395271-469146106-1000"},"Task":"0","TimeCreated":{"@SystemTime":"2016-03-05 15:33:08.978186"},"Version":"0"}}}
{"Event":{"@xmlns":"http://schemas.microsoft.com/win/2004/08/events/event","System":{"Channel":"Setup","Computer":"STOVEG-PC","Correlation":{"@ActivityID":"","@RelatedActivityID":""},"EventID":{"#text":"1","@Qualifiers":""},"EventRecordID":"52","Execution":{"@ProcessID":"5776","@ThreadID":"3892"},"Keywords":"0x8000000000000000","Level":"0","Opcode":"0","Provider":{"@Guid":"{bd12f3b8-fc40-4a61-a307-b7a013a069c1}","@Name":"Microsoft-Windows-Servicing"},"Security":{"@UserID":"S-1-5-18"},"Task":"0","TimeCreated":{"@SystemTime":"2016-03-05 15:33:27.128992"},"Version":"0"},"UserData":{"CbsPackageInitiateChanges":{"@xmlns":"http://manifests.microsoft.com/win/2004/08/windows/setup_provider","Client":"WindowsUpdateAgent","InitialPackageState":"Absent","IntendedPackageState":"Installed","PackageIdentifier":"KB2813430"}}}}
{"Event":{"@xmlns":"http://schemas.microsoft.com/win/2004/08/events/event","System":{"Channel":"Setup","Computer":"STOVEG-PC","Correlation":{"@ActivityID":"","@RelatedActivityID":""},"EventID":{"#text":"4","@Qualifiers":""},"EventRecordID":"53","Execution":{"@ProcessID":"5776","@ThreadID":"3892"},"Keywords":"0x8000000000000000","Level":"0","Opcode":"0","Provider":{"@Guid":"{bd12f3b8-fc40-4a61-a307-b7a013a069c1}","@Name":"Microsoft-Windows-Servicing"},"Security":{"@UserID":"S-1-5-18"},"Task":"0","TimeCreated":{"@SystemTime":"2016-03-05 15:34:06.354973"},"Version":"0"},"UserData":{"CbsPackageChangeState":{"@xmlns":"http://manifests.microsoft.com/win/2004/08/windows/setup_provider","Client":"WindowsUpdateAgent","ErrorCode":"0x0","IntendedPackageState":"Installed","PackageIdentifier":"KB2813430"}}}}
{"Event":{"@xmlns":"http://schemas.microsoft.com/win/2004/08/events/event","EventData":{"Data":[{"#text":"Windows 安全更新程序 (KB2813430)","@Name":"UpdateTitle"},{"#text":"C:\\Windows\\system32\\wusa.exe \"D:\\Program Files\\360\\360Safe\\hotfix\\Windows6.1-KB2813430-x64.msu\" /quiet /norestart","@Name":"CommandLine"}]},"System":{"Channel":"Setup","Computer":"STOVEG-PC","Correlation":{"@ActivityID":"","@RelatedActivityID":""},"EventID":{"#text":"4","@Qualifiers":""},"EventRecordID":"54","Execution":{"@ProcessID":"1052","@ThreadID":"6188"},"Keywords":"0x8000000000000000","Level":"3","Opcode":"0","Provider":{"@Guid":"{09608c12-c1da-4104-a6fe-b959cf57560a}","@Name":"Microsoft-Windows-WUSA"},"Security":{"@UserID":"S-1-5-21-131171808-3139395271-469146106-1000"},"Task":"0","TimeCreated":{"@SystemTime":"2016-03-05 15:34:09.010811"},"Version":"0"}}}
{"Event":{"@xmlns":"http://schemas.microsoft.com/win/2004/08/events/event","EventData":{"Data":[{"#text":"\"Windows 安全更新程序 (KB2813430)\"","@Name":"UpdateTitle"},{"#text":"C:\\Windows\\system32\\wusa.exe \"D:\\Program Files\\360\\360Safe\\hotfix\\Windows6.1-KB2813430-x64.msu\" /quiet /norestart","@Name":"CommandLine"}]},"System":{"Channel":"Setup","Computer":"STOVEG-PC","Correlation":{"@ActivityID":"","@RelatedActivityID":""},"EventID":{"#text":"2","@Qualifiers":""},"EventRecordID":"55","Execution":{"@ProcessID":"1052","@ThreadID":"6584"},"Keywords":"0x8000000000000000","Level":"4","Opcode":"0","Provider":{"@Guid":"{09608c12-c1da-4104-a6fe-b959cf57560a}","@Name":"Microsoft-Windows-WUSA"},"Security":{"@UserID":"S-1-5-21-131171808-3139395271-469146106-1000"},"Task":"0","TimeCreated":{"@SystemTime":"2016-03-05 15:34:09.036814"},"Version":"0"}}}
{"Event":{"@xmlns":"http://schemas.microsoft.com/win/2004/08/events/event","System":{"Channel":"Setup","Computer":"STOVEG-PC","Correlation":{"@ActivityID":"","@RelatedActivityID":""},"EventID":{"#text":"1","@Qualifiers":""},"EventRecordID":"56","Execution":{"@ProcessID":"5776","@ThreadID":"3892"},"Keywords":"0x8000000000000000","Level":"0","Opcode":"0","Provider":{"@Guid":"{bd12f3b8-fc40-4a61-a307-b7a013a069c1}","@Name":"Microsoft-Windows-Servicing"},"Security":{"@UserID":"S-1-5-18"},"Task":"0","TimeCreated":{"@SystemTime":"2016-03-05 15:34:21.981457"},"Version":"0"},"UserData":{"CbsPackageInitiateChanges":{"@xmlns":"http://manifests.microsoft.com/win/2004/08/windows/setup_provider","Client":"WindowsUpdateAgent","InitialPackageState":"Absent","IntendedPackageState":"Installed","PackageIdentifier":"KB2839894"}}}}
{"Event":{"@xmlns":"http://schemas.microsoft.com/win/2004/08/events/event","System":{"Channel":"Setup","Computer":"STOVEG-PC","Correlation":{"@ActivityID":"","@RelatedActivityID":""},"EventID":{"#text":"4","@Qualifiers":""},"EventRecordID":"57","Execution":{"@ProcessID":"5776","@ThreadID":"3892"},"Keywords":"0x8000000000000000","Level":"0","Opcode":"0","Provider":{"@Guid":"{bd12f3b8-fc40-4a61-a307-b7a013a069c1}","@Name":"Microsoft-Windows-Servicing"},"Security":{"@UserID":"S-1-5-18"},"Task":"0","TimeCreated":{"@SystemTime":"2016-03-05 15:34:38.495054"},"Version":"0"},"UserData":{"CbsPackageChangeState":{"@xmlns":"http://manifests.microsoft.com/win/2004/08/windows/setup_provider","Client":"WindowsUpdateAgent","ErrorCode":"0x0","IntendedPackageState":"Installed","PackageIdentifier":"KB2839894"}}}}
{"Event":{"@xmlns":"http://schemas.microsoft.com/win/2004/08/events/event","EventData":{"Data":[{"#text":"Windows 安全更新程序 (KB2839894)","@Name":"UpdateTitle"},{"#text":"C:\\Windows\\system32\\wusa.exe \"D:\\Program Files\\360\\360Safe\\hotfix\\Windows6.1-KB2839894-x64.msu\" /quiet /norestart","@Name":"CommandLine"}]},"System":{"Channel":"Setup","Computer":"STOVEG-PC","Correlation":{"@ActivityID":"","@RelatedActivityID":""},"EventID":{"#text":"4","@Qualifiers":""},"EventRecordID":"58","Execution":{"@ProcessID":"3816","@ThreadID":"1996"},"Keywords":"0x8000000000000000","Level":"3","Opcode":"0","Provider":{"@Guid":"{09608c12-c1da-4104-a6fe-b959cf57560a}","@Name":"Microsoft-Windows-WUSA"},"Security":{"@UserID":"S-1-5-21-131171808-3139395271-469146106-1000"},"Task":"0","TimeCreated":{"@SystemTime":"2016-03-05 15:34:39.165138"},"Version":"0"}}}
{"Event":{"@xmlns":"http://schemas.microsoft.com/win/2004/08/events/event","EventData":{"Data":[{"#text":"\"Windows 安全更新程序 (KB2839894)\"","@Name":"UpdateTitle"},{"#text":"C:\\Windows\\system32\\wusa.exe \"D:\\Program Files\\360\\360Safe\\hotfix\\Windows6.1-KB2839894-x64.msu\" /quiet /norestart","@Name":"CommandLine"}]},"System":{"Channel":"Setup","Computer":"STOVEG-PC","Correlation":{"@ActivityID":"","@RelatedActivityID":""},"EventID":{"#text":"2","@Qualifiers":""},"EventRecordID":"59","Execution":{"@ProcessID":"3816","@ThreadID":"6036"},"Keywords":"0x8000000000000000","Level":"4","Opcode":"0","Provider":{"@Guid":"{09608c12-c1da-4104-a6fe-b959cf57560a}","@Name":"Microsoft-Windows-WUSA"},"Security":{"@UserID":"S-1-5-21-131171808-3139395271-469146106-1000"},"Task":"0","TimeCreated":{"@SystemTime":"2016-03-05 15:34:39.189142"},"Version":"0"}}}
{"Event":{"@xmlns":"http://schemas.microsoft.com/win/2004/08/events/event","System":{"Channel":"Setup","Computer":"STOVEG-PC","Correlation":{"@ActivityID":"","@RelatedActivityID":""},"EventID":{"#text":"1","@Qualifiers":""},"EventRecordID":"60","Execution":{"@ProcessID":"5776","@ThreadID":"3892"},"Keywords":"0x8000000000000000","Level":"0","Opcode":"0","Provider":{"@Guid":"{bd12f3b8-fc40-4a61-a307-b7a013a069c1}","@Name":"Microsoft-Windows-Servicing"},"Security":{"@UserID":"S-1-5-18"},"Task":"0","TimeCreated":{"@SystemTime":"2016-03-05 15:34:53.446953"},"Version":"0"},"UserData":{"CbsPackageInitiateChanges":{"@xmlns":"http://manifests.microsoft.com/win/2004/08/windows/setup_provider","Client":"WindowsUpdateAgent","InitialPackageState":"Absent","IntendedPackageState":"Installed","PackageIdentifier":"KB2803821"}}}}
