{"Event":{"@xmlns":"http://schemas.microsoft.com/win/2004/08/events/event","System":{"Channel":"Setup","Computer":"STOVEG-PC","Correlation":{"@ActivityID":"","@RelatedActivityID":""},"EventID":{"#text":"4","@Qualifiers":""},"EventRecordID":"61","Execution":{"@ProcessID":"5776","@ThreadID":"3892"},"Keywords":"0x8000000000000000","Level":"0","Opcode":"0","Provider":{"@Guid":"{bd12f3b8-fc40-4a61-a307-b7a013a069c1}","@Name":"Microsoft-Windows-Servicing"},"Security":{"@UserID":"S-1-5-18"},"Task":"0","TimeCreated":{"@SystemTime":"2016-03-05 15:35:07.416725"},"Version":"0"},"UserData":{"CbsPackageChangeState":{"@xmlns":"http://manifests.microsoft.com/win/2004/08/windows/setup_provider","Client":"WindowsUpdateAgent","ErrorCode":"0x0","IntendedPackageState":"Installed","PackageIdentifier":"KB2803821"}}}}
{"Event":{"@xmlns":"http://schemas.microsoft.com/win/2004/08/events/event","EventData":{"Data":[{"#text":"Windows 安全更新程序 (KB2803821)","@Name":"UpdateTitle"},{"#text":"C:\\Windows\\system32\\wusa.exe \"D:\\Program Files\\360\\360Safe\\hotfix\\Windows6.1-KB2803821-v2-x64.msu\" /quiet /norestart","@Name":"CommandLine"}]},"System":{"Channel":"Setup","Computer":"STOVEG-PC","Correlation":{"@ActivityID":"","@RelatedActivityID":""},"EventID":{"#text":"4","@Qualifiers":""},"EventRecordID":"62","Execution":{"@ProcessID":"3080","@ThreadID":"1924"},"Keywords":"0x8000000000000000","Level":"3","Opcode":"0","Provider":{"@Guid":"{09608c12-c1da-4104-a6fe-b959cf57560a}","@Name":"Microsoft-Windows-WUSA"},"Security":{"@UserID":"S-1-5-21-131171808-3139395271-469146106-1000"},"Task":"0","TimeCreated":{"@SystemTime":"2016-03-05 15:35:07.996799"},"Version":"0"}}}
{"Event":{"@xmlns":"http://schemas.microsoft.com/win/2004/08/events/event","EventData":{"Data":[{"#text":"\"Windows 安全更新程序 (KB2803821)\"","@Name":"UpdateTitle"},{"#text":"C:\\Windows\\system32\\wusa.exe \"D:\\Program Files\\360\\360Safe\\hotfix\\Windows6.1-KB2803821-v2-x64.msu\" /quiet /norestart","@Name":"CommandLine"}]},"System":{"Channel":"Setup","Computer":"STOVEG-PC","Correlation":{"@ActivityID":"","@RelatedActivityID":""},"EventID":{"#text":"2","@Qualifiers":""},"EventRecordID":"63","Execution":{"@ProcessID":"3080","@ThreadID":"940"},"Keywords":"0x8000000000000000","Level":"4","Opcode":"0","Provider":{"@Guid":"{09608c12-c1da-4104-a6fe-b959cf57560a}","@Name":"Microsoft-Windows-WUSA"},"Security":{"@UserID":"S-1-5-21-131171808-3139395271-469146106-1000"},"Task":"0","TimeCreated":{"@SystemTime":"2016-03-05 15:35:08.016802"},"Version":"0"}}}
{"Event":{"@xmlns":"http://schemas.microsoft.com/win/2004/08/events/event","System":{"Channel":"Setup","Computer":"STOVEG-PC","Correlation":{"@ActivityID":"","@RelatedActivityID":""},"EventID":{"#text":"1","@Qualifiers":""},"EventRecordID":"64","Execution":{"@ProcessID":"5776","@ThreadID":"3892"},"Keywords":"0x8000000000000000","Level":"0","Opcode":"0","Provider":{"@Guid":"{bd12f3b8-fc40-4a61-a307-b7a013a069c1}","@Name":"Microsoft-Windows-Servicing"},"Security":{"@UserID":"S-1-5-18"},"Task":"0","TimeCreated":{"@SystemTime":"2016-03-05 15:35:20.040831"},"Version":"0"},"UserData":{"CbsPackageInitiateChanges":{"@xmlns":"http://manifests.microsoft.com/win/2004/08/windows/setup_provider","Client":"WindowsUpdateAgent","InitialPackageState":"Absent","IntendedPackageState":"Installed","PackageIdentifier":"KB2840631"}}}}
{"Event":{"@xmlns":"http://schemas.microsoft.com/win/2004/08/events/event","System":{"Channel":"Setup","Computer":"STOVEG-PC","Correlation":{"@ActivityID":"","@RelatedActivityID":""},"EventID":{"#text":"4","@Qualifiers":""},"EventRecordID":"65","Execution":{"@ProcessID":"5776","@ThreadID":"3892"},"Keywords":"0x8000000000000000","Level":"0","Opcode":"0","Provider":{"@Guid":"{bd12f3b8-fc40-4a61-a307-b7a013a069c1}","@Name":"Microsoft-Windows-Servicing"},"Security":{"@UserID":"S-1-5-18"},"Task":"0","TimeCreated":{"@SystemTime":"2016-03-05 15:35:36.803957"},"Version":"0"},"UserData":{"CbsPackageChangeState":{"@xmlns":"http://manifests.microsoft.com/win/2004/08/windows/setup_provider","Client":"WindowsUpdateAgent","ErrorCode":"0x0","IntendedPackageState":"Installed","PackageIdentifier":"KB2840631"}}}}
{"Event":{"@xmlns":"http://schemas.microsoft.com/win/2004/08/events/event","EventData":{"Data":[{"#text":"Windows 安全更新程序 (KB2840631)","@Name":"UpdateTitle"},{"#text":"C:\\Windows\\system32\\wusa.exe \"D:\\Program Files\\360\\360Safe\\hotfix\\Windows6.1-KB2840631-x64.msu\" /quiet /norestart","@Name":"CommandLine"}]},"System":{"Channel":"Setup","Computer":"STOVEG-PC","Correlation":{"@ActivityID":"","@RelatedActivityID":""},"EventID":{"#text":"4","@Qualifiers":""},"EventRecordID":"66","Execution":{"@ProcessID":"1716","@ThreadID":"5760"},"Keywords":"0x8000000000000000","Level":"3","Opcode":"0","Provider":{"@Guid":"{09608c12-c1da-4104-a6fe-b959cf57560a}","@Name":"Microsoft-Windows-WUSA"},"Security":{"@UserID":"S-1-5-21-131171808-3139395271-469146106-1000"},"Task":"0","TimeCreated":{"@SystemTime":"2016-03-05 15:35:37.620564"},"Version":"0"}}}
{"Event":{"@xmlns":"http://schemas.microsoft.com/win/2004/08/events/event","EventData":{"Data":[{"#text":"\"Windows 安全更新程序 (KB2840631)\"","@Name":"UpdateTitle"},{"#text":"C:\\Windows\\system32\\wusa.exe \"D:\\Program Files\\360\\360Safe\\hotfix\\Windows6.1-KB2840631-x64.msu\" /quiet /norestart","@Name":"CommandLine"}]},"System":{"Channel":"Setup","Computer":"STOVEG-PC","Correlation":{"@ActivityID":"","@RelatedActivityID":""},"EventID":{"#text":"2","@Qualifiers":""},"EventRecordID":"67","Execution":{"@ProcessID":"1716","@ThreadID":"7104"},"Keywords":"0x8000000000000000","Level":"4","Opcode":"0","Provider":{"@Guid":"{09608c12-c1da-4104-a6fe-b959cf57560a}","@Name":"Microsoft-Windows-WUSA"},"Security":{"@UserID":"S-1-5-21-131171808-3139395271-469146106-1000"},"Task":"0","TimeCreated":{"@SystemTime":"2016-03-05 15:35:37.648066"},"Version":"0"}}}
{"Event":{"@xmlns":"http://schemas.microsoft.com/win/2004/08/events/event","System":{"Channel":"Setup","Computer":"STOVEG-PC","Correlation":{"@ActivityID":"","@RelatedActivityID":""},"EventID":{"#text":"1","@Qualifiers":""},"EventRecordID":"68","Execution":{"@ProcessID":"5776","@ThreadID":"3892"},"Keywords":"0x8000000000000000","Level":"0","Opcode":"0","Provider":{"@Guid":"{bd12f3b8-fc40-4a61-a307-b7a013a069c1}","@Name":"Microsoft-Windows-Servicing"},"Security":{"@UserID":"S-1-5-18"},"Task":"0","TimeCreated":{"@SystemTime":"2016-03-05 15:35:52.044893"},"Version":"0"},"UserData":{"CbsPackageInitiateChanges":{"@xmlns":"http://manifests.microsoft.com/win/2004/08/windows/setup_provider","Client":"WindowsUpdateAgent","InitialPackageState":"Absent","IntendedPackageState":"Installed","PackageIdentifier":"KB2847927"}}}}
{"Event":{"@xmlns":"http://schemas.microsoft.com/win/2004/08/events/event","System":{"Channel":"Setup","Computer":"STOVEG-PC","Correlation":{"@ActivityID":"","@RelatedActivityID":""},"EventID":{"#text":"4","@Qualifiers":""},"EventRecordID":"69","Execution":{"@ProcessID":"5776","@ThreadID":"3892"},"Keywords":"0x8000000000000000","Level":"0","Opcode":"0","Provider":{"@Guid":"{bd12f3b8-fc40-4a61-a307-b7a013a069c1}","@Name":"Microsoft-Windows-Servicing"},"Security":{"@UserID":"S-1-5-18"},"Task":"0","TimeCreated":{"@SystemTime":"2016-03-05 15:36:11.379349"},"Version":"0"},"UserData":{"CbsPackageChangeState":{"@xmlns":"http://manifests.microsoft.com/win/2004/08/windows/setup_provider","Client":"WindowsUpdateAgent","ErrorCode":"0x0","IntendedPackageState":"Installed","PackageIdentifier":"KB2847927"}}}}
{"Event":{"@xmlns":"http://schemas.microsoft.com/win/2004/08/events/event","EventData":{"Data":[{"#text":"Windows 安全更新程序 (KB2847927)","@Name":"UpdateTitle"},{"#text":"C:\\Windows\\system32\\wusa.exe \"D:\\Program Files\\360\\360Safe\\hotfix\\Windows6.1-KB2847927-x64.msu\" /quiet /norestart","@Name":"CommandLine"}]},"System":{"Channel":"Setup","Computer":"STOVEG-PC","Correlation":{"@ActivityID":"","@RelatedActivityID":""},"EventID":{"#text":"4","@Qualifiers":""},"EventRecordID":"70","Execution":{"@ProcessID":"6616","@ThreadID":"4640"},"Keywords":"0x8000000000000000","Level":"3","Opcode":"0","Provider":{"@Guid":"{09608c12-c1da-4104-a6fe-b959cf57560a}","@Name":"Microsoft-Windows-WUSA"},"Security":{"@UserID":"S-1-5-21-131171808-3139395271-469146106-1000"},"Task":"0","TimeCreated":{"@SystemTime":"2016-03-05 15:36:12.195452"},"Version":"0"}}}
{"Event":{"@xmlns":"http://schemas.microsoft.com/win/2004/08/events/event","EventData":{"Data":[{"#text":"\"Windows 安全更新程序 (KB2847927)\"","@Name":"UpdateTitle"},{"#text":"C:\\Windows\\system32\\wusa.exe \"D:\\Program Files\\360\\360Safe\\hotfix\\Windows6.1-KB2847927-x64.msu\" /quiet /norestart","@Name":"CommandLine"}]},"System":{"Channel":"Setup","Computer":"STOVEG-PC","Correlation":{"@ActivityID":"","@RelatedActivityID":""},"EventID":{"#text":"2","@Qualifiers":""},"EventRecordID":"71","Execution":{"@ProcessID":"6616","@ThreadID":"5096"},"Keywords":"0x8000000000000000","Level":"4","Opcode":"0","Provider":{"@Guid":"{09608c12-c1da-4104-a6fe-b959cf57560a}","@Name":"Microsoft-Windows-WUSA"},"Security":{"@UserID":"S-1-5-21-131171808-3139395271-469146106-1000"},"Task":"0","TimeCreated":{"@SystemTime":"2016-03-05 15:36:12.215954"},"Version":"0"}}}
{"Event":{"@xmlns":"http://schemas.microsoft.com/win/2004/08/events/event","System":{"Channel":"Setup","Computer":"STOVEG-PC","Correlation":{"@ActivityID":"","@RelatedActivityID":""},"EventID":{"#text":"1","@Qualifiers":""},"EventRecordID":"72","Execution":{"@ProcessID":"5776","@ThreadID":"3892"},"Keywords":"0x8000000000000000","Level":"0","Opcode":"0","Provider":{"@Guid":"{bd12f3b8-fc40-4a61-a307-b7a013a069c1}","@Name":"Microsoft-Windows-Servicing"},"Security":{"@UserID":"S-1-5-18"},"Task":"0","TimeCreated":{"@SystemTime":"2016-03-05 15:36:25.744673"},"Version":"0"},"UserData":{"CbsPackageInitiateChanges":{"@xmlns":"http://manifests.microsoft.com/win/2004/08/windows/setup_provider","Client":"WindowsUpdateAgent","InitialPackageState":"Absent","IntendedPackageState":"Installed","PackageIdentifier":"KB2861855"}}}}
{"Event":{"@xmlns":"http://schemas.microsoft.com/win/2004/08/events/event","System":{"Channel":"Setup","Computer":"STOVEG-PC","Correlation":{"@ActivityID":"","@RelatedActivityID":""},"EventID":{"#text":"4","@Qualifiers":""},"EventRecordID":"73","Execution":{"@ProcessID":"5776","@ThreadID":"3892"},"Keywords":"0x8000000000000000","Level":"0","Opcode":"0","Provider":{"@Guid":"{bd12f3b8-fc40-4a61-a307-b7a013a069c1}","@Name":"Microsoft-Windows-Servicing"},"Security":{"@UserID":"S-1-5-18"},"Task":"0","TimeCreated":{"@SystemTime":"2016-03-05 15:36:42.525303"},"Version":"0"},"UserData":{"CbsPackageChangeState":{"@xmlns":"http://manifests.microsoft.com/win/2004/08/windows/setup_provider","Client":"WindowsUpdateAgent","ErrorCode":"0x0","IntendedPackageState":"Installed","PackageIdentifier":"KB2861855"}}}}
{"Event":{"@xmlns":"http://schemas.microsoft.com/win/2004/08/events/event","EventData":{"Data":[{"#text":"Windows 安全更新程序 (KB2861855)","@Name":"UpdateTitle"},{"#text":"C:\\Windows\\system32\\wusa.exe \"D:\\Program Files\\360\\360Safe\\hotfix\\Windows6.1-KB2861855-x64.msu\" /quiet /norestart","@Name":"CommandLine"}]},"System":{"Channel":"Setup","Computer":"STOVEG-PC","Correlation":{"@ActivityID":"","@RelatedActivityID":""},"EventID":{"#text":"4","@Qualifiers":""},"EventRecordID":"74","Execution":{"@ProcessID":"4536","@ThreadID":"6904"},"Keywords":"0x8000000000000000","Level":"3","Opcode":"0","Provider":{"@Guid":"{09608c12-c1da-4104-a6fe-b959cf57560a}","@Name":"Microsoft-Windows-WUSA"},"Security":{"@UserID":"S-1-5-21-131171808-3139395271-469146106-1000"},"Task":"0","TimeCreated":{"@SystemTime":"2016-03-05 15:36:43.228394"},"Version":"0"}}}
{"Event":{"@xmlns":"http://schemas.microsoft.com/win/2004/08/events/event","EventData":{"Data":[{"#text":"\"Windows 安全更新程序 (KB2861855)\"","@Name":"UpdateTitle"},{"#text":"C:\\Windows\\system32\\wusa.exe \"D:\\Program Files\\360\\360Safe\\hotfix\\Windows6.1-KB2861855-x64.msu\" /quiet /norestart","@Name":"CommandLine"}]},"System":{"Channel":"Setup","Computer":"STOVEG-PC","Correlation":{"@ActivityID":"","@RelatedActivityID":""},"EventID":{"#text":"2","@Qualifiers":""},"EventRecordID":"75","Execution":{"@ProcessID":"4536","@ThreadID":"5364"},"Keywords":"0x8000000000000000","Level":"4","Opcode":"0","Provider":{"@Guid":"{09608c12-c1da-4104-a6fe-b959cf57560a}","@Name":"Microsoft-Windows-WUSA"},"Security":{"@UserID":"S-1-5-21-131171808-3139395271-469146106-1000"},"Task":"0","TimeCreated":{"@SystemTime":"2016-03-05 15:36:43.248896"},"Version":"0"}}}
{"Event":{"@xmlns":"http://schemas.microsoft.com/win/2004/08/events/event","System":{"Channel":"Setup","Computer":"STOVEG-PC","Correlation":{"@ActivityID":"","@RelatedActivityID":""},"EventID":{"#text":"1","@Qualifiers":""},"EventRecordID":"76","Execution":{"@ProcessID":"5776","@ThreadID":"3892"},"Keywords":"0x8000000000000000","Level":"0","Opcode":"0","Provider":{"@Guid":"{bd12f3b8-fc40-4a61-a307-b7a013a069c1}","@Name":"Microsoft-Windows-Servicing"},"Security":{"@UserID":"S-1-5-18"},"Task":"0","TimeCreated":{"@SystemTime":"2016-03-05 15:37:01.160172"},"Version":"0"},"UserData":{"CbsPackageInitiateChanges":{"@xmlns":"http://manifests.microsoft.com/win/2004/08/windows/setup_provider","Client":"WindowsUpdateAgent","InitialPackageState":"Absent","IntendedPackageState":"Installed","PackageIdentifier":"KB2862966"}}}}
{"Event":{"@xmlns":"http://schemas.microsoft.com/win/2004/08/events/event","System":{"Channel":"Setup","Computer":"STOVEG-PC","Correlation":{"@ActivityID":"","@RelatedActivityID":""},"EventID":{"#text":"4","@Qualifiers":""},"EventRecordID":"77","Execution":{"@ProcessID":"5776","@ThreadID":"3892"},"Keywords":"0x8000000000000000","Level":"0","Opcode":"0","Provider":{"@Guid":"{bd12f3b8-fc40-4a61-a307-b7a013a069c1}","@Name":"Microsoft-Windows-Servicing"},"Security":{"@UserID":"S-1-5-18"},"Task":"0","TimeCreated":{"@SystemTime":"2016-03-05 15:37:29.715296"},"Version":"0"},"UserData":{"CbsPackageChangeState":{"@xmlns":"http://manifests.microsoft.com/win/2004/08/windows/setup_provider","Client":"WindowsUpdateAgent","ErrorCode":"0x0","IntendedPackageState":"Installed","PackageIdentifier":"KB2862966"}}}}
{"Event":{"@xmlns":"http://schemas.microsoft.com/win/2004/08/events/event","EventData":{"Data":[{"#text":"Windows 安全更新程序 (KB2862966)","@Name":"UpdateTitle"},{"#text":"C:\\Windows\\system32\\wusa.exe \"D:\\Program Files\\360\\360Safe\\hotfix\\Windows6.1-KB2862966-x64.msu\" /quiet /norestart","@Name":"CommandLine"}]},"System":{"Channel":"Setup","Computer":"STOVEG-PC","Correlation":{"@ActivityID":"","@RelatedActivityID":""},"EventID":{"#text":"4","@Qualifiers":""},"EventRecordID":"78","Execution":{"@ProcessID":"6628","@ThreadID":"3264"},"Keywords":"0x8000000000000000","Level":"3","Opcode":"0","Provider":{"@Guid":"{09608c12-c1da-4104-a6fe-b959cf57560a}","@Name":"Microsoft-Windows-WUSA"},"Security":{"@UserID":"S-1-5-21-131171808-3139395271-469146106-1000"},"Task":"0","TimeCreated":{"@SystemTime":"2016-03-05 15:37:31.385008"},"Version":"0"}}}
{"Event":{"@xmlns":"http://schemas.microsoft.com/win/2004/08/events/event","EventData":{"Data":[{"#text":"\"Windows 安全更新程序 (KB2862966)\"","@Name":"UpdateTitle"},{"#text":"C:\\Windows\\system32\\wusa.exe \"D:\\Program Files\\360\\360Safe\\hotfix\\Windows6.1-KB2862966-x64.msu\" /quiet /norestart","@Name":"CommandLine"}]},"System":{"Channel":"Setup","Computer":"STOVEG-PC","Correlation":{"@ActivityID":"","@RelatedActivityID":""},"EventID":{"#text":"2","@Qualifiers":""},"EventRecordID":"79","Execution":{"@ProcessID":"6628","@ThreadID":"6128"},"Keywords":"0x8000000000000000","Level":"4","Opcode":"0","Provider":{"@Guid":"{09608c12-c1da-4104-a6fe-b959cf57560a}","@Name":"Microsoft-Windows-WUSA"},"Security":{"@UserID":"S-1-5-21-131171808-3139395271-469146106-1000"},"Task":"0","TimeCreated":{"@SystemTime":"2016-03-05 15:37:31.409512"},"Version":"0"}}}
{"Event":{"@xmlns":"http://schemas.microsoft.com/win/2004/08/events/event","System":{"Channel":"Setup","Computer":"STOVEG-PC","Correlation":{"@ActivityID":"","@RelatedActivityID":""},"EventID":{"#text":"1","@Qualifiers":""},"EventRecordID":"80","Execution":{"@ProcessID":"5776","@ThreadID":"3892"},"Keywords":"0x8000000000000000","Level":"0","Opcode":"0","Provider":{"@Guid":"{bd12f3b8-fc40-4a61-a307-b7a013a069c1}","@Name":"Microsoft-Windows-Servicing"},"Security":{"@UserID":"S-1-5-18"},"Task":"0","TimeCreated":{"@SystemTime":"2016-03-05 15:39:56.085882"},"Version":"0"},"UserData":{"CbsPackageInitiateChanges":{"@xmlns":"http://manifests.microsoft.com/win/2004/08/windows/setup_provider","Client":"DISM Package Manager Provider","InitialPackageState":"Absent","IntendedPackageState":"Installed","PackageIdentifier":"KB2872339"}}}}
{"Event":{"@xmlns":"http://schemas.microsoft.com/win/2004/08/events/event","System":{"Channel":"Setup","Computer":"STOVEG-PC","Correlation":{"@ActivityID":"","@RelatedActivityID":""},"EventID":{"#text":"4","@Qualifiers":""},"EventRecordID":"81","Execution":{"@ProcessID":"5776","@ThreadID":"3892"},"Keywords":"0x8000000000000000","Level":"0","Opcode":"0","Provider":{"@Guid":"{bd12f3b8-fc40-4a61-a307-b7a013a069c1}","@Name":"Microsoft-Windows-Servicing"},"Security":{"@UserID":"S-1-5-18"},"Task":"0","TimeCreated":{"@SystemTime":"2016-03-05 15:40:25.796156"},"Version":"0"},"UserData":{"CbsPackageChangeState":{"@xmlns":"http://manifests.microsoft.com/win/2004/08/windows/setup_provider","Client":"DISM Package Manager Provider","ErrorCode":"0x0","IntendedPackageState":"Installed","PackageIdentifier":"KB2872339"}}}}
{"Event":{"@xmlns":"http://schemas.microsoft.com/win/2004/08/events/event","System":{"Channel":"Setup","Computer":"STOVEG-PC","Correlation":{"@ActivityID":"","@RelatedActivityID":""},"EventID":{"#text":"1","@Qualifiers":""},"EventRecordID":"82","Execution":{"@ProcessID":"5776","@ThreadID":"3892"},"Keywords":"0x8000000000000000","Level":"0","Opcode":"0","Provider":{"@Guid":"{bd12f3b8-fc40-4a61-a307-b7a013a069c1}","@Name":"Microsoft-Windows-Servicing"},"Security":{"@UserID":"S-1-5-18"},"Task":"0","TimeCreated":{"@SystemTime":"2016-03-05 15:40:41.063093"},"Version":"0"},"UserData":{"CbsPackageInitiateChanges":{"@xmlns":"http://manifests.microsoft.com/win/2004/08/windows/setup_provider","Client":"WindowsUpdateAgent","InitialPackageState":"Absent","IntendedPackageState":"Installed","PackageIdentifier":"KB2861698"}}}}
{"Event":{"@xmlns":"http://schemas.microsoft.com/win/2004/08/events/event","System":{"Channel":"Setup","Computer":"STOVEG-PC","Correlation":{"@ActivityID":"","@RelatedActivityID":""},"EventID":{"#text":"4","@Qualifiers":""},"EventRecordID":"83","Execution":{"@ProcessID":"5776","@ThreadID":"3892"},"Keywords":"0x8000000000000000","Level":"0","Opcode":"0","Provider":{"@Guid":"{bd12f3b8-fc40-4a61-a307-b7a013a069c1}","@Name":"Microsoft-Windows-Servicing"},"Security":{"@UserID":"S-1-5-18"},"Task":"0","TimeCreated":{"@SystemTime":"2016-03-05 15:41:04.265541"},"Version":"0"},"UserData":{"CbsPackageChangeState":{"@xmlns":"http://manifests.microsoft.com/win/2004/08/windows/setup_provider","Client":"WindowsUpdateAgent","ErrorCode":"0x0","IntendedPackageState":"Installed","PackageIdentifier":"KB2861698"}}}}
{"Event":{"@xmlns":"http://schemas.microsoft.com/win/2004/08/events/event","EventData":{"Data":[{"#text":"Windows 安全更新程序 (KB2861698)","@Name":"UpdateTitle"},{"#text":"C:\\Windows\\system32\\wusa.exe \"D:\\Program Files\\360\\360Safe\\hotfix\\Windows6.1-KB2861698-x64.msu\" /quiet /norestart","@Name":"CommandLine"}]},"System":{"Channel":"Setup","Computer":"STOVEG-PC","Correlation":{"@ActivityID":"","@RelatedActivityID":""},"EventID":{"#text":"4","@Qualifiers":""},"EventRecordID":"84","Execution":{"@ProcessID":"2772","@ThreadID":"6880"},"Keywords":"0x8000000000000000","Level":"3","Opcode":"0","Provider":{"@Guid":"{09608c12-c1da-4104-a6fe-b959cf57560a}","@Name":"Microsoft-Windows-WUSA"},"Security":{"@UserID":"S-1-5-21-131171808-3139395271-469146106-1000"},"Task":"0","TimeCreated":{"@SystemTime":"2016-03-05 15:41:05.352680"},"Version":"0"}}}
{"Event":{"@xmlns":"http://schemas.microsoft.com/win/2004/08/events/event","EventData":{"Data":[{"#text":"\"Windows 安全更新程序 (KB2861698)\"","@Name":"UpdateTitle"},{"#text":"C:\\Windows\\system32\\wusa.exe \"D:\\Program Files\\360\\360Safe\\hotfix\\Windows6.1-KB2861698-x64.msu\" /quiet /norestart","@Name":"CommandLine"}]},"System":{"Channel":"Setup","Computer":"STOVEG-PC","Correlation":{"@ActivityID":"","@RelatedActivityID":""},"EventID":{"#text":"2","@Qualifiers":""},"EventRecordID":"85","Execution":{"@ProcessID":"2772","@ThreadID":"6776"},"Keywords":"0x8000000000000000","Level":"4","Opcode":"0","Provider":{"@Guid":"{09608c12-c1da-4104-a6fe-b959cf57560a}","@Name":"Microsoft-Windows-WUSA"},"Security":{"@UserID":"S-1-5-21-131171808-3139395271-469146106-1000"},"Task":"0","TimeCreated":{"@SystemTime":"2016-03-05 15:41:05.380682"},"Version":"0"}}}
{"Event":{"@xmlns":"http://schemas.microsoft.com/win/2004/08/events/event","System":{"Channel":"Setup","Computer":"STOVEG-PC","Correlation":{"@ActivityID":"","@RelatedActivityID":""},"EventID":{"#text":"1","@Qualifiers":""},"EventRecordID":"86","Execution":{"@ProcessID":"5776","@ThreadID":"3892"},"Keywords":"0x8000000000000000","Level":"0","Opcode":"0","Provider":{"@Guid":"{bd12f3b8-fc40-4a61-a307-b7a013a069c1}","@Name":"Microsoft-Windows-Servicing"},"Security":{"@UserID":"S-1-5-18"},"Task":"0","TimeCreated":{"@SystemTime":"2016-03-05 15:44:54.612791"},"Version":"0"},"UserData":{"CbsPackageInitiateChanges":{"@xmlns":"http://manifests.microsoft.com/win/2004/08/windows/setup_provider","Client":"WindowsUpdateAgent","InitialPackageState":"Absent","IntendedPackageState":"Installed","PackageIdentifier":"KB2855844"}}}}
{"Event":{"@xmlns":"http://schemas.microsoft.com/win/2004/08/events/event","System":{"Channel":"Setup","Computer":"STOVEG-PC","Correlation":{"@ActivityID":"","@RelatedActivityID":""},"EventID":{"#text":"4","@Qualifiers":""},"EventRecordID":"87","Execution":{"@ProcessID":"5776","@ThreadID":"3892"},"Keywords":"0x8000000000000000","Level":"0","Opcode":"0","Provider":{"@Guid":"{bd12f3b8-fc40-4a61-a307-b7a013a069c1}","@Name":"Microsoft-Windows-Servicing"},"Security":{"@UserID":"S-1-5-18"},"Task":"0","TimeCreated":{"@SystemTime":"2016-03-05 15:45:13.644709"},"Version":"0"},"UserData":{"CbsPackageChangeState":{"@xmlns":"http://manifests.microsoft.com/win/2004/08/windows/setup_provider","Client":"WindowsUpdateAgent","ErrorCode":"0x0","IntendedPackageState":"Installed","PackageIdentifier":"KB2855844"}}}}
{"Event":{"@xmlns":"http://schemas.microsoft.com/win/2004/08/events/event","EventData":{"Data":[{"#text":"Windows 安全更新程序 (KB2855844)","@Name":"UpdateTitle"},{"#text":"C:\\Windows\\system32\\wusa.exe \"D:\\Program Files\\360\\360Safe\\hotfix\\Windows6.1-KB2855844-x64.msu\" /quiet /norestart","@Name":"CommandLine"}]},"System":{"Channel":"Setup","Computer":"STOVEG-PC","Correlation":{"@ActivityID":"","@RelatedActivityID":""},"EventID":{"#text":"4","@Qualifiers":""},"EventRecordID":"88","Execution":{"@ProcessID":"3352","@ThreadID":"6900"},"Keywords":"0x8000000000000000","Level":"3","Opcode":"0","Provider":{"@Guid":"{09608c12-c1da-4104-a6fe-b959cf57560a}","@Name":"Microsoft-Windows-WUSA"},"Security":{"@UserID":"S-1-5-21-131171808-3139395271-469146106-1000"},"Task":"0","TimeCreated":{"@SystemTime":"2016-03-05 15:45:14.426807"},"Version":"0"}}}
{"Event":{"@xmlns":"http://schemas.microsoft.com/win/2004/08/events/event","EventData":{"Data":[{"#text":"\"Windows 安全更新程序 (KB2855844)\"","@Name":"UpdateTitle"},{"#text":"C:\\Windows\\system32\\wusa.exe \"D:\\Program Files\\360\\360Safe\\hotfix\\Windows6.1-KB2855844-x64.msu\" /quiet /norestart","@Name":"CommandLine"}]},"System":{"Channel":"Setup","Computer":"STOVEG-PC","Correlation":{"@ActivityID":"","@RelatedActivityID":""},"EventID":{"#text":"2","@Qualifiers":""},"EventRecordID":"89","Execution":{"@ProcessID":"3352","@ThreadID":"6564"},"Keywords":"0x8000000000000000","Level":"4","Opcode":"0","Provider":{"@Guid":"{09608c12-c1da-4104-a6fe-b959cf57560a}","@Name":"Microsoft-Windows-WUSA"},"Security":{"@UserID":"S-1-5-21-131171808-3139395271-469146106-1000"},"Task":"0","TimeCreated":{"@SystemTime":"2016-03-05 15:45:14.455311"},"Version":"0"}}}
{"Event":{"@xmlns":"http://schemas.microsoft.com/win/2004/08/events/event","System":{"Channel":"Setup","Computer":"STOVEG-PC","Correlation":{"@ActivityID":"","@RelatedActivityID":""},"EventID":{"#text":"1","@Qualifiers":""},"EventRecordID":"90","Execution":{"@ProcessID":"5776","@ThreadID":"3892"},"Keywords":"0x8000000000000000","Level":"0","Opcode":"0","Provider":{"@Guid":"{bd12f3b8-fc40-4a61-a307-b7a013a069c1}","@Name":"Microsoft-Windows-Servicing"},"Security":{"@UserID":"S-1-5-18"},"Task":"0","TimeCreated":{"@SystemTime":"2016-03-05 15:45:25.881262"},"Version":"0"},"UserData":{"CbsPackageInitiateChanges":{"@xmlns":"http://manifests.microsoft.com/win/2004/08/windows/setup_provider","Client":"WindowsUpdateAgent","InitialPackageState":"Absent","IntendedPackageState":"Installed","PackageIdentifier":"KB2862335"}}}}
{"Event":{"@xmlns":"http://schemas.microsoft.com/win/2004/08/events/event","System":{"Channel":"Setup","Computer":"STOVEG-PC","Correlation":{"@ActivityID":"","@RelatedActivityID":""},"EventID":{"#text":"4","@Qualifiers":""},"EventRecordID":"91","Execution":{"@ProcessID":"5776","@ThreadID":"3892"},"Keywords":"0x8000000000000000","Level":"0","Opcode":"0","Provider":{"@Guid":"{bd12f3b8-fc40-4a61-a307-b7a013a069c1}","@Name":"Microsoft-Windows-Servicing"},"Security":{"@UserID":"S-1-5-18"},"Task":"0","TimeCreated":{"@SystemTime":"2016-03-05 15:45:43.605013"},"Version":"0"},"UserData":{"CbsPackageChangeState":{"@xmlns":"http://manifests.microsoft.com/win/2004/08/windows/setup_provider","Client":"WindowsUpdateAgent","ErrorCode":"0x0","IntendedPackageState":"Installed","PackageIdentifier":"KB2862335"}}}}
{"Event":{"@xmlns":"http://schemas.microsoft.com/win/2004/08/events/event","EventData":{"Data":[{"#text":"Windows 安全更新程序 (KB2862335)","@Name":"UpdateTitle"},{"#text":"C:\\Windows\\system32\\wusa.exe \"D:\\Program Files\\360\\360Safe\\hotfix\\Windows6.1-KB2862335-x64.msu\" /quiet /norestart","@Name":"CommandLine"}]},"System":{"Channel":"Setup","Computer":"STOVEG-PC","Correlation":{"@ActivityID":"","@RelatedActivityID":""},"EventID":{"#text":"4","@Qualifiers":""},"EventRecordID":"92","Execution":{"@ProcessID":"3804","@ThreadID":"1956"},"Keywords":"0x8000000000000000","Level":"3","Opcode":"0","Provider":{"@Guid":"{09608c12-c1da-4104-a6fe-b959cf57560a}","@Name":"Microsoft-Windows-WUSA"},"Security":{"@UserID":"S-1-5-21-131171808-3139395271-469146106-1000"},"Task":"0","TimeCreated":{"@SystemTime":"2016-03-05 15:45:45.487751"},"Version":"0"}}}
{"Event":{"@xmlns":"http://schemas.microsoft.com/win/2004/08/events/event","EventData":{"Data":[{"#text":"\"Windows 安全更新程序 (KB2862335)\"","@Name":"UpdateTitle"},{"#text":"C:\\Windows\\system32\\wusa.exe \"D:\\Program Files\\360\\360Safe\\hotfix\\Windows6.1-KB2862335-x64.msu\" /quiet /norestart","@Name":"CommandLine"}]},"System":{"Channel":"Setup","Computer":"STOVEG-PC","Correlation":{"@ActivityID":"","@RelatedActivityID":""},"EventID":{"#text":"2","@Qualifiers":""},"EventRecordID":"93","Execution":{"@ProcessID":"3804","@ThreadID":"3168"},"Keywords":"0x8000000000000000","Level":"4","Opcode":"0","Provider":{"@Guid":"{09608c12-c1da-4104-a6fe-b959cf57560a}","@Name":"Microsoft-Windows-WUSA"},"Security":{"@UserID":"S-1-5-21-131171808-3139395271-469146106-1000"},"Task":"0","TimeCreated":{"@SystemTime":"2016-03-05 15:45:45.643270"},"Version":"0"}}}
{"Event":{"@xmlns":"http://schemas.microsoft.com/win/2004/08/events/event","System":{"Channel":"Setup","Computer":"STOVEG-PC","Correlation":{"@ActivityID":"","@RelatedActivityID":""},"EventID":{"#text":"1","@Qualifiers":""},"EventRecordID":"94","Execution":{"@ProcessID":"5776","@ThreadID":"3892"},"Keywords":"0x8000000000000000","Level":"0","Opcode":"0","Provider":{"@Guid":"{bd12f3b8-fc40-4a61-a307-b7a013a069c1}","@Name":"Microsoft-Windows-Servicing"},"Security":{"@UserID":"S-1-5-18"},"Task":"0","TimeCreated":{"@SystemTime":"2016-03-05 15:45:55.901073"},"Version":"0"},"UserData":{"CbsPackageInitiateChanges":{"@xmlns":"http://manifests.microsoft.com/win/2004/08/windows/setup_provider","Client":"WindowsUpdateAgent","InitialPackageState":"Absent","IntendedPackageState":"Installed","PackageIdentifier":"KB2864058"}}}}
{"Event":{"@xmlns":"http://schemas.microsoft.com/win/2004/08/events/event","System":{"Channel":"Setup","Computer":"STOVEG-PC","Correlation":{"@ActivityID":"","@RelatedActivityID":""},"EventID":{"#text":"4","@Qualifiers":""},"EventRecordID":"95","Execution":{"@ProcessID":"5776","@ThreadID":"3892"},"Keywords":"0x8000000000000000","Level":"0","Opcode":"0","Provider":{"@Guid":"{bd12f3b8-fc40-4a61-a307-b7a013a069c1}","@Name":"Microsoft-Windows-Servicing"},"Security":{"@UserID":"S-1-5-18"},"Task":"0","TimeCreated":{"@SystemTime":"2016-03-05 15:46:15.849607"},"Version":"0"},"UserData":{"CbsPackageChangeState":{"@xmlns":"http://manifests.microsoft.com/win/2004/08/windows/setup_provider","Client":"WindowsUpdateAgent","ErrorCode":"0x0","IntendedPackageState":"Installed","PackageIdentifier":"KB2864058"}}}}
{"Event":{"@xmlns":"http://schemas.microsoft.com/win/2004/08/events/event","EventData":{"Data":[{"#text":"Windows 安全更新程序 (KB2864058)","@Name":"UpdateTitle"},{"#text":"C:\\Windows\\system32\\wusa.exe \"D:\\Program Files\\360\\360Safe\\hotfix\\Windows6.1-KB2864058-x64.msu\" /quiet /norestart","@Name":"CommandLine"}]},"System":{"Channel":"Setup","Computer":"STOVEG-PC","Correlation":{"@ActivityID":"","@RelatedActivityID":""},"EventID":{"#text":"4","@Qualifiers":""},"EventRecordID":"96","Execution":{"@ProcessID":"176","@ThreadID":"3316"},"Keywords":"0x8000000000000000","Level":"3","Opcode":"0","Provider":{"@Guid":"{09608c12-c1da-4104-a6fe-b959cf57560a}","@Name":"Microsoft-Windows-WUSA"},"Security":{"@UserID":"S-1-5-21-131171808-3139395271-469146106-1000"},"Task":"0","TimeCreated":{"@SystemTime":"2016-03-05 15:46:16.583199"},"Version":"0"}}}
{"Event":{"@xmlns":"http://schemas.microsoft.com/win/2004/08/events/event","EventData":{"Data":[{"#text":"\"Windows 安全更新程序 (KB2864058)\"","@Name":"UpdateTitle"},{"#text":"C:\\Windows\\system32\\wusa.exe \"D:\\Program Files\\360\\360Safe\\hotfix\\Windows6.1-KB2864058-x64.msu\" /quiet /norestart","@Name":"CommandLine"}]},"System":{"Channel":"Setup","Computer":"STOVEG-PC","Correlation":{"@ActivityID":"","@RelatedActivityID":""},"EventID":{"#text":"2","@Qualifiers":""},"EventRecordID":"97","Execution":{"@ProcessID":"176","@ThreadID":"6996"},"Keywords":"0x8000000000000000","Level":"4","Opcode":"0","Provider":{"@Guid":"{09608c12-c1da-4104-a6fe-b959cf57560a}","@Name":"Microsoft-Windows-WUSA"},"Security":{"@UserID":"S-1-5-21-131171808-3139395271-469146106-1000"},"Task":"0","TimeCreated":{"@SystemTime":"2016-03-05 15:46:16.824730"},"Version":"0"}}}
{"Event":{"@xmlns":"http://schemas.microsoft.com/win/2004/08/events/event","System":{"Channel":"Setup","Computer":"STOVEG-PC","Correlation":{"@ActivityID":"","@RelatedActivityID":""},"EventID":{"#text":"1","@Qualifiers":""},"EventRecordID":"98","Execution":{"@ProcessID":"5776","@ThreadID":"3892"},"Keywords":"0x8000000000000000","Level":"0","Opcode":"0","Provider":{"@Guid":"{bd12f3b8-fc40-4a61-a307-b7a013a069c1}","@Name":"Microsoft-Windows-Servicing"},"Security":{"@UserID":"S-1-5-18"},"Task":"0","TimeCreated":{"@SystemTime":"2016-03-05 15:46:27.894136"},"Version":"0"},"UserData":{"CbsPackageInitiateChanges":{"@xmlns":"http://manifests.microsoft.com/win/2004/08/windows/setup_provider","Client":"WindowsUpdateAgent","InitialPackageState":"Absent","IntendedPackageState":"Installed","PackageIdentifier":"KB2864202"}}}}
{"Event":{"@xmlns":"http://schemas.microsoft.com/win/2004/08/events/event","System":{"Channel":"Setup","Computer":"STOVEG-PC","Correlation":{"@ActivityID":"","@RelatedActivityID":""},"EventID":{"#text":"4","@Qualifiers":""},"EventRecordID":"99","Execution":{"@ProcessID":"5776","@ThreadID":"3892"},"Keywords":"0x8000000000000000","Level":"0","Opcode":"0","Provider":{"@Guid":"{bd12f3b8-fc40-4a61-a307-b7a013a069c1}","@Name":"Microsoft-Windows-Servicing"},"Security":{"@UserID":"S-1-5-18"},"Task":"0","TimeCreated":{"@SystemTime":"2016-03-05 15:46:46.457993"},"Version":"0"},"UserData":{"CbsPackageChangeState":{"@xmlns":"http://manifests.microsoft.com/win/2004/08/windows/setup_provider","Client":"WindowsUpdateAgent","ErrorCode":"0x0","IntendedPackageState":"Installed","PackageIdentifier":"KB2864202"}}}}
{"Event":{"@xmlns":"http://schemas.microsoft.com/win/2004/08/events/event","EventData":{"Data":[{"#text":"Windows 安全更新程序 (KB2864202)","@Name":"UpdateTitle"},{"#text":"C:\\Windows\\system32\\wusa.exe \"D:\\Program Files\\360\\360Safe\\hotfix\\Windows6.1-KB2864202-x64.msu\" /quiet /norestart","@Name":"CommandLine"}]},"System":{"Channel":"Setup","Computer":"STOVEG-PC","Correlation":{"@ActivityID":"","@RelatedActivityID":""},"EventID":{"#text":"4","@Qualifiers":""},"EventRecordID":"100","Execution":{"@ProcessID":"476","@ThreadID":"2780"},"Keywords":"0x8000000000000000","Level":"3","Opcode":"0","Provider":{"@Guid":"{09608c12-c1da-4104-a6fe-b959cf57560a}","@Name":"Microsoft-Windows-WUSA"},"Security":{"@UserID":"S-1-5-21-131171808-3139395271-469146106-1000"},"Task":"0","TimeCreated":{"@SystemTime":"2016-03-05 15:46:47.251595"},"Version":"0"}}}
{"Event":{"@xmlns":"http://schemas.microsoft.com/win/2004/08/events/event","EventData":{"Data":[{"#text":"\"Windows 安全更新程序 (KB2864202)\"","@Name":"UpdateTitle"},{"#text":"C:\\Windows\\system32\\wusa.exe \"D:\\Program Files\\360\\360Safe\\hotfix\\Windows6.1-KB2864202-x64.msu\" /quiet /norestart","@Name":"CommandLine"}]},"System":{"Channel":"Setup","Computer":"STOVEG-PC","Correlation":{"@ActivityID":"","@RelatedActivityID":""},"EventID":{"#text":"2","@Qualifiers":""},"EventRecordID":"101","Execution":{"@ProcessID":"476","@ThreadID":"4460"},"Keywords":"0x8000000000000000","Level":"4","Opcode":"0","Provider":{"@Guid":"{09608c12-c1da-4104-a6fe-b959cf57560a}","@Name":"Microsoft-Windows-WUSA"},"Security":{"@UserID":"S-1-5-21-131171808-3139395271-469146106-1000"},"Task":"0","TimeCreated":{"@SystemTime":"2016-03-05 15:46:47.271597"},"Version":"0"}}}
{"Event":{"@xmlns":"http://schemas.microsoft.com/win/2004/08/events/event","System":{"Channel":"Setup","Computer":"STOVEG-PC","Correlation":{"@ActivityID":"","@RelatedActivityID":""},"EventID":{"#text":"1","@Qualifiers":""},"EventRecordID":"102","Execution":{"@ProcessID":"5776","@ThreadID":"3892"},"Keywords":"0x8000000000000000","Level":"0","Opcode":"0","Provider":{"@Guid":"{bd12f3b8-fc40-4a61-a307-b7a013a069c1}","@Name":"Microsoft-Windows-Servicing"},"Security":{"@UserID":"S-1-5-18"},"Task":"0","TimeCreated":{"@SystemTime":"2016-03-05 15:46:59.720177"},"Version":"0"},"UserData":{"CbsPackageInitiateChanges":{"@xmlns":"http://manifests.microsoft.com/win/2004/08/windows/setup_provider","Client":"WindowsUpdateAgent","InitialPackageState":"Absent","IntendedPackageState":"Installed","PackageIdentifier":"KB2868038"}}}}
{"Event":{"@xmlns":"http://schemas.microsoft.com/win/2004/08/events/event","System":{"Channel":"Setup","Computer":"STOVEG-PC","Correlation":{"@ActivityID":"","@RelatedActivityID":""},"EventID":{"#text":"4","@Qualifiers":""},"EventRecordID":"103","Execution":{"@ProcessID":"5776","@ThreadID":"3892"},"Keywords":"0x8000000000000000","Level":"0","Opcode":"0","Provider":{"@Guid":"{bd12f3b8-fc40-4a61-a307-b7a013a069c1}","@Name":"Microsoft-Windows-Servicing"},"Security":{"@UserID":"S-1-5-18"},"Task":"0","TimeCreated":{"@SystemTime":"2016-03-05 15:47:20.962376"},"Version":"0"},"UserData":{"CbsPackageChangeState":{"@xmlns":"http://manifests.microsoft.com/win/2004/08/windows/setup_provider","Client":"WindowsUpdateAgent","ErrorCode":"0x0","IntendedPackageState":"Installed","PackageIdentifier":"KB2868038"}}}}
{"Event":{"@xmlns":"http://schemas.microsoft.com/win/2004/08/events/event","EventData":{"Data":[{"#text":"Windows 安全更新程序 (KB2868038)","@Name":"UpdateTitle"},{"#text":"C:\\Windows\\system32\\wusa.exe \"D:\\Program Files\\360\\360Safe\\hotfix\\Windows6.1-KB2868038-x64.msu\" /quiet /norestart","@Name":"CommandLine"}]},"System":{"Channel":"Setup","Computer":"STOVEG-PC","Correlation":{"@ActivityID":"","@RelatedActivityID":""},"EventID":{"#text":"4","@Qualifiers":""},"EventRecordID":"104","Execution":{"@ProcessID":"1092","@ThreadID":"6628"},"Keywords":"0x8000000000000000","Level":"3","Opcode":"0","Provider":{"@Guid":"{09608c12-c1da-4104-a6fe-b959cf57560a}","@Name":"Microsoft-Windows-WUSA"},"Security":{"@UserID":"S-1-5-21-131171808-3139395271-469146106-1000"},"Task":"0","TimeCreated":{"@SystemTime":"2016-03-05 15:47:22.272041"},"Version":"0"}}}
{"Event":{"@xmlns":"http://schemas.microsoft.com/win/2004/08/events/event","EventData":{"Data":[{"#text":"\"Windows 安全更新程序 (KB2868038)\"","@Name":"UpdateTitle"},{"#text":"C:\\Windows\\system32\\wusa.exe \"D:\\Program Files\\360\\360Safe\\hotfix\\Windows6.1-KB2868038-x64.msu\" /quiet /norestart","@Name":"CommandLine"}]},"System":{"Channel":"Setup","Computer":"STOVEG-PC","Correlation":{"@ActivityID":"","@RelatedActivityID":""},"EventID":{"#text":"2","@Qualifiers":""},"EventRecordID":"105","Execution":{"@ProcessID":"1092","@ThreadID":"4376"},"Keywords":"0x8000000000000000","Level":"4","Opcode":"0","Provider":{"@Guid":"{09608c12-c1da-4104-a6fe-b959cf57560a}","@Name":"Microsoft-Windows-WUSA"},"Security":{"@UserID":"S-1-5-21-131171808-3139395271-469146106-1000"},"Task":"0","TimeCreated":{"@SystemTime":"2016-03-05 15:47:22.294544"},"Version":"0"}}}
{"Event":{"@xmlns":"http://schemas.microsoft.com/win/2004/08/events/event","System":{"Channel":"Setup","Computer":"STOVEG-PC","Correlation":{"@ActivityID":"","@RelatedActivityID":""},"EventID":{"#text":"1","@Qualifiers":""},"EventRecordID":"106","Execution":{"@ProcessID":"5776","@ThreadID":"3892"},"Keywords":"0x8000000000000000","Level":"0","Opcode":"0","Provider":{"@Guid":"{bd12f3b8-fc40-4a61-a307-b7a013a069c1}","@Name":"Microsoft-Windows-Servicing"},"Security":{"@UserID":"S-1-5-18"},"Task":"0","TimeCreated":{"@SystemTime":"2016-03-05 15:47:35.540226"},"Version":"0"},"UserData":{"CbsPackageInitiateChanges":{"@xmlns":"http://manifests.microsoft.com/win/2004/08/windows/setup_provider","Client":"WindowsUpdateAgent","InitialPackageState":"Absent","IntendedPackageState":"Installed","PackageIdentifier":"KB2862152"}}}}
{"Event":{"@xmlns":"http://schemas.microsoft.com/win/2004/08/events/event","System":{"Channel":"Setup","Computer":"STOVEG-PC","Correlation":{"@ActivityID":"","@RelatedActivityID":""},"EventID":{"#text":"4","@Qualifiers":""},"EventRecordID":"107","Execution":{"@ProcessID":"5776","@ThreadID":"3892"},"Keywords":"0x8000000000000000","Level":"0","Opcode":"0","Provider":{"@Guid":"{bd12f3b8-fc40-4a61-a307-b7a013a069c1}","@Name":"Microsoft-Windows-Servicing"},"Security":{"@UserID":"S-1-5-18"},"Task":"0","TimeCreated":{"@SystemTime":"2016-03-05 15:47:54.956192"},"Version":"0"},"UserData":{"CbsPackageChangeState":{"@xmlns":"http://manifests.microsoft.com/win/2004/08/windows/setup_provider","Client":"WindowsUpdateAgent","ErrorCode":"0x0","IntendedPackageState":"Installed","PackageIdentifier":"KB2862152"}}}}
{"Event":{"@xmlns":"http://schemas.microsoft.com/win/2004/08/events/event","EventData":{"Data":[{"#text":"Windows 安全更新程序 (KB2862152)","@Name":"UpdateTitle"},{"#text":"C:\\Windows\\system32\\wusa.exe \"D:\\Program Files\\360\\360Safe\\hotfix\\Windows6.1-KB2862152-x64.msu\" /quiet /norestart","@Name":"CommandLine"}]},"System":{"Channel":"Setup","Computer":"STOVEG-PC","Correlation":{"@ActivityID":"","@RelatedActivityID":""},"EventID":{"#text":"4","@Qualifiers":""},"EventRecordID":"108","Execution":{"@ProcessID":"2456","@ThreadID":"6344"},"Keywords":"0x8000000000000000","Level":"3","Opcode":"0","Provider":{"@Guid":"{09608c12-c1da-4104-a6fe-b959cf57560a}","@Name":"Microsoft-Windows-WUSA"},"Security":{"@UserID":"S-1-5-21-131171808-3139395271-469146106-1000"},"Task":"0","TimeCreated":{"@SystemTime":"2016-03-05 15:47:55.820801"},"Version":"0"}}}
{"Event":{"@xmlns":"http://schemas.microsoft.com/win/2004/08/events/event","EventData":{"Data":[{"#text":"\"Windows 安全更新程序 (KB2862152)\"","@Name":"UpdateTitle"},{"#text":"C:\\Windows\\system32\\wusa.exe \"D:\\Program Files\\360\\360Safe\\hotfix\\Windows6.1-KB2862152-x64.msu\" /quiet /norestart","@Name":"CommandLine"}]},"System":{"Channel":"Setup","Computer":"STOVEG-PC","Correlation":{"@ActivityID":"","@RelatedActivityID":""},"EventID":{"#text":"2","@Qualifiers":""},"EventRecordID":"109","Execution":{"@ProcessID":"2456","@ThreadID":"2080"},"Keywords":"0x8000000000000000","Level":"4","Opcode":"0","Provider":{"@Guid":"{09608c12-c1da-4104-a6fe-b959cf57560a}","@Name":"Microsoft-Windows-WUSA"},"Security":{"@UserID":"S-1-5-21-131171808-3139395271-469146106-1000"},"Task":"0","TimeCreated":{"@SystemTime":"2016-03-05 15:47:55.841805"},"Version":"0"}}}
{"Event":{"@xmlns":"http://schemas.microsoft.com/win/2004/08/events/event","System":{"Channel":"Setup","Computer":"STOVEG-PC","Correlation":{"@ActivityID":"","@RelatedActivityID":""},"EventID":{"#text":"1","@Qualifiers":""},"EventRecordID":"110","Execution":{"@ProcessID":"5776","@ThreadID":"3892"},"Keywords":"0x8000000000000000","Level":"0","Opcode":"0","Provider":{"@Guid":"{bd12f3b8-fc40-4a61-a307-b7a013a069c1}","@Name":"Microsoft-Windows-Servicing"},"Security":{"@UserID":"S-1-5-18"},"Task":"0","TimeCreated":{"@SystemTime":"2016-03-05 15:48:12.052362"},"Version":"0"},"UserData":{"CbsPackageInitiateChanges":{"@xmlns":"http://manifests.microsoft.com/win/2004/08/windows/setup_provider","Client":"WindowsUpdateAgent","InitialPackageState":"Absent","IntendedPackageState":"Installed","PackageIdentifier":"KB2868626"}}}}
{"Event":{"@xmlns":"http://schemas.microsoft.com/win/2004/08/events/event","System":{"Channel":"Setup","Computer":"STOVEG-PC","Correlation":{"@ActivityID":"","@RelatedActivityID":""},"EventID":{"#text":"4","@Qualifiers":""},"EventRecordID":"111","Execution":{"@ProcessID":"5776","@ThreadID":"3892"},"Keywords":"0x8000000000000000","Level":"0","Opcode":"0","Provider":{"@Guid":"{bd12f3b8-fc40-4a61-a307-b7a013a069c1}","@Name":"Microsoft-Windows-Servicing"},"Security":{"@UserID":"S-1-5-18"},"Task":"0","TimeCreated":{"@SystemTime":"2016-03-05 15:48:46.563745"},"Version":"0"},"UserData":{"CbsPackageChangeState":{"@xmlns":"http://manifests.microsoft.com/win/2004/08/windows/setup_provider","Client":"WindowsUpdateAgent","ErrorCode":"0x0","IntendedPackageState":"Installed","PackageIdentifier":"KB2868626"}}}}
{"Event":{"@xmlns":"http://schemas.microsoft.com/win/2004/08/events/event","EventData":{"Data":[{"#text":"Windows 安全更新程序 (KB2868626)","@Name":"UpdateTitle"},{"#text":"C:\\Windows\\system32\\wusa.exe \"D:\\Program Files\\360\\360Safe\\hotfix\\Windows6.1-KB2868626-x64.msu\" /quiet /norestart","@Name":"CommandLine"}]},"System":{"Channel":"Setup","Computer":"STOVEG-PC","Correlation":{"@ActivityID":"","@RelatedActivityID":""},"EventID":{"#text":"4","@Qualifiers":""},"EventRecordID":"112","Execution":{"@ProcessID":"1924","@ThreadID":"1712"},"Keywords":"0x8000000000000000","Level":"3","Opcode":"0","Provider":{"@Guid":"{09608c12-c1da-4104-a6fe-b959cf57560a}","@Name":"Microsoft-Windows-WUSA"},"Security":{"@UserID":"S-1-5-21-131171808-3139395271-469146106-1000"},"Task":"0","TimeCreated":{"@SystemTime":"2016-03-05 15:48:48.098440"},"Version":"0"}}}
{"Event":{"@xmlns":"http://schemas.microsoft.com/win/2004/08/events/event","EventData":{"Data":[{"#text":"\"Windows 安全更新程序 (KB2868626)\"","@Name":"UpdateTitle"},{"#text":"C:\\Windows\\system32\\wusa.exe \"D:\\Program Files\\360\\360Safe\\hotfix\\Windows6.1-KB2868626-x64.msu\" /quiet /norestart","@Name":"CommandLine"}]},"System":{"Channel":"Setup","Computer":"STOVEG-PC","Correlation":{"@ActivityID":"","@RelatedActivityID":""},"EventID":{"#text":"2","@Qualifiers":""},"EventRecordID":"113","Execution":{"@ProcessID":"1924","@ThreadID":"6676"},"Keywords":"0x8000000000000000","Level":"4","Opcode":"0","Provider":{"@Guid":"{09608c12-c1da-4104-a6fe-b959cf57560a}","@Name":"Microsoft-Windows-WUSA"},"Security":{"@UserID":"S-1-5-21-131171808-3139395271-469146106-1000"},"Task":"0","TimeCreated":{"@SystemTime":"2016-03-05 15:48:48.118942"},"Version":"0"}}}
{"Event":{"@xmlns":"http://schemas.microsoft.com/win/2004/08/events/event","System":{"Channel":"Setup","Computer":"STOVEG-PC","Correlation":{"@ActivityID":"","@RelatedActivityID":""},"EventID":{"#text":"1","@Qualifiers":""},"EventRecordID":"114","Execution":{"@ProcessID":"5776","@ThreadID":"3892"},"Keywords":"0x8000000000000000","Level":"0","Opcode":"0","Provider":{"@Guid":"{bd12f3b8-fc40-4a61-a307-b7a013a069c1}","@Name":"Microsoft-Windows-Servicing"},"Security":{"@UserID":"S-1-5-18"},"Task":"0","TimeCreated":{"@SystemTime":"2016-03-05 15:49:01.522144"},"Version":"0"},"UserData":{"CbsPackageInitiateChanges":{"@xmlns":"http://manifests.microsoft.com/win/2004/08/windows/setup_provider","Client":"WindowsUpdateAgent","InitialPackageState":"Absent","IntendedPackageState":"Installed","PackageIdentifier":"KB2868725"}}}}
{"Event":{"@xmlns":"http://schemas.microsoft.com/win/2004/08/events/event","System":{"Channel":"Setup","Computer":"STOVEG-PC","Correlation":{"@ActivityID":"","@RelatedActivityID":""},"EventID":{"#text":"4","@Qualifiers":""},"EventRecordID":"115","Execution":{"@ProcessID":"5776","@ThreadID":"3892"},"Keywords":"0x8000000000000000","Level":"0","Opcode":"0","Provider":{"@Guid":"{bd12f3b8-fc40-4a61-a307-b7a013a069c1}","@Name":"Microsoft-Windows-Servicing"},"Security":{"@UserID":"S-1-5-18"},"Task":"0","TimeCreated":{"@SystemTime":"2016-03-05 15:49:34.673853"},"Version":"0"},"UserData":{"CbsPackageChangeState":{"@xmlns":"http://manifests.microsoft.com/win/2004/08/windows/setup_provider","Client":"WindowsUpdateAgent","ErrorCode":"0x0","IntendedPackageState":"Installed","PackageIdentifier":"KB2868725"}}}}
{"Event":{"@xmlns":"http://schemas.microsoft.com/win/2004/08/events/event","EventData":{"Data":[{"#text":"Windows 安全更新程序 (KB2868725)","@Name":"UpdateTitle"},{"#text":"C:\\Windows\\system32\\wusa.exe \"D:\\Program Files\\360\\360Safe\\hotfix\\Windows6.1-KB2868725-x64.msu\" /quiet /norestart","@Name":"CommandLine"}]},"System":{"Channel":"Setup","Computer":"STOVEG-PC","Correlation":{"@ActivityID":"","@RelatedActivityID":""},"EventID":{"#text":"4","@Qualifiers":""},"EventRecordID":"116","Execution":{"@ProcessID":"3968","@ThreadID":"5140"},"Keywords":"0x8000000000000000","Level":"3","Opcode":"0","Provider":{"@Guid":"{09608c12-c1da-4104-a6fe-b959cf57560a}","@Name":"Microsoft-Windows-WUSA"},"Security":{"@UserID":"S-1-5-21-131171808-3139395271-469146106-1000"},"Task":"0","TimeCreated":{"@SystemTime":"2016-03-05 15:49:36.170546"},"Version":"0"}}}
{"Event":{"@xmlns":"http://schemas.microsoft.com/win/2004/08/events/event","EventData":{"Data":[{"#text":"\"Windows 安全更新程序 (KB2868725)\"","@Name":"UpdateTitle"},{"#text":"C:\\Windows\\system32\\wusa.exe \"D:\\Program Files\\360\\360Safe\\hotfix\\Windows6.1-KB2868725-x64.msu\" /quiet /norestart","@Name":"CommandLine"}]},"System":{"Channel":"Setup","Computer":"STOVEG-PC","Correlation":{"@ActivityID":"","@RelatedActivityID":""},"EventID":{"#text":"2","@Qualifiers":""},"EventRecordID":"117","Execution":{"@ProcessID":"3968","@ThreadID":"4044"},"Keywords":"0x8000000000000000","Level":"4","Opcode":"0","Provider":{"@Guid":"{09608c12-c1da-4104-a6fe-b959cf57560a}","@Name":"Microsoft-Windows-WUSA"},"Security":{"@UserID":"S-1-5-21-131171808-3139395271-469146106-1000"},"Task":"0","TimeCreated":{"@SystemTime":"2016-03-05 15:49:36.189547"},"Version":"0"}}}
{"Event":{"@xmlns":"http://schemas.microsoft.com/win/2004/08/events/event","System":{"Channel":"Setup","Computer":"STOVEG-PC","Correlation":{"@ActivityID":"","@RelatedActivityID":""},"EventID":{"#text":"1","@Qualifiers":""},"EventRecordID":"118","Execution":{"@ProcessID":"5776","@ThreadID":"3892"},"Keywords":"0x8000000000000000","Level":"0","Opcode":"0","Provider":{"@Guid":"{bd12f3b8-fc40-4a61-a307-b7a013a069c1}","@Name":"Microsoft-Windows-Servicing"},"Security":{"@UserID":"S-1-5-18"},"Task":"0","TimeCreated":{"@SystemTime":"2016-03-05 15:49:51.290964"},"Version":"0"},"UserData":{"CbsPackageInitiateChanges":{"@xmlns":"http://manifests.microsoft.com/win/2004/08/windows/setup_provider","Client":"WindowsUpdateAgent","InitialPackageState":"Absent","IntendedPackageState":"Installed","PackageIdentifier":"KB2876331"}}}}
{"Event":{"@xmlns":"http://schemas.microsoft.com/win/2004/08/events/event","System":{"Channel":"Setup","Computer":"STOVEG-PC","Correlation":{"@ActivityID":"","@RelatedActivityID":""},"EventID":{"#text":"4","@Qualifiers":""},"EventRecordID":"119","Execution":{"@ProcessID":"5776","@ThreadID":"3892"},"Keywords":"0x8000000000000000","Level":"0","Opcode":"0","Provider":{"@Guid":"{bd12f3b8-fc40-4a61-a307-b7a013a069c1}","@Name":"Microsoft-Windows-Servicing"},"Security":{"@UserID":"S-1-5-18"},"Task":"0","TimeCreated":{"@SystemTime":"2016-03-05 15:50:11.973591"},"Version":"0"},"UserData":{"CbsPackageChangeState":{"@xmlns":"http://manifests.microsoft.com/win/2004/08/windows/setup_provider","Client":"WindowsUpdateAgent","ErrorCode":"0x0","IntendedPackageState":"Installed","PackageIdentifier":"KB2876331"}}}}
{"Event":{"@xmlns":"http://schemas.microsoft.com/win/2004/08/events/event","EventData":{"Data":[{"#text":"Windows 安全更新程序 (KB2876331)","@Name":"UpdateTitle"},{"#text":"C:\\Windows\\system32\\wusa.exe \"D:\\Program Files\\360\\360Safe\\hotfix\\Windows6.1-KB2876331-x64.msu\" /quiet /norestart","@Name":"CommandLine"}]},"System":{"Channel":"Setup","Computer":"STOVEG-PC","Correlation":{"@ActivityID":"","@RelatedActivityID":""},"EventID":{"#text":"4","@Qualifiers":""},"EventRecordID":"120","Execution":{"@ProcessID":"1992","@ThreadID":"6824"},"Keywords":"0x8000000000000000","Level":"3","Opcode":"0","Provider":{"@Guid":"{09608c12-c1da-4104-a6fe-b959cf57560a}","@Name":"Microsoft-Windows-WUSA"},"Security":{"@UserID":"S-1-5-21-131171808-3139395271-469146106-1000"},"Task":"0","TimeCreated":{"@SystemTime":"2016-03-05 15:50:14.142366"},"Version":"0"}}}
