{"Event":{"@xmlns":"http://schemas.microsoft.com/win/2004/08/events/event","EventData":{"Data":[{"#text":"\"Windows 安全更新程序 (KB2876331)\"","@Name":"UpdateTitle"},{"#text":"C:\\Windows\\system32\\wusa.exe \"D:\\Program Files\\360\\360Safe\\hotfix\\Windows6.1-KB2876331-x64.msu\" /quiet /norestart","@Name":"CommandLine"}]},"System":{"Channel":"Setup","Computer":"STOVEG-PC","Correlation":{"@ActivityID":"","@RelatedActivityID":""},"EventID":{"#text":"2","@Qualifiers":""},"EventRecordID":"121","Execution":{"@ProcessID":"1992","@ThreadID":"4640"},"Keywords":"0x8000000000000000","Level":"4","Opcode":"0","Provider":{"@Guid":"{09608c12-c1da-4104-a6fe-b959cf57560a}","@Name":"Microsoft-Windows-WUSA"},"Security":{"@UserID":"S-1-5-21-131171808-3139395271-469146106-1000"},"Task":"0","TimeCreated":{"@SystemTime":"2016-03-05 15:50:14.484409"},"Version":"0"}}}
{"Event":{"@xmlns":"http://schemas.microsoft.com/win/2004/08/events/event","System":{"Channel":"Setup","Computer":"STOVEG-PC","Correlation":{"@ActivityID":"","@RelatedActivityID":""},"EventID":{"#text":"1","@Qualifiers":""},"EventRecordID":"122","Execution":{"@ProcessID":"5776","@ThreadID":"3892"},"Keywords":"0x8000000000000000","Level":"0","Opcode":"0","Provider":{"@Guid":"{bd12f3b8-fc40-4a61-a307-b7a013a069c1}","@Name":"Microsoft-Windows-Servicing"},"Security":{"@UserID":"S-1-5-18"},"Task":"0","TimeCreated":{"@SystemTime":"2016-03-05 15:50:26.916489"},"Version":"0"},"UserData":{"CbsPackageInitiateChanges":{"@xmlns":"http://manifests.microsoft.com/win/2004/08/windows/setup_provider","Client":"WindowsUpdateAgent","InitialPackageState":"Absent","IntendedPackageState":"Installed","PackageIdentifier":"KB2900986"}}}}
{"Event":{"@xmlns":"http://schemas.microsoft.com/win/2004/08/events/event","System":{"Channel":"Setup","Computer":"STOVEG-PC","Correlation":{"@ActivityID":"","@RelatedActivityID":""},"EventID":{"#text":"4","@Qualifiers":""},"EventRecordID":"123","Execution":{"@ProcessID":"5776","@ThreadID":"3892"},"Keywords":"0x8000000000000000","Level":"0","Opcode":"0","Provider":{"@Guid":"{bd12f3b8-fc40-4a61-a307-b7a013a069c1}","@Name":"Microsoft-Windows-Servicing"},"Security":{"@UserID":"S-1-5-18"},"Task":"0","TimeCreated":{"@SystemTime":"2016-03-05 15:50:47.146557"},"Version":"0"},"UserData":{"CbsPackageChangeState":{"@xmlns":"http://manifests.microsoft.com/win/2004/08/windows/setup_provider","Client":"WindowsUpdateAgent","ErrorCode":"0x0","IntendedPackageState":"Installed","PackageIdentifier":"KB2900986"}}}}
{"Event":{"@xmlns":"http://schemas.microsoft.com/win/2004/08/events/event","EventData":{"Data":[{"#text":"Windows 安全更新程序 (KB2900986)","@Name":"UpdateTitle"},{"#text":"C:\\Windows\\system32\\wusa.exe \"D:\\Program Files\\360\\360Safe\\hotfix\\Windows6.1-KB2900986-x64.msu\" /quiet /norestart","@Name":"CommandLine"}]},"System":{"Channel":"Setup","Computer":"STOVEG-PC","Correlation":{"@ActivityID":"","@RelatedActivityID":""},"EventID":{"#text":"4","@Qualifiers":""},"EventRecordID":"124","Execution":{"@ProcessID":"5200","@ThreadID":"4392"},"Keywords":"0x8000000000000000","Level":"3","Opcode":"0","Provider":{"@Guid":"{09608c12-c1da-4104-a6fe-b959cf57560a}","@Name":"Microsoft-Windows-WUSA"},"Security":{"@UserID":"S-1-5-21-131171808-3139395271-469146106-1000"},"Task":"0","TimeCreated":{"@SystemTime":"2016-03-05 15:50:48.221693"},"Version":"0"}}}
{"Event":{"@xmlns":"http://schemas.microsoft.com/win/2004/08/events/event","EventData":{"Data":[{"#text":"\"Windows 安全更新程序 (KB2900986)\"","@Name":"UpdateTitle"},{"#text":"C:\\Windows\\system32\\wusa.exe \"D:\\Program Files\\360\\360Safe\\hotfix\\Windows6.1-KB2900986-x64.msu\" /quiet /norestart","@Name":"CommandLine"}]},"System":{"Channel":"Setup","Computer":"STOVEG-PC","Correlation":{"@ActivityID":"","@RelatedActivityID":""},"EventID":{"#text":"2","@Qualifiers":""},"EventRecordID":"125","Execution":{"@ProcessID":"5200","@ThreadID":"6344"},"Keywords":"0x8000000000000000","Level":"4","Opcode":"0","Provider":{"@Guid":"{09608c12-c1da-4104-a6fe-b959cf57560a}","@Name":"Microsoft-Windows-WUSA"},"Security":{"@UserID":"S-1-5-21-131171808-3139395271-469146106-1000"},"Task":"0","TimeCreated":{"@SystemTime":"2016-03-05 15:50:48.257698"},"Version":"0"}}}
{"Event":{"@xmlns":"http://schemas.microsoft.com/win/2004/08/events/event","System":{"Channel":"Setup","Computer":"STOVEG-PC","Correlation":{"@ActivityID":"","@RelatedActivityID":""},"EventID":{"#text":"1","@Qualifiers":""},"EventRecordID":"126","Execution":{"@ProcessID":"5776","@ThreadID":"3892"},"Keywords":"0x8000000000000000","Level":"0","Opcode":"0","Provider":{"@Guid":"{bd12f3b8-fc40-4a61-a307-b7a013a069c1}","@Name":"Microsoft-Windows-Servicing"},"Security":{"@UserID":"S-1-5-18"},"Task":"0","TimeCreated":{"@SystemTime":"2016-03-05 15:50:59.075573"},"Version":"0"},"UserData":{"CbsPackageInitiateChanges":{"@xmlns":"http://manifests.microsoft.com/win/2004/08/windows/setup_provider","Client":"WindowsUpdateAgent","InitialPackageState":"Absent","IntendedPackageState":"Installed","PackageIdentifier":"KB2887069"}}}}
{"Event":{"@xmlns":"http://schemas.microsoft.com/win/2004/08/events/event","System":{"Channel":"Setup","Computer":"STOVEG-PC","Correlation":{"@ActivityID":"","@RelatedActivityID":""},"EventID":{"#text":"4","@Qualifiers":""},"EventRecordID":"127","Execution":{"@ProcessID":"5776","@ThreadID":"3892"},"Keywords":"0x8000000000000000","Level":"0","Opcode":"0","Provider":{"@Guid":"{bd12f3b8-fc40-4a61-a307-b7a013a069c1}","@Name":"Microsoft-Windows-Servicing"},"Security":{"@UserID":"S-1-5-18"},"Task":"0","TimeCreated":{"@SystemTime":"2016-03-05 15:51:19.345646"},"Version":"0"},"UserData":{"CbsPackageChangeState":{"@xmlns":"http://manifests.microsoft.com/win/2004/08/windows/setup_provider","Client":"WindowsUpdateAgent","ErrorCode":"0x0","IntendedPackageState":"Installed","PackageIdentifier":"KB2887069"}}}}
{"Event":{"@xmlns":"http://schemas.microsoft.com/win/2004/08/events/event","EventData":{"Data":[{"#text":"Windows 安全更新程序 (KB2887069)","@Name":"UpdateTitle"},{"#text":"C:\\Windows\\system32\\wusa.exe \"D:\\Program Files\\360\\360Safe\\hotfix\\Windows6.1-KB2887069-x64.msu\" /quiet /norestart","@Name":"CommandLine"}]},"System":{"Channel":"Setup","Computer":"STOVEG-PC","Correlation":{"@ActivityID":"","@RelatedActivityID":""},"EventID":{"#text":"4","@Qualifiers":""},"EventRecordID":"128","Execution":{"@ProcessID":"6764","@ThreadID":"1856"},"Keywords":"0x8000000000000000","Level":"3","Opcode":"0","Provider":{"@Guid":"{09608c12-c1da-4104-a6fe-b959cf57560a}","@Name":"Microsoft-Windows-WUSA"},"Security":{"@UserID":"S-1-5-21-131171808-3139395271-469146106-1000"},"Task":"0","TimeCreated":{"@SystemTime":"2016-03-05 15:51:20.313269"},"Version":"0"}}}
{"Event":{"@xmlns":"http://schemas.microsoft.com/win/2004/08/events/event","EventData":{"Data":[{"#text":"\"Windows 安全更新程序 (KB2887069)\"","@Name":"UpdateTitle"},{"#text":"C:\\Windows\\system32\\wusa.exe \"D:\\Program Files\\360\\360Safe\\hotfix\\Windows6.1-KB2887069-x64.msu\" /quiet /norestart","@Name":"CommandLine"}]},"System":{"Channel":"Setup","Computer":"STOVEG-PC","Correlation":{"@ActivityID":"","@RelatedActivityID":""},"EventID":{"#text":"2","@Qualifiers":""},"EventRecordID":"129","Execution":{"@ProcessID":"6764","@ThreadID":"5648"},"Keywords":"0x8000000000000000","Level":"4","Opcode":"0","Provider":{"@Guid":"{09608c12-c1da-4104-a6fe-b959cf57560a}","@Name":"Microsoft-Windows-WUSA"},"Security":{"@UserID":"S-1-5-21-131171808-3139395271-469146106-1000"},"Task":"0","TimeCreated":{"@SystemTime":"2016-03-05 15:51:20.343773"},"Version":"0"}}}
{"Event":{"@xmlns":"http://schemas.microsoft.com/win/2004/08/events/event","System":{"Channel":"Setup","Computer":"STOVEG-PC","Correlation":{"@ActivityID":"","@RelatedActivityID":""},"EventID":{"#text":"1","@Qualifiers":""},"EventRecordID":"130","Execution":{"@ProcessID":"5776","@ThreadID":"3892"},"Keywords":"0x8000000000000000","Level":"0","Opcode":"0","Provider":{"@Guid":"{bd12f3b8-fc40-4a61-a307-b7a013a069c1}","@Name":"Microsoft-Windows-Servicing"},"Security":{"@UserID":"S-1-5-18"},"Task":"0","TimeCreated":{"@SystemTime":"2016-03-05 15:51:32.775351"},"Version":"0"},"UserData":{"CbsPackageInitiateChanges":{"@xmlns":"http://manifests.microsoft.com/win/2004/08/windows/setup_provider","Client":"WindowsUpdateAgent","InitialPackageState":"Absent","IntendedPackageState":"Installed","PackageIdentifier":"KB2892074"}}}}
{"Event":{"@xmlns":"http://schemas.microsoft.com/win/2004/08/events/event","System":{"Channel":"Setup","Computer":"STOVEG-PC","Correlation":{"@ActivityID":"","@RelatedActivityID":""},"EventID":{"#text":"4","@Qualifiers":""},"EventRecordID":"131","Execution":{"@ProcessID":"5776","@ThreadID":"3892"},"Keywords":"0x8000000000000000","Level":"0","Opcode":"0","Provider":{"@Guid":"{bd12f3b8-fc40-4a61-a307-b7a013a069c1}","@Name":"Microsoft-Windows-Servicing"},"Security":{"@UserID":"S-1-5-18"},"Task":"0","TimeCreated":{"@SystemTime":"2016-03-05 15:51:53.652002"},"Version":"0"},"UserData":{"CbsPackageChangeState":{"@xmlns":"http://manifests.microsoft.com/win/2004/08/windows/setup_provider","Client":"WindowsUpdateAgent","ErrorCode":"0x0","IntendedPackageState":"Installed","PackageIdentifier":"KB2892074"}}}}
{"Event":{"@xmlns":"http://schemas.microsoft.com/win/2004/08/events/event","EventData":{"Data":[{"#text":"Windows 安全更新程序 (KB2892074)","@Name":"UpdateTitle"},{"#text":"C:\\Windows\\system32\\wusa.exe \"D:\\Program Files\\360\\360Safe\\hotfix\\Windows6.1-KB2892074-x64.msu\" /quiet /norestart","@Name":"CommandLine"}]},"System":{"Channel":"Setup","Computer":"STOVEG-PC","Correlation":{"@ActivityID":"","@RelatedActivityID":""},"EventID":{"#text":"4","@Qualifiers":""},"EventRecordID":"132","Execution":{"@ProcessID":"6044","@ThreadID":"5320"},"Keywords":"0x8000000000000000","Level":"3","Opcode":"0","Provider":{"@Guid":"{09608c12-c1da-4104-a6fe-b959cf57560a}","@Name":"Microsoft-Windows-WUSA"},"Security":{"@UserID":"S-1-5-21-131171808-3139395271-469146106-1000"},"Task":"0","TimeCreated":{"@SystemTime":"2016-03-05 15:51:54.676132"},"Version":"0"}}}
{"Event":{"@xmlns":"http://schemas.microsoft.com/win/2004/08/events/event","EventData":{"Data":[{"#text":"\"Windows 安全更新程序 (KB2892074)\"","@Name":"UpdateTitle"},{"#text":"C:\\Windows\\system32\\wusa.exe \"D:\\Program Files\\360\\360Safe\\hotfix\\Windows6.1-KB2892074-x64.msu\" /quiet /norestart","@Name":"CommandLine"}]},"System":{"Channel":"Setup","Computer":"STOVEG-PC","Correlation":{"@ActivityID":"","@RelatedActivityID":""},"EventID":{"#text":"2","@Qualifiers":""},"EventRecordID":"133","Execution":{"@ProcessID":"6044","@ThreadID":"7036"},"Keywords":"0x8000000000000000","Level":"4","Opcode":"0","Provider":{"@Guid":"{09608c12-c1da-4104-a6fe-b959cf57560a}","@Name":"Microsoft-Windows-WUSA"},"Security":{"@UserID":"S-1-5-21-131171808-3139395271-469146106-1000"},"Task":"0","TimeCreated":{"@SystemTime":"2016-03-05 15:51:54.704136"},"Version":"0"}}}
{"Event":{"@xmlns":"http://schemas.microsoft.com/win/2004/08/events/event","System":{"Channel":"Setup","Computer":"STOVEG-PC","Correlation":{"@ActivityID":"","@RelatedActivityID":""},"EventID":{"#text":"1","@Qualifiers":""},"EventRecordID":"134","Execution":{"@ProcessID":"5776","@ThreadID":"3892"},"Keywords":"0x8000000000000000","Level":"0","Opcode":"0","Provider":{"@Guid":"{bd12f3b8-fc40-4a61-a307-b7a013a069c1}","@Name":"Microsoft-Windows-Servicing"},"Security":{"@UserID":"S-1-5-18"},"Task":"0","TimeCreated":{"@SystemTime":"2016-03-05 15:52:08.895437"},"Version":"0"},"UserData":{"CbsPackageInitiateChanges":{"@xmlns":"http://manifests.microsoft.com/win/2004/08/windows/setup_provider","Client":"WindowsUpdateAgent","InitialPackageState":"Absent","IntendedPackageState":"Installed","PackageIdentifier":"KB2893294"}}}}
{"Event":{"@xmlns":"http://schemas.microsoft.com/win/2004/08/events/event","System":{"Channel":"Setup","Computer":"STOVEG-PC","Correlation":{"@ActivityID":"","@RelatedActivityID":""},"EventID":{"#text":"4","@Qualifiers":""},"EventRecordID":"135","Execution":{"@ProcessID":"5776","@ThreadID":"3892"},"Keywords":"0x8000000000000000","Level":"0","Opcode":"0","Provider":{"@Guid":"{bd12f3b8-fc40-4a61-a307-b7a013a069c1}","@Name":"Microsoft-Windows-Servicing"},"Security":{"@UserID":"S-1-5-18"},"Task":"0","TimeCreated":{"@SystemTime":"2016-03-05 15:52:30.045124"},"Version":"0"},"UserData":{"CbsPackageChangeState":{"@xmlns":"http://manifests.microsoft.com/win/2004/08/windows/setup_provider","Client":"WindowsUpdateAgent","ErrorCode":"0x0","IntendedPackageState":"Installed","PackageIdentifier":"KB2893294"}}}}
{"Event":{"@xmlns":"http://schemas.microsoft.com/win/2004/08/events/event","EventData":{"Data":[{"#text":"Windows 安全更新程序 (KB2893294)","@Name":"UpdateTitle"},{"#text":"C:\\Windows\\system32\\wusa.exe \"D:\\Program Files\\360\\360Safe\\hotfix\\Windows6.1-KB2893294-x64.msu\" /quiet /norestart","@Name":"CommandLine"}]},"System":{"Channel":"Setup","Computer":"STOVEG-PC","Correlation":{"@ActivityID":"","@RelatedActivityID":""},"EventID":{"#text":"4","@Qualifiers":""},"EventRecordID":"136","Execution":{"@ProcessID":"2692","@ThreadID":"7128"},"Keywords":"0x8000000000000000","Level":"3","Opcode":"0","Provider":{"@Guid":"{09608c12-c1da-4104-a6fe-b959cf57560a}","@Name":"Microsoft-Windows-WUSA"},"Security":{"@UserID":"S-1-5-21-131171808-3139395271-469146106-1000"},"Task":"0","TimeCreated":{"@SystemTime":"2016-03-05 15:52:30.726212"},"Version":"0"}}}
{"Event":{"@xmlns":"http://schemas.microsoft.com/win/2004/08/events/event","EventData":{"Data":[{"#text":"\"Windows 安全更新程序 (KB2893294)\"","@Name":"UpdateTitle"},{"#text":"C:\\Windows\\system32\\wusa.exe \"D:\\Program Files\\360\\360Safe\\hotfix\\Windows6.1-KB2893294-x64.msu\" /quiet /norestart","@Name":"CommandLine"}]},"System":{"Channel":"Setup","Computer":"STOVEG-PC","Correlation":{"@ActivityID":"","@RelatedActivityID":""},"EventID":{"#text":"2","@Qualifiers":""},"EventRecordID":"137","Execution":{"@ProcessID":"2692","@ThreadID":"4640"},"Keywords":"0x8000000000000000","Level":"4","Opcode":"0","Provider":{"@Guid":"{09608c12-c1da-4104-a6fe-b959cf57560a}","@Name":"Microsoft-Windows-WUSA"},"Security":{"@UserID":"S-1-5-21-131171808-3139395271-469146106-1000"},"Task":"0","TimeCreated":{"@SystemTime":"2016-03-05 15:52:30.752712"},"Version":"0"}}}
{"Event":{"@xmlns":"http://schemas.microsoft.com/win/2004/08/events/event","System":{"Channel":"Setup","Computer":"STOVEG-PC","Correlation":{"@ActivityID":"","@RelatedActivityID":""},"EventID":{"#text":"1","@Qualifiers":""},"EventRecordID":"138","Execution":{"@ProcessID":"5776","@ThreadID":"3892"},"Keywords":"0x8000000000000000","Level":"0","Opcode":"0","Provider":{"@Guid":"{bd12f3b8-fc40-4a61-a307-b7a013a069c1}","@Name":"Microsoft-Windows-Servicing"},"Security":{"@UserID":"S-1-5-18"},"Task":"0","TimeCreated":{"@SystemTime":"2016-03-05 15:52:43.435823"},"Version":"0"},"UserData":{"CbsPackageInitiateChanges":{"@xmlns":"http://manifests.microsoft.com/win/2004/08/windows/setup_provider","Client":"WindowsUpdateAgent","InitialPackageState":"Absent","IntendedPackageState":"Installed","PackageIdentifier":"KB2894844"}}}}
{"Event":{"@xmlns":"http://schemas.microsoft.com/win/2004/08/events/event","System":{"Channel":"Setup","Computer":"STOVEG-PC","Correlation":{"@ActivityID":"","@RelatedActivityID":""},"EventID":{"#text":"4","@Qualifiers":""},"EventRecordID":"139","Execution":{"@ProcessID":"5776","@ThreadID":"3892"},"Keywords":"0x8000000000000000","Level":"0","Opcode":"0","Provider":{"@Guid":"{bd12f3b8-fc40-4a61-a307-b7a013a069c1}","@Name":"Microsoft-Windows-Servicing"},"Security":{"@UserID":"S-1-5-18"},"Task":"0","TimeCreated":{"@SystemTime":"2016-03-05 15:53:17.274120"},"Version":"0"},"UserData":{"CbsPackageChangeState":{"@xmlns":"http://manifests.microsoft.com/win/2004/08/windows/setup_provider","Client":"WindowsUpdateAgent","ErrorCode":"0x0","IntendedPackageState":"Installed","PackageIdentifier":"KB2894844"}}}}
{"Event":{"@xmlns":"http://schemas.microsoft.com/win/2004/08/events/event","EventData":{"Data":[{"#text":"Windows 安全更新程序 (KB2894844)","@Name":"UpdateTitle"},{"#text":"C:\\Windows\\system32\\wusa.exe \"D:\\Program Files\\360\\360Safe\\hotfix\\Windows6.1-KB2894844-x64.msu\" /quiet /norestart","@Name":"CommandLine"}]},"System":{"Channel":"Setup","Computer":"STOVEG-PC","Correlation":{"@ActivityID":"","@RelatedActivityID":""},"EventID":{"#text":"4","@Qualifiers":""},"EventRecordID":"140","Execution":{"@ProcessID":"7052","@ThreadID":"4992"},"Keywords":"0x8000000000000000","Level":"3","Opcode":"0","Provider":{"@Guid":"{09608c12-c1da-4104-a6fe-b959cf57560a}","@Name":"Microsoft-Windows-WUSA"},"Security":{"@UserID":"S-1-5-21-131171808-3139395271-469146106-1000"},"Task":"0","TimeCreated":{"@SystemTime":"2016-03-05 15:53:17.824192"},"Version":"0"}}}
{"Event":{"@xmlns":"http://schemas.microsoft.com/win/2004/08/events/event","EventData":{"Data":[{"#text":"\"Windows 安全更新程序 (KB2894844)\"","@Name":"UpdateTitle"},{"#text":"C:\\Windows\\system32\\wusa.exe \"D:\\Program Files\\360\\360Safe\\hotfix\\Windows6.1-KB2894844-x64.msu\" /quiet /norestart","@Name":"CommandLine"}]},"System":{"Channel":"Setup","Computer":"STOVEG-PC","Correlation":{"@ActivityID":"","@RelatedActivityID":""},"EventID":{"#text":"2","@Qualifiers":""},"EventRecordID":"141","Execution":{"@ProcessID":"7052","@ThreadID":"5716"},"Keywords":"0x8000000000000000","Level":"4","Opcode":"0","Provider":{"@Guid":"{09608c12-c1da-4104-a6fe-b959cf57560a}","@Name":"Microsoft-Windows-WUSA"},"Security":{"@UserID":"S-1-5-21-131171808-3139395271-469146106-1000"},"Task":"0","TimeCreated":{"@SystemTime":"2016-03-05 15:53:17.847694"},"Version":"0"}}}
{"Event":{"@xmlns":"http://schemas.microsoft.com/win/2004/08/events/event","System":{"Channel":"Setup","Computer":"STOVEG-PC","Correlation":{"@ActivityID":"","@RelatedActivityID":""},"EventID":{"#text":"1","@Qualifiers":""},"EventRecordID":"142","Execution":{"@ProcessID":"5776","@ThreadID":"3892"},"Keywords":"0x8000000000000000","Level":"0","Opcode":"0","Provider":{"@Guid":"{bd12f3b8-fc40-4a61-a307-b7a013a069c1}","@Name":"Microsoft-Windows-Servicing"},"Security":{"@UserID":"S-1-5-18"},"Task":"0","TimeCreated":{"@SystemTime":"2016-03-05 15:53:31.069874"},"Version":"0"},"UserData":{"CbsPackageInitiateChanges":{"@xmlns":"http://manifests.microsoft.com/win/2004/08/windows/setup_provider","Client":"WindowsUpdateAgent","InitialPackageState":"Absent","IntendedPackageState":"Installed","PackageIdentifier":"KB2911501"}}}}
{"Event":{"@xmlns":"http://schemas.microsoft.com/win/2004/08/events/event","System":{"Channel":"Setup","Computer":"STOVEG-PC","Correlation":{"@ActivityID":"","@RelatedActivityID":""},"EventID":{"#text":"4","@Qualifiers":""},"EventRecordID":"143","Execution":{"@ProcessID":"5776","@ThreadID":"3892"},"Keywords":"0x8000000000000000","Level":"0","Opcode":"0","Provider":{"@Guid":"{bd12f3b8-fc40-4a61-a307-b7a013a069c1}","@Name":"Microsoft-Windows-Servicing"},"Security":{"@UserID":"S-1-5-18"},"Task":"0","TimeCreated":{"@SystemTime":"2016-03-05 15:53:55.954533"},"Version":"0"},"UserData":{"CbsPackageChangeState":{"@xmlns":"http://manifests.microsoft.com/win/2004/08/windows/setup_provider","Client":"WindowsUpdateAgent","ErrorCode":"0x0","IntendedPackageState":"Installed","PackageIdentifier":"KB2911501"}}}}
{"Event":{"@xmlns":"http://schemas.microsoft.com/win/2004/08/events/event","EventData":{"Data":[{"#text":"Windows 安全更新程序 (KB2911501)","@Name":"UpdateTitle"},{"#text":"C:\\Windows\\system32\\wusa.exe \"D:\\Program Files\\360\\360Safe\\hotfix\\Windows6.1-KB2911501-x64.msu\" /quiet /norestart","@Name":"CommandLine"}]},"System":{"Channel":"Setup","Computer":"STOVEG-PC","Correlation":{"@ActivityID":"","@RelatedActivityID":""},"EventID":{"#text":"4","@Qualifiers":""},"EventRecordID":"144","Execution":{"@ProcessID":"7024","@ThreadID":"4344"},"Keywords":"0x8000000000000000","Level":"3","Opcode":"0","Provider":{"@Guid":"{09608c12-c1da-4104-a6fe-b959cf57560a}","@Name":"Microsoft-Windows-WUSA"},"Security":{"@UserID":"S-1-5-21-131171808-3139395271-469146106-1000"},"Task":"0","TimeCreated":{"@SystemTime":"2016-03-05 15:53:56.458097"},"Version":"0"}}}
{"Event":{"@xmlns":"http://schemas.microsoft.com/win/2004/08/events/event","EventData":{"Data":[{"#text":"\"Windows 安全更新程序 (KB2911501)\"","@Name":"UpdateTitle"},{"#text":"C:\\Windows\\system32\\wusa.exe \"D:\\Program Files\\360\\360Safe\\hotfix\\Windows6.1-KB2911501-x64.msu\" /quiet /norestart","@Name":"CommandLine"}]},"System":{"Channel":"Setup","Computer":"STOVEG-PC","Correlation":{"@ActivityID":"","@RelatedActivityID":""},"EventID":{"#text":"2","@Qualifiers":""},"EventRecordID":"145","Execution":{"@ProcessID":"7024","@ThreadID":"6996"},"Keywords":"0x8000000000000000","Level":"4","Opcode":"0","Provider":{"@Guid":"{09608c12-c1da-4104-a6fe-b959cf57560a}","@Name":"Microsoft-Windows-WUSA"},"Security":{"@UserID":"S-1-5-21-131171808-3139395271-469146106-1000"},"Task":"0","TimeCreated":{"@SystemTime":"2016-03-05 15:53:56.478600"},"Version":"0"}}}
{"Event":{"@xmlns":"http://schemas.microsoft.com/win/2004/08/events/event","System":{"Channel":"Setup","Computer":"STOVEG-PC","Correlation":{"@ActivityID":"","@RelatedActivityID":""},"EventID":{"#text":"1","@Qualifiers":""},"EventRecordID":"146","Execution":{"@ProcessID":"5776","@ThreadID":"3892"},"Keywords":"0x8000000000000000","Level":"0","Opcode":"0","Provider":{"@Guid":"{bd12f3b8-fc40-4a61-a307-b7a013a069c1}","@Name":"Microsoft-Windows-Servicing"},"Security":{"@UserID":"S-1-5-18"},"Task":"0","TimeCreated":{"@SystemTime":"2016-03-05 15:54:09.936810"},"Version":"0"},"UserData":{"CbsPackageInitiateChanges":{"@xmlns":"http://manifests.microsoft.com/win/2004/08/windows/setup_provider","Client":"WindowsUpdateAgent","InitialPackageState":"Absent","IntendedPackageState":"Installed","PackageIdentifier":"KB2685811"}}}}
{"Event":{"@xmlns":"http://schemas.microsoft.com/win/2004/08/events/event","System":{"Channel":"Setup","Computer":"STOVEG-PC","Correlation":{"@ActivityID":"","@RelatedActivityID":""},"EventID":{"#text":"4","@Qualifiers":""},"EventRecordID":"147","Execution":{"@ProcessID":"5776","@ThreadID":"3892"},"Keywords":"0x8000000000000000","Level":"0","Opcode":"0","Provider":{"@Guid":"{bd12f3b8-fc40-4a61-a307-b7a013a069c1}","@Name":"Microsoft-Windows-Servicing"},"Security":{"@UserID":"S-1-5-18"},"Task":"0","TimeCreated":{"@SystemTime":"2016-03-05 15:55:05.668385"},"Version":"0"},"UserData":{"CbsPackageChangeState":{"@xmlns":"http://manifests.microsoft.com/win/2004/08/windows/setup_provider","Client":"WindowsUpdateAgent","ErrorCode":"0x0","IntendedPackageState":"Installed","PackageIdentifier":"KB2685811"}}}}
{"Event":{"@xmlns":"http://schemas.microsoft.com/win/2004/08/events/event","EventData":{"Data":[{"#text":"Windows 更新程序 (KB2685811)","@Name":"UpdateTitle"},{"#text":"C:\\Windows\\system32\\wusa.exe \"D:\\Program Files\\360\\360Safe\\hotfix\\kmdf-1.11-Win-6.1-x64.msu\" /quiet /norestart","@Name":"CommandLine"}]},"System":{"Channel":"Setup","Computer":"STOVEG-PC","Correlation":{"@ActivityID":"","@RelatedActivityID":""},"EventID":{"#text":"4","@Qualifiers":""},"EventRecordID":"148","Execution":{"@ProcessID":"6968","@ThreadID":"4680"},"Keywords":"0x8000000000000000","Level":"3","Opcode":"0","Provider":{"@Guid":"{09608c12-c1da-4104-a6fe-b959cf57560a}","@Name":"Microsoft-Windows-WUSA"},"Security":{"@UserID":"S-1-5-21-131171808-3139395271-469146106-1000"},"Task":"0","TimeCreated":{"@SystemTime":"2016-03-05 15:55:14.458000"},"Version":"0"}}}
{"Event":{"@xmlns":"http://schemas.microsoft.com/win/2004/08/events/event","EventData":{"Data":[{"#text":"\"Windows 更新程序 (KB2685811)\"","@Name":"UpdateTitle"},{"#text":"C:\\Windows\\system32\\wusa.exe \"D:\\Program Files\\360\\360Safe\\hotfix\\kmdf-1.11-Win-6.1-x64.msu\" /quiet /norestart","@Name":"CommandLine"}]},"System":{"Channel":"Setup","Computer":"STOVEG-PC","Correlation":{"@ActivityID":"","@RelatedActivityID":""},"EventID":{"#text":"2","@Qualifiers":""},"EventRecordID":"149","Execution":{"@ProcessID":"6968","@ThreadID":"120"},"Keywords":"0x8000000000000000","Level":"4","Opcode":"0","Provider":{"@Guid":"{09608c12-c1da-4104-a6fe-b959cf57560a}","@Name":"Microsoft-Windows-WUSA"},"Security":{"@UserID":"S-1-5-21-131171808-3139395271-469146106-1000"},"Task":"0","TimeCreated":{"@SystemTime":"2016-03-05 15:55:14.497005"},"Version":"0"}}}
{"Event":{"@xmlns":"http://schemas.microsoft.com/win/2004/08/events/event","System":{"Channel":"Setup","Computer":"STOVEG-PC","Correlation":{"@ActivityID":"","@RelatedActivityID":""},"EventID":{"#text":"1","@Qualifiers":""},"EventRecordID":"150","Execution":{"@ProcessID":"5776","@ThreadID":"3892"},"Keywords":"0x8000000000000000","Level":"0","Opcode":"0","Provider":{"@Guid":"{bd12f3b8-fc40-4a61-a307-b7a013a069c1}","@Name":"Microsoft-Windows-Servicing"},"Security":{"@UserID":"S-1-5-18"},"Task":"0","TimeCreated":{"@SystemTime":"2016-03-05 15:56:12.113823"},"Version":"0"},"UserData":{"CbsPackageInitiateChanges":{"@xmlns":"http://manifests.microsoft.com/win/2004/08/windows/setup_provider","Client":"WindowsUpdateAgent","InitialPackageState":"Absent","IntendedPackageState":"Installed","PackageIdentifier":"KB2871997"}}}}
{"Event":{"@xmlns":"http://schemas.microsoft.com/win/2004/08/events/event","System":{"Channel":"Setup","Computer":"STOVEG-PC","Correlation":{"@ActivityID":"","@RelatedActivityID":""},"EventID":{"#text":"4","@Qualifiers":""},"EventRecordID":"151","Execution":{"@ProcessID":"5776","@ThreadID":"3892"},"Keywords":"0x8000000000000000","Level":"0","Opcode":"0","Provider":{"@Guid":"{bd12f3b8-fc40-4a61-a307-b7a013a069c1}","@Name":"Microsoft-Windows-Servicing"},"Security":{"@UserID":"S-1-5-18"},"Task":"0","TimeCreated":{"@SystemTime":"2016-03-05 15:58:03.102917"},"Version":"0"},"UserData":{"CbsPackageChangeState":{"@xmlns":"http://manifests.microsoft.com/win/2004/08/windows/setup_provider","Client":"WindowsUpdateAgent","ErrorCode":"0x0","IntendedPackageState":"Installed","PackageIdentifier":"KB2871997"}}}}
{"Event":{"@xmlns":"http://schemas.microsoft.com/win/2004/08/events/event","EventData":{"Data":[{"#text":"Windows 安全更新程序 (KB2871997)","@Name":"UpdateTitle"},{"#text":"C:\\Windows\\system32\\wusa.exe \"D:\\Program Files\\360\\360Safe\\hotfix\\Windows6.1-KB2871997-v2-x64.msu\" /quiet /norestart","@Name":"CommandLine"}]},"System":{"Channel":"Setup","Computer":"STOVEG-PC","Correlation":{"@ActivityID":"","@RelatedActivityID":""},"EventID":{"#text":"4","@Qualifiers":""},"EventRecordID":"152","Execution":{"@ProcessID":"2964","@ThreadID":"4012"},"Keywords":"0x8000000000000000","Level":"3","Opcode":"0","Provider":{"@Guid":"{09608c12-c1da-4104-a6fe-b959cf57560a}","@Name":"Microsoft-Windows-WUSA"},"Security":{"@UserID":"S-1-5-21-131171808-3139395271-469146106-1000"},"Task":"0","TimeCreated":{"@SystemTime":"2016-03-05 15:58:05.503222"},"Version":"0"}}}
{"Event":{"@xmlns":"http://schemas.microsoft.com/win/2004/08/events/event","EventData":{"Data":[{"#text":"\"Windows 安全更新程序 (KB2871997)\"","@Name":"UpdateTitle"},{"#text":"C:\\Windows\\system32\\wusa.exe \"D:\\Program Files\\360\\360Safe\\hotfix\\Windows6.1-KB2871997-v2-x64.msu\" /quiet /norestart","@Name":"CommandLine"}]},"System":{"Channel":"Setup","Computer":"STOVEG-PC","Correlation":{"@ActivityID":"","@RelatedActivityID":""},"EventID":{"#text":"2","@Qualifiers":""},"EventRecordID":"153","Execution":{"@ProcessID":"2964","@ThreadID":"4264"},"Keywords":"0x8000000000000000","Level":"4","Opcode":"0","Provider":{"@Guid":"{09608c12-c1da-4104-a6fe-b959cf57560a}","@Name":"Microsoft-Windows-WUSA"},"Security":{"@UserID":"S-1-5-21-131171808-3139395271-469146106-1000"},"Task":"0","TimeCreated":{"@SystemTime":"2016-03-05 15:58:05.524223"},"Version":"0"}}}
{"Event":{"@xmlns":"http://schemas.microsoft.com/win/2004/08/events/event","System":{"Channel":"Setup","Computer":"STOVEG-PC","Correlation":{"@ActivityID":"","@RelatedActivityID":""},"EventID":{"#text":"1","@Qualifiers":""},"EventRecordID":"154","Execution":{"@ProcessID":"5776","@ThreadID":"3892"},"Keywords":"0x8000000000000000","Level":"0","Opcode":"0","Provider":{"@Guid":"{bd12f3b8-fc40-4a61-a307-b7a013a069c1}","@Name":"Microsoft-Windows-Servicing"},"Security":{"@UserID":"S-1-5-18"},"Task":"0","TimeCreated":{"@SystemTime":"2016-03-05 15:58:22.364363"},"Version":"0"},"UserData":{"CbsPackageInitiateChanges":{"@xmlns":"http://manifests.microsoft.com/win/2004/08/windows/setup_provider","Client":"WindowsUpdateAgent","InitialPackageState":"Absent","IntendedPackageState":"Installed","PackageIdentifier":"KB2931356"}}}}
{"Event":{"@xmlns":"http://schemas.microsoft.com/win/2004/08/events/event","System":{"Channel":"Setup","Computer":"STOVEG-PC","Correlation":{"@ActivityID":"","@RelatedActivityID":""},"EventID":{"#text":"4","@Qualifiers":""},"EventRecordID":"155","Execution":{"@ProcessID":"5776","@ThreadID":"3892"},"Keywords":"0x8000000000000000","Level":"0","Opcode":"0","Provider":{"@Guid":"{bd12f3b8-fc40-4a61-a307-b7a013a069c1}","@Name":"Microsoft-Windows-Servicing"},"Security":{"@UserID":"S-1-5-18"},"Task":"0","TimeCreated":{"@SystemTime":"2016-03-05 15:59:39.582668"},"Version":"0"},"UserData":{"CbsPackageChangeState":{"@xmlns":"http://manifests.microsoft.com/win/2004/08/windows/setup_provider","Client":"WindowsUpdateAgent","ErrorCode":"0x0","IntendedPackageState":"Installed","PackageIdentifier":"KB2931356"}}}}
{"Event":{"@xmlns":"http://schemas.microsoft.com/win/2004/08/events/event","EventData":{"Data":[{"#text":"Windows 安全更新程序 (KB2931356)","@Name":"UpdateTitle"},{"#text":"C:\\Windows\\system32\\wusa.exe \"D:\\Program Files\\360\\360Safe\\hotfix\\Windows6.1-KB2931356-x64.msu\" /quiet /norestart","@Name":"CommandLine"}]},"System":{"Channel":"Setup","Computer":"STOVEG-PC","Correlation":{"@ActivityID":"","@RelatedActivityID":""},"EventID":{"#text":"4","@Qualifiers":""},"EventRecordID":"156","Execution":{"@ProcessID":"5640","@ThreadID":"5636"},"Keywords":"0x8000000000000000","Level":"3","Opcode":"0","Provider":{"@Guid":"{09608c12-c1da-4104-a6fe-b959cf57560a}","@Name":"Microsoft-Windows-WUSA"},"Security":{"@UserID":"S-1-5-21-131171808-3139395271-469146106-1000"},"Task":"0","TimeCreated":{"@SystemTime":"2016-03-05 15:59:40.765318"},"Version":"0"}}}
{"Event":{"@xmlns":"http://schemas.microsoft.com/win/2004/08/events/event","EventData":{"Data":[{"#text":"\"Windows 安全更新程序 (KB2931356)\"","@Name":"UpdateTitle"},{"#text":"C:\\Windows\\system32\\wusa.exe \"D:\\Program Files\\360\\360Safe\\hotfix\\Windows6.1-KB2931356-x64.msu\" /quiet /norestart","@Name":"CommandLine"}]},"System":{"Channel":"Setup","Computer":"STOVEG-PC","Correlation":{"@ActivityID":"","@RelatedActivityID":""},"EventID":{"#text":"2","@Qualifiers":""},"EventRecordID":"157","Execution":{"@ProcessID":"5640","@ThreadID":"7160"},"Keywords":"0x8000000000000000","Level":"4","Opcode":"0","Provider":{"@Guid":"{09608c12-c1da-4104-a6fe-b959cf57560a}","@Name":"Microsoft-Windows-WUSA"},"Security":{"@UserID":"S-1-5-21-131171808-3139395271-469146106-1000"},"Task":"0","TimeCreated":{"@SystemTime":"2016-03-05 15:59:40.905836"},"Version":"0"}}}
{"Event":{"@xmlns":"http://schemas.microsoft.com/win/2004/08/events/event","System":{"Channel":"Setup","Computer":"STOVEG-PC","Correlation":{"@ActivityID":"","@RelatedActivityID":""},"EventID":{"#text":"1","@Qualifiers":""},"EventRecordID":"158","Execution":{"@ProcessID":"5776","@ThreadID":"3892"},"Keywords":"0x8000000000000000","Level":"0","Opcode":"0","Provider":{"@Guid":"{bd12f3b8-fc40-4a61-a307-b7a013a069c1}","@Name":"Microsoft-Windows-Servicing"},"Security":{"@UserID":"S-1-5-18"},"Task":"0","TimeCreated":{"@SystemTime":"2016-03-05 15:59:54.625578"},"Version":"0"},"UserData":{"CbsPackageInitiateChanges":{"@xmlns":"http://manifests.microsoft.com/win/2004/08/windows/setup_provider","Client":"WindowsUpdateAgent","InitialPackageState":"Absent","IntendedPackageState":"Installed","PackageIdentifier":"KB2957189"}}}}
{"Event":{"@xmlns":"http://schemas.microsoft.com/win/2004/08/events/event","System":{"Channel":"Setup","Computer":"STOVEG-PC","Correlation":{"@ActivityID":"","@RelatedActivityID":""},"EventID":{"#text":"4","@Qualifiers":""},"EventRecordID":"159","Execution":{"@ProcessID":"5776","@ThreadID":"3892"},"Keywords":"0x8000000000000000","Level":"0","Opcode":"0","Provider":{"@Guid":"{bd12f3b8-fc40-4a61-a307-b7a013a069c1}","@Name":"Microsoft-Windows-Servicing"},"Security":{"@UserID":"S-1-5-18"},"Task":"0","TimeCreated":{"@SystemTime":"2016-03-05 16:00:21.334969"},"Version":"0"},"UserData":{"CbsPackageChangeState":{"@xmlns":"http://manifests.microsoft.com/win/2004/08/windows/setup_provider","Client":"WindowsUpdateAgent","ErrorCode":"0x0","IntendedPackageState":"Installed","PackageIdentifier":"KB2957189"}}}}
{"Event":{"@xmlns":"http://schemas.microsoft.com/win/2004/08/events/event","EventData":{"Data":[{"#text":"Windows 安全更新程序 (KB2957189)","@Name":"UpdateTitle"},{"#text":"C:\\Windows\\system32\\wusa.exe \"D:\\Program Files\\360\\360Safe\\hotfix\\Windows6.1-KB2957189-x64.msu\" /quiet /norestart","@Name":"CommandLine"}]},"System":{"Channel":"Setup","Computer":"STOVEG-PC","Correlation":{"@ActivityID":"","@RelatedActivityID":""},"EventID":{"#text":"4","@Qualifiers":""},"EventRecordID":"160","Execution":{"@ProcessID":"2232","@ThreadID":"6524"},"Keywords":"0x8000000000000000","Level":"3","Opcode":"0","Provider":{"@Guid":"{09608c12-c1da-4104-a6fe-b959cf57560a}","@Name":"Microsoft-Windows-WUSA"},"Security":{"@UserID":"S-1-5-21-131171808-3139395271-469146106-1000"},"Task":"0","TimeCreated":{"@SystemTime":"2016-03-05 16:00:22.538122"},"Version":"0"}}}
{"Event":{"@xmlns":"http://schemas.microsoft.com/win/2004/08/events/event","EventData":{"Data":[{"#text":"\"Windows 安全更新程序 (KB2957189)\"","@Name":"UpdateTitle"},{"#text":"C:\\Windows\\system32\\wusa.exe \"D:\\Program Files\\360\\360Safe\\hotfix\\Windows6.1-KB2957189-x64.msu\" /quiet /norestart","@Name":"CommandLine"}]},"System":{"Channel":"Setup","Computer":"STOVEG-PC","Correlation":{"@ActivityID":"","@RelatedActivityID":""},"EventID":{"#text":"2","@Qualifiers":""},"EventRecordID":"161","Execution":{"@ProcessID":"2232","@ThreadID":"5960"},"Keywords":"0x8000000000000000","Level":"4","Opcode":"0","Provider":{"@Guid":"{09608c12-c1da-4104-a6fe-b959cf57560a}","@Name":"Microsoft-Windows-WUSA"},"Security":{"@UserID":"S-1-5-21-131171808-3139395271-469146106-1000"},"Task":"0","TimeCreated":{"@SystemTime":"2016-03-05 16:00:22.579628"},"Version":"0"}}}
{"Event":{"@xmlns":"http://schemas.microsoft.com/win/2004/08/events/event","System":{"Channel":"Setup","Computer":"STOVEG-PC","Correlation":{"@ActivityID":"","@RelatedActivityID":""},"EventID":{"#text":"1","@Qualifiers":""},"EventRecordID":"162","Execution":{"@ProcessID":"5776","@ThreadID":"3892"},"Keywords":"0x8000000000000000","Level":"0","Opcode":"0","Provider":{"@Guid":"{bd12f3b8-fc40-4a61-a307-b7a013a069c1}","@Name":"Microsoft-Windows-Servicing"},"Security":{"@UserID":"S-1-5-18"},"Task":"0","TimeCreated":{"@SystemTime":"2016-03-05 16:00:39.010715"},"Version":"0"},"UserData":{"CbsPackageInitiateChanges":{"@xmlns":"http://manifests.microsoft.com/win/2004/08/windows/setup_provider","Client":"WindowsUpdateAgent","InitialPackageState":"Absent","IntendedPackageState":"Installed","PackageIdentifier":"KB2957503"}}}}
{"Event":{"@xmlns":"http://schemas.microsoft.com/win/2004/08/events/event","System":{"Channel":"Setup","Computer":"STOVEG-PC","Correlation":{"@ActivityID":"","@RelatedActivityID":""},"EventID":{"#text":"4","@Qualifiers":""},"EventRecordID":"163","Execution":{"@ProcessID":"5776","@ThreadID":"3892"},"Keywords":"0x8000000000000000","Level":"0","Opcode":"0","Provider":{"@Guid":"{bd12f3b8-fc40-4a61-a307-b7a013a069c1}","@Name":"Microsoft-Windows-Servicing"},"Security":{"@UserID":"S-1-5-18"},"Task":"0","TimeCreated":{"@SystemTime":"2016-03-05 16:01:07.347813"},"Version":"0"},"UserData":{"CbsPackageChangeState":{"@xmlns":"http://manifests.microsoft.com/win/2004/08/windows/setup_provider","Client":"WindowsUpdateAgent","ErrorCode":"0x0","IntendedPackageState":"Installed","PackageIdentifier":"KB2957503"}}}}
{"Event":{"@xmlns":"http://schemas.microsoft.com/win/2004/08/events/event","EventData":{"Data":[{"#text":"Windows 安全更新程序 (KB2957503)","@Name":"UpdateTitle"},{"#text":"C:\\Windows\\system32\\wusa.exe \"D:\\Program Files\\360\\360Safe\\hotfix\\Windows6.1-KB2957503-x64.msu\" /quiet /norestart","@Name":"CommandLine"}]},"System":{"Channel":"Setup","Computer":"STOVEG-PC","Correlation":{"@ActivityID":"","@RelatedActivityID":""},"EventID":{"#text":"4","@Qualifiers":""},"EventRecordID":"164","Execution":{"@ProcessID":"4860","@ThreadID":"5364"},"Keywords":"0x8000000000000000","Level":"3","Opcode":"0","Provider":{"@Guid":"{09608c12-c1da-4104-a6fe-b959cf57560a}","@Name":"Microsoft-Windows-WUSA"},"Security":{"@UserID":"S-1-5-21-131171808-3139395271-469146106-1000"},"Task":"0","TimeCreated":{"@SystemTime":"2016-03-05 16:01:08.008396"},"Version":"0"}}}
{"Event":{"@xmlns":"http://schemas.microsoft.com/win/2004/08/events/event","EventData":{"Data":[{"#text":"\"Windows 安全更新程序 (KB2957503)\"","@Name":"UpdateTitle"},{"#text":"C:\\Windows\\system32\\wusa.exe \"D:\\Program Files\\360\\360Safe\\hotfix\\Windows6.1-KB2957503-x64.msu\" /quiet /norestart","@Name":"CommandLine"}]},"System":{"Channel":"Setup","Computer":"STOVEG-PC","Correlation":{"@ActivityID":"","@RelatedActivityID":""},"EventID":{"#text":"2","@Qualifiers":""},"EventRecordID":"165","Execution":{"@ProcessID":"4860","@ThreadID":"3116"},"Keywords":"0x8000000000000000","Level":"4","Opcode":"0","Provider":{"@Guid":"{09608c12-c1da-4104-a6fe-b959cf57560a}","@Name":"Microsoft-Windows-WUSA"},"Security":{"@UserID":"S-1-5-21-131171808-3139395271-469146106-1000"},"Task":"0","TimeCreated":{"@SystemTime":"2016-03-05 16:01:08.038900"},"Version":"0"}}}
{"Event":{"@xmlns":"http://schemas.microsoft.com/win/2004/08/events/event","System":{"Channel":"Setup","Computer":"STOVEG-PC","Correlation":{"@ActivityID":"","@RelatedActivityID":""},"EventID":{"#text":"1","@Qualifiers":""},"EventRecordID":"166","Execution":{"@ProcessID":"5776","@ThreadID":"3892"},"Keywords":"0x8000000000000000","Level":"0","Opcode":"0","Provider":{"@Guid":"{bd12f3b8-fc40-4a61-a307-b7a013a069c1}","@Name":"Microsoft-Windows-Servicing"},"Security":{"@UserID":"S-1-5-18"},"Task":"0","TimeCreated":{"@SystemTime":"2016-03-05 16:01:20.990545"},"Version":"0"},"UserData":{"CbsPackageInitiateChanges":{"@xmlns":"http://manifests.microsoft.com/win/2004/08/windows/setup_provider","Client":"WindowsUpdateAgent","InitialPackageState":"Absent","IntendedPackageState":"Installed","PackageIdentifier":"KB2965788"}}}}
{"Event":{"@xmlns":"http://schemas.microsoft.com/win/2004/08/events/event","System":{"Channel":"Setup","Computer":"STOVEG-PC","Correlation":{"@ActivityID":"","@RelatedActivityID":""},"EventID":{"#text":"4","@Qualifiers":""},"EventRecordID":"167","Execution":{"@ProcessID":"5776","@ThreadID":"3892"},"Keywords":"0x8000000000000000","Level":"0","Opcode":"0","Provider":{"@Guid":"{bd12f3b8-fc40-4a61-a307-b7a013a069c1}","@Name":"Microsoft-Windows-Servicing"},"Security":{"@UserID":"S-1-5-18"},"Task":"0","TimeCreated":{"@SystemTime":"2016-03-05 16:01:45.974216"},"Version":"0"},"UserData":{"CbsPackageChangeState":{"@xmlns":"http://manifests.microsoft.com/win/2004/08/windows/setup_provider","Client":"WindowsUpdateAgent","ErrorCode":"0x0","IntendedPackageState":"Installed","PackageIdentifier":"KB2965788"}}}}
{"Event":{"@xmlns":"http://schemas.microsoft.com/win/2004/08/events/event","EventData":{"Data":[{"#text":"Windows 安全更新程序 (KB2965788)","@Name":"UpdateTitle"},{"#text":"C:\\Windows\\system32\\wusa.exe \"D:\\Program Files\\360\\360Safe\\hotfix\\Windows6.1-KB2965788-x64.msu\" /quiet /norestart","@Name":"CommandLine"}]},"System":{"Channel":"Setup","Computer":"STOVEG-PC","Correlation":{"@ActivityID":"","@RelatedActivityID":""},"EventID":{"#text":"4","@Qualifiers":""},"EventRecordID":"168","Execution":{"@ProcessID":"2484","@ThreadID":"6132"},"Keywords":"0x8000000000000000","Level":"3","Opcode":"0","Provider":{"@Guid":"{09608c12-c1da-4104-a6fe-b959cf57560a}","@Name":"Microsoft-Windows-WUSA"},"Security":{"@UserID":"S-1-5-21-131171808-3139395271-469146106-1000"},"Task":"0","TimeCreated":{"@SystemTime":"2016-03-05 16:01:46.570793"},"Version":"0"}}}
{"Event":{"@xmlns":"http://schemas.microsoft.com/win/2004/08/events/event","EventData":{"Data":[{"#text":"\"Windows 安全更新程序 (KB2965788)\"","@Name":"UpdateTitle"},{"#text":"C:\\Windows\\system32\\wusa.exe \"D:\\Program Files\\360\\360Safe\\hotfix\\Windows6.1-KB2965788-x64.msu\" /quiet /norestart","@Name":"CommandLine"}]},"System":{"Channel":"Setup","Computer":"STOVEG-PC","Correlation":{"@ActivityID":"","@RelatedActivityID":""},"EventID":{"#text":"2","@Qualifiers":""},"EventRecordID":"169","Execution":{"@ProcessID":"2484","@ThreadID":"4424"},"Keywords":"0x8000000000000000","Level":"4","Opcode":"0","Provider":{"@Guid":"{09608c12-c1da-4104-a6fe-b959cf57560a}","@Name":"Microsoft-Windows-WUSA"},"Security":{"@UserID":"S-1-5-21-131171808-3139395271-469146106-1000"},"Task":"0","TimeCreated":{"@SystemTime":"2016-03-05 16:01:46.610298"},"Version":"0"}}}
{"Event":{"@xmlns":"http://schemas.microsoft.com/win/2004/08/events/event","System":{"Channel":"Setup","Computer":"STOVEG-PC","Correlation":{"@ActivityID":"","@RelatedActivityID":""},"EventID":{"#text":"1","@Qualifiers":""},"EventRecordID":"170","Execution":{"@ProcessID":"5776","@ThreadID":"3892"},"Keywords":"0x8000000000000000","Level":"0","Opcode":"0","Provider":{"@Guid":"{bd12f3b8-fc40-4a61-a307-b7a013a069c1}","@Name":"Microsoft-Windows-Servicing"},"Security":{"@UserID":"S-1-5-18"},"Task":"0","TimeCreated":{"@SystemTime":"2016-03-05 16:02:01.051132"},"Version":"0"},"UserData":{"CbsPackageInitiateChanges":{"@xmlns":"http://manifests.microsoft.com/win/2004/08/windows/setup_provider","Client":"WindowsUpdateAgent","InitialPackageState":"Absent","IntendedPackageState":"Installed","PackageIdentifier":"KB2972280"}}}}
{"Event":{"@xmlns":"http://schemas.microsoft.com/win/2004/08/events/event","System":{"Channel":"Setup","Computer":"STOVEG-PC","Correlation":{"@ActivityID":"","@RelatedActivityID":""},"EventID":{"#text":"4","@Qualifiers":""},"EventRecordID":"171","Execution":{"@ProcessID":"5776","@ThreadID":"3892"},"Keywords":"0x8000000000000000","Level":"0","Opcode":"0","Provider":{"@Guid":"{bd12f3b8-fc40-4a61-a307-b7a013a069c1}","@Name":"Microsoft-Windows-Servicing"},"Security":{"@UserID":"S-1-5-18"},"Task":"0","TimeCreated":{"@SystemTime":"2016-03-05 16:02:27.356972"},"Version":"0"},"UserData":{"CbsPackageChangeState":{"@xmlns":"http://manifests.microsoft.com/win/2004/08/windows/setup_provider","Client":"WindowsUpdateAgent","ErrorCode":"0x0","IntendedPackageState":"Installed","PackageIdentifier":"KB2972280"}}}}
{"Event":{"@xmlns":"http://schemas.microsoft.com/win/2004/08/events/event","EventData":{"Data":[{"#text":"Windows 安全更新程序 (KB2972280)","@Name":"UpdateTitle"},{"#text":"C:\\Windows\\system32\\wusa.exe \"D:\\Program Files\\360\\360Safe\\hotfix\\Windows6.1-KB2972280-x64.msu\" /quiet /norestart","@Name":"CommandLine"}]},"System":{"Channel":"Setup","Computer":"STOVEG-PC","Correlation":{"@ActivityID":"","@RelatedActivityID":""},"EventID":{"#text":"4","@Qualifiers":""},"EventRecordID":"172","Execution":{"@ProcessID":"5136","@ThreadID":"3300"},"Keywords":"0x8000000000000000","Level":"3","Opcode":"0","Provider":{"@Guid":"{09608c12-c1da-4104-a6fe-b959cf57560a}","@Name":"Microsoft-Windows-WUSA"},"Security":{"@UserID":"S-1-5-21-131171808-3139395271-469146106-1000"},"Task":"0","TimeCreated":{"@SystemTime":"2016-03-05 16:02:28.168076"},"Version":"0"}}}
{"Event":{"@xmlns":"http://schemas.microsoft.com/win/2004/08/events/event","EventData":{"Data":[{"#text":"\"Windows 安全更新程序 (KB2972280)\"","@Name":"UpdateTitle"},{"#text":"C:\\Windows\\system32\\wusa.exe \"D:\\Program Files\\360\\360Safe\\hotfix\\Windows6.1-KB2972280-x64.msu\" /quiet /norestart","@Name":"CommandLine"}]},"System":{"Channel":"Setup","Computer":"STOVEG-PC","Correlation":{"@ActivityID":"","@RelatedActivityID":""},"EventID":{"#text":"2","@Qualifiers":""},"EventRecordID":"173","Execution":{"@ProcessID":"5136","@ThreadID":"6556"},"Keywords":"0x8000000000000000","Level":"4","Opcode":"0","Provider":{"@Guid":"{09608c12-c1da-4104-a6fe-b959cf57560a}","@Name":"Microsoft-Windows-WUSA"},"Security":{"@UserID":"S-1-5-21-131171808-3139395271-469146106-1000"},"Task":"0","TimeCreated":{"@SystemTime":"2016-03-05 16:02:28.188078"},"Version":"0"}}}
{"Event":{"@xmlns":"http://schemas.microsoft.com/win/2004/08/events/event","System":{"Channel":"Setup","Computer":"STOVEG-PC","Correlation":{"@ActivityID":"","@RelatedActivityID":""},"EventID":{"#text":"1","@Qualifiers":""},"EventRecordID":"174","Execution":{"@ProcessID":"5776","@ThreadID":"3892"},"Keywords":"0x8000000000000000","Level":"0","Opcode":"0","Provider":{"@Guid":"{bd12f3b8-fc40-4a61-a307-b7a013a069c1}","@Name":"Microsoft-Windows-Servicing"},"Security":{"@UserID":"S-1-5-18"},"Task":"0","TimeCreated":{"@SystemTime":"2016-03-05 16:02:40.858187"},"Version":"0"},"UserData":{"CbsPackageInitiateChanges":{"@xmlns":"http://manifests.microsoft.com/win/2004/08/windows/setup_provider","Client":"WindowsUpdateAgent","InitialPackageState":"Absent","IntendedPackageState":"Installed","PackageIdentifier":"KB2973201"}}}}
{"Event":{"@xmlns":"http://schemas.microsoft.com/win/2004/08/events/event","System":{"Channel":"Setup","Computer":"STOVEG-PC","Correlation":{"@ActivityID":"","@RelatedActivityID":""},"EventID":{"#text":"4","@Qualifiers":""},"EventRecordID":"175","Execution":{"@ProcessID":"5776","@ThreadID":"3892"},"Keywords":"0x8000000000000000","Level":"0","Opcode":"0","Provider":{"@Guid":"{bd12f3b8-fc40-4a61-a307-b7a013a069c1}","@Name":"Microsoft-Windows-Servicing"},"Security":{"@UserID":"S-1-5-18"},"Task":"0","TimeCreated":{"@SystemTime":"2016-03-05 16:03:21.569357"},"Version":"0"},"UserData":{"CbsPackageChangeState":{"@xmlns":"http://manifests.microsoft.com/win/2004/08/windows/setup_provider","Client":"WindowsUpdateAgent","ErrorCode":"0x0","IntendedPackageState":"Installed","PackageIdentifier":"KB2973201"}}}}
{"Event":{"@xmlns":"http://schemas.microsoft.com/win/2004/08/events/event","EventData":{"Data":[{"#text":"Windows 安全更新程序 (KB2973201)","@Name":"UpdateTitle"},{"#text":"C:\\Windows\\system32\\wusa.exe \"D:\\Program Files\\360\\360Safe\\hotfix\\Windows6.1-KB2973201-x64.msu\" /quiet /norestart","@Name":"CommandLine"}]},"System":{"Channel":"Setup","Computer":"STOVEG-PC","Correlation":{"@ActivityID":"","@RelatedActivityID":""},"EventID":{"#text":"4","@Qualifiers":""},"EventRecordID":"176","Execution":{"@ProcessID":"5752","@ThreadID":"2080"},"Keywords":"0x8000000000000000","Level":"3","Opcode":"0","Provider":{"@Guid":"{09608c12-c1da-4104-a6fe-b959cf57560a}","@Name":"Microsoft-Windows-WUSA"},"Security":{"@UserID":"S-1-5-21-131171808-3139395271-469146106-1000"},"Task":"0","TimeCreated":{"@SystemTime":"2016-03-05 16:03:22.206438"},"Version":"0"}}}
{"Event":{"@xmlns":"http://schemas.microsoft.com/win/2004/08/events/event","EventData":{"Data":[{"#text":"\"Windows 安全更新程序 (KB2973201)\"","@Name":"UpdateTitle"},{"#text":"C:\\Windows\\system32\\wusa.exe \"D:\\Program Files\\360\\360Safe\\hotfix\\Windows6.1-KB2973201-x64.msu\" /quiet /norestart","@Name":"CommandLine"}]},"System":{"Channel":"Setup","Computer":"STOVEG-PC","Correlation":{"@ActivityID":"","@RelatedActivityID":""},"EventID":{"#text":"2","@Qualifiers":""},"EventRecordID":"177","Execution":{"@ProcessID":"5752","@ThreadID":"4892"},"Keywords":"0x8000000000000000","Level":"4","Opcode":"0","Provider":{"@Guid":"{09608c12-c1da-4104-a6fe-b959cf57560a}","@Name":"Microsoft-Windows-WUSA"},"Security":{"@UserID":"S-1-5-21-131171808-3139395271-469146106-1000"},"Task":"0","TimeCreated":{"@SystemTime":"2016-03-05 16:03:22.226439"},"Version":"0"}}}
{"Event":{"@xmlns":"http://schemas.microsoft.com/win/2004/08/events/event","System":{"Channel":"Setup","Computer":"STOVEG-PC","Correlation":{"@ActivityID":"","@RelatedActivityID":""},"EventID":{"#text":"1","@Qualifiers":""},"EventRecordID":"178","Execution":{"@ProcessID":"5776","@ThreadID":"3892"},"Keywords":"0x8000000000000000","Level":"0","Opcode":"0","Provider":{"@Guid":"{bd12f3b8-fc40-4a61-a307-b7a013a069c1}","@Name":"Microsoft-Windows-Servicing"},"Security":{"@UserID":"S-1-5-18"},"Task":"0","TimeCreated":{"@SystemTime":"2016-03-05 16:03:43.023081"},"Version":"0"},"UserData":{"CbsPackageInitiateChanges":{"@xmlns":"http://manifests.microsoft.com/win/2004/08/windows/setup_provider","Client":"WindowsUpdateAgent","InitialPackageState":"Absent","IntendedPackageState":"Installed","PackageIdentifier":"KB2973351"}}}}
{"Event":{"@xmlns":"http://schemas.microsoft.com/win/2004/08/events/event","System":{"Channel":"Setup","Computer":"STOVEG-PC","Correlation":{"@ActivityID":"","@RelatedActivityID":""},"EventID":{"#text":"4","@Qualifiers":""},"EventRecordID":"179","Execution":{"@ProcessID":"5776","@ThreadID":"3892"},"Keywords":"0x8000000000000000","Level":"0","Opcode":"0","Provider":{"@Guid":"{bd12f3b8-fc40-4a61-a307-b7a013a069c1}","@Name":"Microsoft-Windows-Servicing"},"Security":{"@UserID":"S-1-5-18"},"Task":"0","TimeCreated":{"@SystemTime":"2016-03-05 16:04:51.473774"},"Version":"0"},"UserData":{"CbsPackageChangeState":{"@xmlns":"http://manifests.microsoft.com/win/2004/08/windows/setup_provider","Client":"WindowsUpdateAgent","ErrorCode":"0x0","IntendedPackageState":"Installed","PackageIdentifier":"KB2973351"}}}}
